#
# A fatal error has been detected by the Java Runtime Environment:
#
#  SIGBUS (0xa) at pc=0x00000001060ee424, pid=74278, tid=35843
#
# JRE version: OpenJDK Runtime Environment Zulu15.36+13-CA (15.0.5+3) (build 15.0.5+3-MTS)
# Java VM: OpenJDK 64-Bit Server VM Zulu15.36+13-CA (15.0.5+3-MTS, mixed mode, tiered, compressed oops, g1 gc, bsd-aarch64)
# Problematic frame:
# V  [libjvm.dylib+0x88a424]  MarkActivationClosure::do_code_blob(CodeBlob*)+0x3c
#
# No core dump will be written. Core dumps have been disabled. To enable core dumping, try "ulimit -c unlimited" before starting Java again
#
# If you would like to submit a bug report, please visit:
#   http://www.azul.com/support/
#

---------------  S U M M A R Y ------------

Command Line: -agentlib:jdwp=transport=dt_socket,address=127.0.0.1:54737,suspend=y,server=n -javaagent:/Users/xiu0327/Library/Caches/JetBrains/IdeaIC2022.1/captureAgent/debugger-agent.jar -Dfile.encoding=UTF-8 numble.karrot.KarrotApplication

Host: MacBookPro17,1 arm64 1 MHz, 8 cores, 16G, Darwin 22.1.0
Time: Sun Jan  8 05:45:43 2023 KST elapsed time: 3.070259 seconds (0d 0h 0m 3s)

---------------  T H R E A D  ---------------

Current thread (0x000000011c8b0000):  JavaThread "restartedMain" [_thread_in_vm, id=35843, stack(0x000000016eb6c000,0x000000016ed6f000)]

Stack: [0x000000016eb6c000,0x000000016ed6f000],  sp=0x000000016ed6a1c0,  free space=2040k
Native frames: (J=compiled Java code, A=aot compiled Java code, j=interpreted, Vv=VM code, C=native code)
V  [libjvm.dylib+0x88a424]  MarkActivationClosure::do_code_blob(CodeBlob*)+0x3c
V  [libjvm.dylib+0x8c5c68]  JavaThread::nmethods_do(CodeBlobClosure*)+0x80
V  [libjvm.dylib+0x389c0c]  HandshakeState::process_self_inner()+0x170
V  [libjvm.dylib+0x79dd6c]  SafepointMechanism::block_if_requested_slow(JavaThread*)+0x74
V  [libjvm.dylib+0x8c5334]  JavaThread::check_safepoint_and_suspend_for_native_trans(JavaThread*)+0x58
V  [libjvm.dylib+0x5915a0]  JvmtiEnv::GetThreadLocalStorage(_jobject*, void**)+0xec
C  [libjdwp.dylib+0x21050]  findThread+0x84
C  [libjdwp.dylib+0x224bc]  threadControl_onEventHandlerEntry+0x68
C  [libjdwp.dylib+0x17dc4]  event_callback+0x198
C  [libjdwp.dylib+0x15934]  cbClassPrepare+0xc0
V  [libjvm.dylib+0x5a3e0c]  JvmtiExport::post_class_prepare(JavaThread*, Klass*)+0x2c8
V  [libjvm.dylib+0x3c1ea8]  InstanceKlass::link_class_impl(Thread*)+0x3c8
V  [libjvm.dylib+0x3c1f94]  InstanceKlass::initialize_impl(Thread*)+0x58
V  [libjvm.dylib+0x5f1170]  LinkResolver::resolve_static_call(CallInfo&, LinkInfo const&, bool, Thread*)+0x78
V  [libjvm.dylib+0x5f2f90]  LinkResolver::resolve_invoke(CallInfo&, Handle, constantPoolHandle const&, int, Bytecodes::Code, Thread*)+0xac
V  [libjvm.dylib+0x3d9f88]  InterpreterRuntime::resolve_invoke(JavaThread*, Bytecodes::Code)+0x250
V  [libjvm.dylib+0x3da590]  InterpreterRuntime::resolve_from_cache(JavaThread*, Bytecodes::Code)+0x7c
j  sun.security.ssl.TrustManagerFactoryImpl.engineInit(Ljava/security/KeyStore;)V+6 java.base@15.0.5
j  javax.net.ssl.TrustManagerFactory.init(Ljava/security/KeyStore;)V+5 java.base@15.0.5
j  sun.security.ssl.SSLContextImpl.engineInit([Ljavax/net/ssl/KeyManager;[Ljavax/net/ssl/TrustManager;Ljava/security/SecureRandom;)V+32 java.base@15.0.5
j  javax.net.ssl.SSLContext.init([Ljavax/net/ssl/KeyManager;[Ljavax/net/ssl/TrustManager;Ljava/security/SecureRandom;)V+7 java.base@15.0.5
j  com.amazonaws.internal.SdkSSLContext.getPreferredSSLContext([Ljavax/net/ssl/KeyManager;Ljava/security/SecureRandom;)Ljavax/net/ssl/SSLContext;+10
j  com.amazonaws.http.apache.client.impl.ApacheConnectionManagerFactory.getPreferredSocketFactory(Lcom/amazonaws/http/settings/HttpClientSettings;)Lorg/apache/http/conn/socket/ConnectionSocketFactory;+29
j  com.amazonaws.http.apache.client.impl.ApacheConnectionManagerFactory.create(Lcom/amazonaws/http/settings/HttpClientSettings;)Lorg/apache/http/conn/HttpClientConnectionManager;+2
j  com.amazonaws.http.apache.client.impl.ApacheConnectionManagerFactory.create(Lcom/amazonaws/http/settings/HttpClientSettings;)Ljava/lang/Object;+2
j  com.amazonaws.http.apache.client.impl.ApacheHttpClientFactory.create(Lcom/amazonaws/http/settings/HttpClientSettings;)Lcom/amazonaws/http/apache/client/impl/ConnectionManagerAwareHttpClient;+9
j  com.amazonaws.http.apache.client.impl.ApacheHttpClientFactory.create(Lcom/amazonaws/http/settings/HttpClientSettings;)Ljava/lang/Object;+2
j  com.amazonaws.http.AmazonHttpClient.<init>(Lcom/amazonaws/ClientConfiguration;Lcom/amazonaws/retry/v2/RetryPolicy;Lcom/amazonaws/metrics/RequestMetricCollector;ZZ)V+23
j  com.amazonaws.http.AmazonHttpClient.<init>(Lcom/amazonaws/ClientConfiguration;Lcom/amazonaws/metrics/RequestMetricCollector;ZZ)V+7
j  com.amazonaws.AmazonWebServiceClient.<init>(Lcom/amazonaws/client/AwsSyncClientParams;Ljava/lang/Boolean;)V+89
j  com.amazonaws.AmazonWebServiceClient.<init>(Lcom/amazonaws/client/AwsSyncClientParams;)V+3
j  com.amazonaws.services.s3.AmazonS3Client.<init>(Lcom/amazonaws/services/s3/AmazonS3ClientParams;)V+5
j  com.amazonaws.services.s3.AmazonS3Builder$1.apply(Lcom/amazonaws/services/s3/AmazonS3ClientParamsWrapper;)Lcom/amazonaws/services/s3/AmazonS3;+5
j  com.amazonaws.services.s3.AmazonS3Builder$1.apply(Ljava/lang/Object;)Ljava/lang/Object;+5
j  com.amazonaws.services.s3.AmazonS3ClientBuilder.build(Lcom/amazonaws/client/AwsSyncClientParams;)Lcom/amazonaws/services/s3/AmazonS3;+16
j  com.amazonaws.services.s3.AmazonS3ClientBuilder.build(Lcom/amazonaws/client/AwsSyncClientParams;)Ljava/lang/Object;+2
j  com.amazonaws.client.builder.AwsSyncClientBuilder.build()Ljava/lang/Object;+6
j  numble.karrot.aws.AmazonS3Config.amazonS3Client()Lcom/amazonaws/services/s3/AmazonS3Client;+43
j  numble.karrot.aws.AmazonS3Config$$EnhancerBySpringCGLIB$$9a6438f7.CGLIB$amazonS3Client$1()Lcom/amazonaws/services/s3/AmazonS3Client;+1
j  numble.karrot.aws.AmazonS3Config$$EnhancerBySpringCGLIB$$9a6438f7$$FastClassBySpringCGLIB$$21e1a484.invoke(ILjava/lang/Object;[Ljava/lang/Object;)Ljava/lang/Object;+117
j  org.springframework.cglib.proxy.MethodProxy.invokeSuper(Ljava/lang/Object;[Ljava/lang/Object;)Ljava/lang/Object;+19
j  org.springframework.context.annotation.ConfigurationClassEnhancer$BeanMethodInterceptor.intercept(Ljava/lang/Object;Ljava/lang/reflect/Method;[Ljava/lang/Object;Lorg/springframework/cglib/proxy/MethodProxy;)Ljava/lang/Object;+207
j  numble.karrot.aws.AmazonS3Config$$EnhancerBySpringCGLIB$$9a6438f7.amazonS3Client()Lcom/amazonaws/services/s3/AmazonS3Client;+31
v  ~StubRoutines::call_stub
V  [libjvm.dylib+0x3e0588]  JavaCalls::call_helper(JavaValue*, methodHandle const&, JavaCallArguments*, Thread*)+0x324
V  [libjvm.dylib+0x782348]  invoke(InstanceKlass*, methodHandle const&, Handle, bool, objArrayHandle, BasicType, objArrayHandle, bool, Thread*)+0x724
V  [libjvm.dylib+0x781bac]  Reflection::invoke_method(oopDesc*, Handle, objArrayHandle, Thread*)+0x134
V  [libjvm.dylib+0x4922f8]  JVM_InvokeMethod+0x364
J 4166  jdk.internal.reflect.NativeMethodAccessorImpl.invoke0(Ljava/lang/reflect/Method;Ljava/lang/Object;[Ljava/lang/Object;)Ljava/lang/Object; java.base@15.0.5 (0 bytes) @ 0x00000001371f2ef0 [0x00000001371f2e40+0x00000000000000b0]
C  0x000000010b880a4c

Java frames: (J=compiled Java code, j=interpreted, Vv=VM code)
j  sun.security.ssl.TrustManagerFactoryImpl.engineInit(Ljava/security/KeyStore;)V+6 java.base@15.0.5
j  javax.net.ssl.TrustManagerFactory.init(Ljava/security/KeyStore;)V+5 java.base@15.0.5
j  sun.security.ssl.SSLContextImpl.engineInit([Ljavax/net/ssl/KeyManager;[Ljavax/net/ssl/TrustManager;Ljava/security/SecureRandom;)V+32 java.base@15.0.5
j  javax.net.ssl.SSLContext.init([Ljavax/net/ssl/KeyManager;[Ljavax/net/ssl/TrustManager;Ljava/security/SecureRandom;)V+7 java.base@15.0.5
j  com.amazonaws.internal.SdkSSLContext.getPreferredSSLContext([Ljavax/net/ssl/KeyManager;Ljava/security/SecureRandom;)Ljavax/net/ssl/SSLContext;+10
j  com.amazonaws.http.apache.client.impl.ApacheConnectionManagerFactory.getPreferredSocketFactory(Lcom/amazonaws/http/settings/HttpClientSettings;)Lorg/apache/http/conn/socket/ConnectionSocketFactory;+29
j  com.amazonaws.http.apache.client.impl.ApacheConnectionManagerFactory.create(Lcom/amazonaws/http/settings/HttpClientSettings;)Lorg/apache/http/conn/HttpClientConnectionManager;+2
j  com.amazonaws.http.apache.client.impl.ApacheConnectionManagerFactory.create(Lcom/amazonaws/http/settings/HttpClientSettings;)Ljava/lang/Object;+2
j  com.amazonaws.http.apache.client.impl.ApacheHttpClientFactory.create(Lcom/amazonaws/http/settings/HttpClientSettings;)Lcom/amazonaws/http/apache/client/impl/ConnectionManagerAwareHttpClient;+9
j  com.amazonaws.http.apache.client.impl.ApacheHttpClientFactory.create(Lcom/amazonaws/http/settings/HttpClientSettings;)Ljava/lang/Object;+2
j  com.amazonaws.http.AmazonHttpClient.<init>(Lcom/amazonaws/ClientConfiguration;Lcom/amazonaws/retry/v2/RetryPolicy;Lcom/amazonaws/metrics/RequestMetricCollector;ZZ)V+23
j  com.amazonaws.http.AmazonHttpClient.<init>(Lcom/amazonaws/ClientConfiguration;Lcom/amazonaws/metrics/RequestMetricCollector;ZZ)V+7
j  com.amazonaws.AmazonWebServiceClient.<init>(Lcom/amazonaws/client/AwsSyncClientParams;Ljava/lang/Boolean;)V+89
j  com.amazonaws.AmazonWebServiceClient.<init>(Lcom/amazonaws/client/AwsSyncClientParams;)V+3
j  com.amazonaws.services.s3.AmazonS3Client.<init>(Lcom/amazonaws/services/s3/AmazonS3ClientParams;)V+5
j  com.amazonaws.services.s3.AmazonS3Builder$1.apply(Lcom/amazonaws/services/s3/AmazonS3ClientParamsWrapper;)Lcom/amazonaws/services/s3/AmazonS3;+5
j  com.amazonaws.services.s3.AmazonS3Builder$1.apply(Ljava/lang/Object;)Ljava/lang/Object;+5
j  com.amazonaws.services.s3.AmazonS3ClientBuilder.build(Lcom/amazonaws/client/AwsSyncClientParams;)Lcom/amazonaws/services/s3/AmazonS3;+16
j  com.amazonaws.services.s3.AmazonS3ClientBuilder.build(Lcom/amazonaws/client/AwsSyncClientParams;)Ljava/lang/Object;+2
j  com.amazonaws.client.builder.AwsSyncClientBuilder.build()Ljava/lang/Object;+6
j  numble.karrot.aws.AmazonS3Config.amazonS3Client()Lcom/amazonaws/services/s3/AmazonS3Client;+43
j  numble.karrot.aws.AmazonS3Config$$EnhancerBySpringCGLIB$$9a6438f7.CGLIB$amazonS3Client$1()Lcom/amazonaws/services/s3/AmazonS3Client;+1
j  numble.karrot.aws.AmazonS3Config$$EnhancerBySpringCGLIB$$9a6438f7$$FastClassBySpringCGLIB$$21e1a484.invoke(ILjava/lang/Object;[Ljava/lang/Object;)Ljava/lang/Object;+117
j  org.springframework.cglib.proxy.MethodProxy.invokeSuper(Ljava/lang/Object;[Ljava/lang/Object;)Ljava/lang/Object;+19
j  org.springframework.context.annotation.ConfigurationClassEnhancer$BeanMethodInterceptor.intercept(Ljava/lang/Object;Ljava/lang/reflect/Method;[Ljava/lang/Object;Lorg/springframework/cglib/proxy/MethodProxy;)Ljava/lang/Object;+207
j  numble.karrot.aws.AmazonS3Config$$EnhancerBySpringCGLIB$$9a6438f7.amazonS3Client()Lcom/amazonaws/services/s3/AmazonS3Client;+31
v  ~StubRoutines::call_stub
J 4166  jdk.internal.reflect.NativeMethodAccessorImpl.invoke0(Ljava/lang/reflect/Method;Ljava/lang/Object;[Ljava/lang/Object;)Ljava/lang/Object; java.base@15.0.5 (0 bytes) @ 0x00000001371f2ef4 [0x00000001371f2e40+0x00000000000000b4]
J 4165 c1 jdk.internal.reflect.NativeMethodAccessorImpl.invoke(Ljava/lang/Object;[Ljava/lang/Object;)Ljava/lang/Object; java.base@15.0.5 (117 bytes) @ 0x00000001303e356c [0x00000001303e29c0+0x0000000000000bac]
J 3957 c1 jdk.internal.reflect.DelegatingMethodAccessorImpl.invoke(Ljava/lang/Object;[Ljava/lang/Object;)Ljava/lang/Object; java.base@15.0.5 (10 bytes) @ 0x0000000130396eec [0x0000000130396e40+0x00000000000000ac]
J 4082 c1 java.lang.reflect.Method.invoke(Ljava/lang/Object;[Ljava/lang/Object;)Ljava/lang/Object; java.base@15.0.5 (65 bytes) @ 0x00000001303c3444 [0x00000001303c3300+0x0000000000000144]
j  org.springframework.beans.factory.support.SimpleInstantiationStrategy.instantiate(Lorg/springframework/beans/factory/support/RootBeanDefinition;Ljava/lang/String;Lorg/springframework/beans/factory/BeanFactory;Ljava/lang/Object;Ljava/lang/reflect/Method;[Ljava/lang/Object;)Ljava/lang/Object;+50
j  org.springframework.beans.factory.support.ConstructorResolver.instantiate(Ljava/lang/String;Lorg/springframework/beans/factory/support/RootBeanDefinition;Ljava/lang/Object;Ljava/lang/reflect/Method;[Ljava/lang/Object;)Ljava/lang/Object;+48
j  org.springframework.beans.factory.support.ConstructorResolver.instantiateUsingFactoryMethod(Ljava/lang/String;Lorg/springframework/beans/factory/support/RootBeanDefinition;[Ljava/lang/Object;)Lorg/springframework/beans/BeanWrapper;+486
j  org.springframework.beans.factory.support.AbstractAutowireCapableBeanFactory.instantiateUsingFactoryMethod(Ljava/lang/String;Lorg/springframework/beans/factory/support/RootBeanDefinition;[Ljava/lang/Object;)Lorg/springframework/beans/BeanWrapper;+11
j  org.springframework.beans.factory.support.AbstractAutowireCapableBeanFactory.createBeanInstance(Ljava/lang/String;Lorg/springframework/beans/factory/support/RootBeanDefinition;[Ljava/lang/Object;)Lorg/springframework/beans/BeanWrapper;+102
j  org.springframework.beans.factory.support.AbstractAutowireCapableBeanFactory.doCreateBean(Ljava/lang/String;Lorg/springframework/beans/factory/support/RootBeanDefinition;[Ljava/lang/Object;)Ljava/lang/Object;+34
j  org.springframework.beans.factory.support.AbstractAutowireCapableBeanFactory.createBean(Ljava/lang/String;Lorg/springframework/beans/factory/support/RootBeanDefinition;[Ljava/lang/Object;)Ljava/lang/Object;+169
j  org.springframework.beans.factory.support.AbstractBeanFactory.lambda$doGetBean$0(Ljava/lang/String;Lorg/springframework/beans/factory/support/RootBeanDefinition;[Ljava/lang/Object;)Ljava/lang/Object;+4
j  org.springframework.beans.factory.support.AbstractBeanFactory$$Lambda$268+0x0000000300271960.getObject()Ljava/lang/Object;+16
j  org.springframework.beans.factory.support.DefaultSingletonBeanRegistry.getSingleton(Ljava/lang/String;Lorg/springframework/beans/factory/ObjectFactory;)Ljava/lang/Object;+132
J 2996 c1 org.springframework.beans.factory.support.AbstractBeanFactory.doGetBean(Ljava/lang/String;Ljava/lang/Class;[Ljava/lang/Object;Z)Ljava/lang/Object; (832 bytes) @ 0x0000000130122b34 [0x0000000130120f00+0x0000000000001c34]
j  org.springframework.beans.factory.support.AbstractBeanFactory.getBean(Ljava/lang/String;)Ljava/lang/Object;+5
j  org.springframework.beans.factory.config.DependencyDescriptor.resolveCandidate(Ljava/lang/String;Ljava/lang/Class;Lorg/springframework/beans/factory/BeanFactory;)Ljava/lang/Object;+2
j  org.springframework.beans.factory.support.DefaultListableBeanFactory.doResolveDependency(Lorg/springframework/beans/factory/config/DependencyDescriptor;Ljava/lang/String;Ljava/util/Set;Lorg/springframework/beans/TypeConverter;)Ljava/lang/Object;+440
j  org.springframework.beans.factory.support.DefaultListableBeanFactory.resolveDependency(Lorg/springframework/beans/factory/config/DependencyDescriptor;Ljava/lang/String;Ljava/util/Set;Lorg/springframework/beans/TypeConverter;)Ljava/lang/Object;+108
j  org.springframework.beans.factory.support.ConstructorResolver.resolveAutowiredArgument(Lorg/springframework/core/MethodParameter;Ljava/lang/String;Ljava/util/Set;Lorg/springframework/beans/TypeConverter;Z)Ljava/lang/Object;+79
j  org.springframework.beans.factory.support.ConstructorResolver.createArgumentArray(Ljava/lang/String;Lorg/springframework/beans/factory/support/RootBeanDefinition;Lorg/springframework/beans/factory/config/ConstructorArgumentValues;Lorg/springframework/beans/BeanWrapper;[Ljava/lang/Class;[Ljava/lang/String;Ljava/lang/reflect/Executable;ZZ)Lorg/springframework/beans/factory/support/ConstructorResolver$ArgumentsHolder;+434
j  org.springframework.beans.factory.support.ConstructorResolver.autowireConstructor(Ljava/lang/String;Lorg/springframework/beans/factory/support/RootBeanDefinition;[Ljava/lang/reflect/Constructor;[Ljava/lang/Object;)Lorg/springframework/beans/BeanWrapper;+545
j  org.springframework.beans.factory.support.AbstractAutowireCapableBeanFactory.autowireConstructor(Ljava/lang/String;Lorg/springframework/beans/factory/support/RootBeanDefinition;[Ljava/lang/reflect/Constructor;[Ljava/lang/Object;)Lorg/springframework/beans/BeanWrapper;+13
j  org.springframework.beans.factory.support.AbstractAutowireCapableBeanFactory.createBeanInstance(Ljava/lang/String;Lorg/springframework/beans/factory/support/RootBeanDefinition;[Ljava/lang/Object;)Lorg/springframework/beans/BeanWrapper;+222
j  org.springframework.beans.factory.support.AbstractAutowireCapableBeanFactory.doCreateBean(Ljava/lang/String;Lorg/springframework/beans/factory/support/RootBeanDefinition;[Ljava/lang/Object;)Ljava/lang/Object;+34
j  org.springframework.beans.factory.support.AbstractAutowireCapableBeanFactory.createBean(Ljava/lang/String;Lorg/springframework/beans/factory/support/RootBeanDefinition;[Ljava/lang/Object;)Ljava/lang/Object;+169
j  org.springframework.beans.factory.support.AbstractBeanFactory.lambda$doGetBean$0(Ljava/lang/String;Lorg/springframework/beans/factory/support/RootBeanDefinition;[Ljava/lang/Object;)Ljava/lang/Object;+4
j  org.springframework.beans.factory.support.AbstractBeanFactory$$Lambda$268+0x0000000300271960.getObject()Ljava/lang/Object;+16
j  org.springframework.beans.factory.support.DefaultSingletonBeanRegistry.getSingleton(Ljava/lang/String;Lorg/springframework/beans/factory/ObjectFactory;)Ljava/lang/Object;+132
J 2996 c1 org.springframework.beans.factory.support.AbstractBeanFactory.doGetBean(Ljava/lang/String;Ljava/lang/Class;[Ljava/lang/Object;Z)Ljava/lang/Object; (832 bytes) @ 0x0000000130122b34 [0x0000000130120f00+0x0000000000001c34]
j  org.springframework.beans.factory.support.AbstractBeanFactory.getBean(Ljava/lang/String;)Ljava/lang/Object;+5
j  org.springframework.beans.factory.support.DefaultListableBeanFactory.preInstantiateSingletons()V+248
j  org.springframework.context.support.AbstractApplicationContext.finishBeanFactoryInitialization(Lorg/springframework/beans/factory/config/ConfigurableListableBeanFactory;)V+124
j  org.springframework.context.support.AbstractApplicationContext.refresh()V+86
j  org.springframework.boot.web.servlet.context.ServletWebServerApplicationContext.refresh()V+1
j  org.springframework.boot.SpringApplication.refresh(Lorg/springframework/context/ConfigurableApplicationContext;)V+1
j  org.springframework.boot.SpringApplication.refreshContext(Lorg/springframework/context/ConfigurableApplicationContext;)V+16
j  org.springframework.boot.SpringApplication.run([Ljava/lang/String;)Lorg/springframework/context/ConfigurableApplicationContext;+107
j  org.springframework.boot.SpringApplication.run([Ljava/lang/Class;[Ljava/lang/String;)Lorg/springframework/context/ConfigurableApplicationContext;+9
j  org.springframework.boot.SpringApplication.run(Ljava/lang/Class;[Ljava/lang/String;)Lorg/springframework/context/ConfigurableApplicationContext;+9
j  numble.karrot.KarrotApplication.main([Ljava/lang/String;)V+3
v  ~StubRoutines::call_stub
j  jdk.internal.reflect.NativeMethodAccessorImpl.invoke0(Ljava/lang/reflect/Method;Ljava/lang/Object;[Ljava/lang/Object;)Ljava/lang/Object;+0 java.base@15.0.5
j  jdk.internal.reflect.NativeMethodAccessorImpl.invoke(Ljava/lang/Object;[Ljava/lang/Object;)Ljava/lang/Object;+113 java.base@15.0.5
j  jdk.internal.reflect.DelegatingMethodAccessorImpl.invoke(Ljava/lang/Object;[Ljava/lang/Object;)Ljava/lang/Object;+6 java.base@15.0.5
j  java.lang.reflect.Method.invoke(Ljava/lang/Object;[Ljava/lang/Object;)Ljava/lang/Object;+59 java.base@15.0.5
j  org.springframework.boot.devtools.restart.RestartLauncher.run()V+42
v  ~StubRoutines::call_stub

siginfo: si_signo: 10 (SIGBUS), si_code: 1 (BUS_ADRALN), si_addr: 0x00000001371f2dd8

Register to memory mapping:

 x0=0x00000001063b80e8: _MergedGlobals+0 in /Library/Java/JavaVirtualMachines/zulu-15.jdk/Contents/Home/lib/server/libjvm.dylib at 0x0000000105864000
 x1=0x00000001371f2c90 is at entry_point+-432 in (nmethod*)0x00000001371f2c90
 x2=0x00000001060ee3e8: _ZN21MarkActivationClosure12do_code_blobEP8CodeBlob+0 in /Library/Java/JavaVirtualMachines/zulu-15.jdk/Contents/Home/lib/server/libjvm.dylib at 0x0000000105864000
 x3=0x0000000fffffc088 points into unknown readable memory: 0xffffffe570486d14 | 14 6d 48 70 e5 ff ff ff
 x4=0x00000000ffffffff is an unknown value
 x5=0x0000000000000001 is an unknown value
 x6=0x000000011c8b0000 is a thread
 x7=0x000000011c8b0000 is a thread
 x8=0x0000000106364000: _ZN12StubRoutines10_jint_fillE+0 in /Library/Java/JavaVirtualMachines/zulu-15.jdk/Contents/Home/lib/server/libjvm.dylib at 0x0000000105864000
 x9=0x00000000000001e0 is an unknown value
x10=0x00000000000036d9 is an unknown value
x11=0x0000000104c60000 points into unknown readable memory: 0x0100050403020100 | 00 01 02 03 04 05 00 01
x12=0x00000000000036d9 is an unknown value
x13=0x0 is NULL
x14=0x000000000000007a is an unknown value
x15=0x000000016ed6a818 is pointing into the stack for thread: 0x000000011c8b0000
x16=0x0c00000000000000 is an unknown value
x17=0x00006000007d1fe0 points into unknown readable memory: 0x0000000000000000 | 00 00 00 00 00 00 00 00
x18=0x0 is NULL
x19=0x00000001371f2c90 is at entry_point+-432 in (nmethod*)0x00000001371f2c90
x20=0x000000011c8b0000 is a thread
x21=0x000000016ed6a210 is pointing into the stack for thread: 0x000000011c8b0000
x22=0x0000000106363ee8: _ZN12StubRoutines25_call_stub_return_addressE+0 in /Library/Java/JavaVirtualMachines/zulu-15.jdk/Contents/Home/lib/server/libjvm.dylib at 0x0000000105864000
x23=0x000000011c8b0454 points into unknown readable memory: 03 8b 00 00
x24=0x00000001062ff000: _type2aelembytes+0x40 in /Library/Java/JavaVirtualMachines/zulu-15.jdk/Contents/Home/lib/server/libjvm.dylib at 0x0000000105864000
x25=0x000000011c72fc60 points into unknown readable memory: 0x00000006c0800990 | 90 09 80 c0 06 00 00 00
x26=0x0 is NULL
x27=0x0000000000000006 is an unknown value
x28=0x0000000000000005 is an unknown value


Registers:
 x0=0x00000001063b80e8  x1=0x00000001371f2c90  x2=0x00000001060ee3e8  x3=0x0000000fffffc088
 x4=0x00000000ffffffff  x5=0x0000000000000001  x6=0x000000011c8b0000  x7=0x000000011c8b0000
 x8=0x0000000106364000  x9=0x00000000000001e0 x10=0x00000000000036d9 x11=0x0000000104c60000
x12=0x00000000000036d9 x13=0x0000000000000000 x14=0x000000000000007a x15=0x000000016ed6a818
x16=0x0c00000000000000 x17=0x00006000007d1fe0 x18=0x0000000000000000 x19=0x00000001371f2c90
x20=0x000000011c8b0000 x21=0x000000016ed6a210 x22=0x0000000106363ee8 x23=0x000000011c8b0454
x24=0x00000001062ff000 x25=0x000000011c72fc60 x26=0x0000000000000000 x27=0x0000000000000006
x28=0x0000000000000005  fp=0x000000016ed6a1d0  lr=0x0000000106129c68  sp=0x000000016ed6a1c0
pc=0x00000001060ee424 cpsr=0x0000000080001000
Top of Stack: (sp=0x000000016ed6a1c0)
0x000000016ed6a1c0:   000000011c8b0000 00000001063b80e8
0x000000016ed6a1d0:   000000016ed6a8c0 0000000106129c68
0x000000016ed6a1e0:   000000016ed6c4a0 00000001371f2ef4
0x000000016ed6a1f0:   00000001371f2c90 0000000000000000
0x000000016ed6a200:   0000000000000000 000000016ed6c4a0
0x000000016ed6a210:   000000016ed6a230 00000001061026f0
0x000000016ed6a220:   00000006c02fee28 000000013728dcc8
0x000000016ed6a230:   00000006c2e70cc8 0000000000000000
0x000000016ed6a240:   00000006c2e70d18 0000000100000001
0x000000016ed6a250:   00000006c06eed98 0000000000000000
0x000000016ed6a260:   0000000000000000 00000006c02f3718
0x000000016ed6a270:   0000000000000000 0000000000000000
0x000000016ed6a280:   000000016ed6a3a0 000000012f574144
0x000000016ed6a290:   0000600000000001 00000006c2e70d18
0x000000016ed6a2a0:   0000000000000000 0000000000000000
0x000000016ed6a2b0:   000000016ed6a2d0 e628000105f43944
0x000000016ed6a2c0:   0000600002de87e0 0000600002de8600
0x000000016ed6a2d0:   000000016ed6a310 833480010609055c
0x000000016ed6a2e0:   000000016ed6a300 ac01800105f43944
0x000000016ed6a2f0:   0000600002de87e0 0000600002de8600
0x000000016ed6a300:   000000016ed6a340 aa3800010609055c
0x000000016ed6a310:   0000000000000000 0000000000000001
0x000000016ed6a320:   00006000038e4460 0000000000000003
0x000000016ed6a330:   0000000000000002 000000011c8b0000
0x000000016ed6a340:   000000016ed6a5c0 0000000105f17e80
0x000000016ed6a350:   000000011e289be8 0000000000000001
0x000000016ed6a360:   000000016ed6a420 000000016ed6a420
0x000000016ed6a370:   000000016ed6a3d0 0000000106086b58
0x000000016ed6a380:   00000001208adc38 0000000300000002
0x000000016ed6a390:   0000000000000003 000000030000000e
0x000000016ed6a3a0:   00000001208a80b0 0000000000000000
0x000000016ed6a3b0:   000000011e289be8 000000011c8b0000 

Instructions: (pc=0x00000001060ee424)
0x00000001060ee324:   9121a021 aa1303e0 97fa4987 d00013a8
0x00000001060ee334:   fd416d00 5e61d800 d2d09008 f2e825c8
0x00000001060ee344:   9e670101 1e611800 fd0003e0 f0000a01
0x00000001060ee354:   91221c21 aa1303e0 97fa497b d00013a8
0x00000001060ee364:   f9414908 f90003e8 f0000a01 9122d021
0x00000001060ee374:   aa1303e0 97fa4974 d00013a8 f9416108
0x00000001060ee384:   d00013a9 f9416529 a90027e8 f0000a01
0x00000001060ee394:   91236c21 aa1303e0 97fa496b d00013a8
0x00000001060ee3a4:   f9416908 d34afd08 f90003e8 f0000a01
0x00000001060ee3b4:   91246c21 aa1303e0 97fa4963 aa1403e0
0x00000001060ee3c4:   a9427bfd a9414ff4 9100c3ff 17fa53ce
0x00000001060ee3d4:   a9bf7bfd 910003fd d2800000 a8c17bfd
0x00000001060ee3e4:   d65f03c0 a9be4ff4 a9017bfd 910043fd
0x00000001060ee3f4:   aa0103f3 d00013a8 b942b909 35000129
0x00000001060ee404:   b0001089 d503201f f9425129 d354fd2a
0x00000001060ee414:   531f794a f144013f 1a9f2549 b902b909
0x00000001060ee424:   b9014a69 f9400268 f9404108 aa1303e0
0x00000001060ee434:   d63f0100 340000a0 aa1303e0 a9417bfd
0x00000001060ee444:   a8c24ff4 17f973c6 a9417bfd a8c24ff4
0x00000001060ee454:   d65f03c0 a9bf7bfd 910003fd d00013a8
0x00000001060ee464:   b942b909 34000089 b9014829 a8c17bfd
0x00000001060ee474:   d65f03c0 b0001089 d503201f f9425129
0x00000001060ee484:   d354fd2a 531f794a f144013f 1a9f2549
0x00000001060ee494:   b902b909 b9014829 a8c17bfd d65f03c0
0x00000001060ee4a4:   a9be4ff4 a9017bfd 910043fd aa0103f3
0x00000001060ee4b4:   aa0003f4 f9400028 f9402108 aa0103e0
0x00000001060ee4c4:   d63f0100 340000c0 f9400268 f9402908
0x00000001060ee4d4:   aa1303e0 d63f0100 36000080 a9417bfd
0x00000001060ee4e4:   a8c24ff4 d65f03c0 f9400a81 f9400268
0x00000001060ee4f4:   f9406d02 aa1303e0 a9417bfd a8c24ff4
0x00000001060ee504:   d61f0040 a9bc5ff8 a90157f6 a9024ff4
0x00000001060ee514:   a9037bfd 9100c3fd 39404008 34000288 


Stack slot to memory mapping:
stack at sp + 0 slots: 0x000000011c8b0000 is a thread
stack at sp + 1 slots: 0x00000001063b80e8: _MergedGlobals+0 in /Library/Java/JavaVirtualMachines/zulu-15.jdk/Contents/Home/lib/server/libjvm.dylib at 0x0000000105864000
stack at sp + 2 slots: 0x000000016ed6a8c0 is pointing into the stack for thread: 0x000000011c8b0000
stack at sp + 3 slots: 0x0000000106129c68: _ZN10JavaThread11nmethods_doEP15CodeBlobClosure+0x80 in /Library/Java/JavaVirtualMachines/zulu-15.jdk/Contents/Home/lib/server/libjvm.dylib at 0x0000000105864000
stack at sp + 4 slots: 0x000000016ed6c4a0 is pointing into the stack for thread: 0x000000011c8b0000
stack at sp + 5 slots: 0x00000001371f2ef4 is at entry_point+180 in (nmethod*)0x00000001371f2c90
stack at sp + 6 slots: 0x00000001371f2c90 is at entry_point+-432 in (nmethod*)0x00000001371f2c90
stack at sp + 7 slots: 0x0 is NULL


---------------  P R O C E S S  ---------------

Threads class SMR info:
_java_thread_list=0x0000600000f65ae0, length=21, elements={
0x000000011e00ca00, 0x000000011e06d000, 0x000000010c811200, 0x000000011e070400,
0x000000011e070a00, 0x000000011e071000, 0x000000011e071600, 0x000000011d81cc00,
0x000000010c811800, 0x000000011d00dc00, 0x000000011d81d200, 0x000000011f808200,
0x000000011f040200, 0x000000010ca05c00, 0x000000011c8b0000, 0x000000011f561e00,
0x000000011e767400, 0x000000013f1ab600, 0x000000011f561600, 0x000000010cd19600,
0x000000011cc99400
}

Java Threads: ( => current thread )
  0x000000011e00ca00 JavaThread "main" [_thread_blocked, id=4099, stack(0x000000016b51c000,0x000000016b71f000)]
  0x000000011e06d000 JavaThread "Reference Handler" daemon [_thread_blocked, id=20227, stack(0x000000016c370000,0x000000016c573000)]
  0x000000010c811200 JavaThread "Finalizer" daemon [_thread_blocked, id=18435, stack(0x000000016c57c000,0x000000016c77f000)]
  0x000000011e070400 JavaThread "Signal Dispatcher" daemon [_thread_blocked, id=31747, stack(0x000000016c8a0000,0x000000016caa3000)]
  0x000000011e070a00 JavaThread "Service Thread" daemon [_thread_blocked, id=23299, stack(0x000000016caac000,0x000000016ccaf000)]
  0x000000011e071000 JavaThread "C2 CompilerThread0" daemon [_thread_in_native, id=23811, stack(0x000000016ccb8000,0x000000016cebb000)]
  0x000000011e071600 JavaThread "C1 CompilerThread0" daemon [_thread_blocked, id=29443, stack(0x000000016cec4000,0x000000016d0c7000)]
  0x000000011d81cc00 JavaThread "Sweeper thread" daemon [_thread_blocked, id=24323, stack(0x000000016d0d0000,0x000000016d2d3000)]
  0x000000010c811800 JavaThread "Common-Cleaner" daemon [_thread_blocked, id=28163, stack(0x000000016d2dc000,0x000000016d4df000)]
  0x000000011d00dc00 JavaThread "JDWP Transport Listener: dt_socket" daemon [_thread_blocked, id=25091, stack(0x000000016d4e8000,0x000000016d6eb000)]
  0x000000011d81d200 JavaThread "JDWP Event Helper Thread" daemon [_thread_blocked, id=26883, stack(0x000000016d6f4000,0x000000016d8f7000)]
  0x000000011f808200 JavaThread "JDWP Command Reader" daemon [_thread_in_native, id=26115, stack(0x000000016d900000,0x000000016db03000)]
  0x000000011f040200 JavaThread "Notification Thread" daemon [_thread_blocked, id=33283, stack(0x000000016db0c000,0x000000016dd0f000)]
  0x000000010ca05c00 JavaThread "Thread-0" [_thread_blocked, id=34819, stack(0x000000016e960000,0x000000016eb63000)]
=>0x000000011c8b0000 JavaThread "restartedMain" [_thread_in_vm, id=35843, stack(0x000000016eb6c000,0x000000016ed6f000)]
  0x000000011f561e00 JavaThread "Catalina-utility-1" [_thread_blocked, id=36619, stack(0x000000016ed78000,0x000000016ef7b000)]
  0x000000011e767400 JavaThread "Catalina-utility-2" [_thread_blocked, id=38659, stack(0x000000016f5a8000,0x000000016f7ab000)]
  0x000000013f1ab600 JavaThread "container-0" [_thread_blocked, id=37891, stack(0x000000016f7b4000,0x000000016f9b7000)]
  0x000000011f561600 JavaThread "mysql-cj-abandoned-connection-cleanup" daemon [_thread_blocked, id=65027, stack(0x000000016f9c0000,0x000000016fbc3000)]
  0x000000010cd19600 JavaThread "HikariPool-1 housekeeper" daemon [_thread_blocked, id=44291, stack(0x000000016fbcc000,0x000000016fdcf000)]
  0x000000011cc99400 JavaThread "HikariPool-1 connection adder" daemon [_thread_blocked, id=44547, stack(0x000000016fdd8000,0x000000016ffdb000)]

Other Threads:
  0x000000011c70a920 VMThread "VM Thread" [stack: 0x000000016c164000,0x000000016c367000] [id=17155] _threads_hazard_ptr=0x0000600000f65ae0
  0x000000010560ae10 WatcherThread [stack: 0x000000016dd18000,0x000000016df1b000] [id=43267]
  0x000000011c7077d0 GCTaskThread "GC Thread#0" [stack: 0x000000016b728000,0x000000016b92b000] [id=14339]
  0x000000011e807900 GCTaskThread "GC Thread#1" [stack: 0x000000016df24000,0x000000016e127000] [id=42755]
  0x000000011e8083b0 GCTaskThread "GC Thread#2" [stack: 0x000000016e130000,0x000000016e333000] [id=42499]
  0x000000011c72a260 GCTaskThread "GC Thread#3" [stack: 0x000000016e33c000,0x000000016e53f000] [id=41987]
  0x000000011c72ad20 GCTaskThread "GC Thread#4" [stack: 0x000000016e548000,0x000000016e74b000] [id=41475]
  0x000000011c72b7d0 GCTaskThread "GC Thread#5" [stack: 0x000000016e754000,0x000000016e957000] [id=34307]
  0x000000011e928b90 GCTaskThread "GC Thread#6" [stack: 0x000000016ef84000,0x000000016f187000] [id=37123]
  0x000000011e928eb0 GCTaskThread "GC Thread#7" [stack: 0x000000016f190000,0x000000016f393000] [id=39939]
  0x000000010c6042b0 ConcurrentGCThread "G1 Main Marker" [stack: 0x000000016b934000,0x000000016bb37000] [id=12803]
  0x000000010c604d80 ConcurrentGCThread "G1 Conc#0" [stack: 0x000000016bb40000,0x000000016bd43000] [id=13571]
  0x000000011c73a230 ConcurrentGCThread "G1 Conc#1" [stack: 0x000000016f39c000,0x000000016f59f000] [id=39427]
  0x000000011e90eae0 ConcurrentGCThread "G1 Refine#0" [stack: 0x000000016bd4c000,0x000000016bf4f000] [id=16899]
  0x000000011e90f5c0 ConcurrentGCThread "G1 Young RemSet Sampling" [stack: 0x000000016bf58000,0x000000016c15b000] [id=21251]

Threads with active compile tasks:
C2 CompilerThread0     3077 5381       4       java.util.HashSet::add (20 bytes)

VM state: not at safepoint (normal execution)

VM Mutex/Monitor currently owned by a thread: None

Heap address: 0x00000006c0000000, size: 4096 MB, Compressed Oops mode: Zero based, Oop shift amount: 3
Compressed class space mapped at: 0x0000000300000000-0x0000000340000000, size: 1073741824
Narrow klass base: 0x0000000000000000, Narrow klass shift: 3, Narrow klass range: 0x340000000

GC Precious Log:
 CPUs: 8 total, 8 available
 Memory: 16384M
 Large Page Support: Disabled
 NUMA Support: Disabled
 Compressed Oops: Enabled (Zero based)
 Heap Region Size: 2M
 Heap Min Capacity: 8M
 Heap Initial Capacity: 256M
 Heap Max Capacity: 4G
 Pre-touch: Disabled
 Parallel Workers: 8
 Concurrent Workers: 2
 Concurrent Refinement Workers: 8
 Periodic GC: Disabled

Heap:
 garbage-first heap   total 94208K, used 62251K [0x00000006c0000000, 0x00000007c0000000)
  region size 2048K, 23 young (47104K), 3 survivors (6144K)
 Metaspace       used 64596K, capacity 65234K, committed 65392K, reserved 1105920K
  class space    used 8078K, capacity 8332K, committed 8384K, reserved 1048576K

Heap Regions: E=young(eden), S=young(survivor), O=old, HS=humongous(starts), HC=humongous(continues), CS=collection set, F=free, OA=open archive, CA=closed archive, TAMS=top-at-mark-start (previous, next)
|   0|0x00000006c0000000, 0x00000006c0200000, 0x00000006c0200000|100%| O|  |TAMS 0x00000006c0200000, 0x00000006c0000000| Untracked 
|   1|0x00000006c0200000, 0x00000006c0400000, 0x00000006c0400000|100%| O|  |TAMS 0x00000006c0400000, 0x00000006c0200000| Untracked 
|   2|0x00000006c0400000, 0x00000006c0600000, 0x00000006c0600000|100%| O|  |TAMS 0x00000006c0600000, 0x00000006c0400000| Untracked 
|   3|0x00000006c0600000, 0x00000006c072bc00, 0x00000006c0800000| 58%| O|  |TAMS 0x00000006c072bc00, 0x00000006c0600000| Untracked 
|   4|0x00000006c0800000, 0x00000006c0a00000, 0x00000006c0a00000|100%| O|  |TAMS 0x00000006c0a00000, 0x00000006c0800000| Untracked 
|   5|0x00000006c0a00000, 0x00000006c0afba00, 0x00000006c0c00000| 49%| O|  |TAMS 0x00000006c0afba00, 0x00000006c0a00000| Untracked 
|   6|0x00000006c0c00000, 0x00000006c0e00000, 0x00000006c0e00000|100%| O|  |TAMS 0x00000006c0e00000, 0x00000006c0c00000| Untracked 
|   7|0x00000006c0e00000, 0x00000006c1000000, 0x00000006c1000000|100%| O|  |TAMS 0x00000006c1000000, 0x00000006c0e00000| Untracked 
|   8|0x00000006c1000000, 0x00000006c1200000, 0x00000006c1200000|100%| O|  |TAMS 0x00000006c1200000, 0x00000006c1000000| Untracked 
|   9|0x00000006c1200000, 0x00000006c13eb800, 0x00000006c1400000| 95%| O|  |TAMS 0x00000006c1205600, 0x00000006c1200000| Untracked 
|  10|0x00000006c1400000, 0x00000006c1400000, 0x00000006c1600000|  0%| F|  |TAMS 0x00000006c1400000, 0x00000006c1400000| Untracked 
|  11|0x00000006c1600000, 0x00000006c1600000, 0x00000006c1800000|  0%| F|  |TAMS 0x00000006c1600000, 0x00000006c1600000| Untracked 
|  12|0x00000006c1800000, 0x00000006c1800000, 0x00000006c1a00000|  0%| F|  |TAMS 0x00000006c1800000, 0x00000006c1800000| Untracked 
|  13|0x00000006c1a00000, 0x00000006c1a00000, 0x00000006c1c00000|  0%| F|  |TAMS 0x00000006c1a00000, 0x00000006c1a00000| Untracked 
|  14|0x00000006c1c00000, 0x00000006c1c00000, 0x00000006c1e00000|  0%| F|  |TAMS 0x00000006c1c00000, 0x00000006c1c00000| Untracked 
|  15|0x00000006c1e00000, 0x00000006c1e00000, 0x00000006c2000000|  0%| F|  |TAMS 0x00000006c1e00000, 0x00000006c1e00000| Untracked 
|  16|0x00000006c2000000, 0x00000006c2000000, 0x00000006c2200000|  0%| F|  |TAMS 0x00000006c2000000, 0x00000006c2000000| Untracked 
|  17|0x00000006c2200000, 0x00000006c2200000, 0x00000006c2400000|  0%| F|  |TAMS 0x00000006c2200000, 0x00000006c2200000| Untracked 
|  18|0x00000006c2400000, 0x00000006c2400000, 0x00000006c2600000|  0%| F|  |TAMS 0x00000006c2400000, 0x00000006c2400000| Untracked 
|  19|0x00000006c2600000, 0x00000006c2600000, 0x00000006c2800000|  0%| F|  |TAMS 0x00000006c2600000, 0x00000006c2600000| Untracked 
|  20|0x00000006c2800000, 0x00000006c2800000, 0x00000006c2a00000|  0%| F|  |TAMS 0x00000006c2800000, 0x00000006c2800000| Untracked 
|  21|0x00000006c2a00000, 0x00000006c2a00000, 0x00000006c2c00000|  0%| F|  |TAMS 0x00000006c2a00000, 0x00000006c2a00000| Untracked 
|  22|0x00000006c2c00000, 0x00000006c2c00000, 0x00000006c2e00000|  0%| F|  |TAMS 0x00000006c2c00000, 0x00000006c2c00000| Untracked 
|  23|0x00000006c2e00000, 0x00000006c2edfd20, 0x00000006c3000000| 43%| E|  |TAMS 0x00000006c2e00000, 0x00000006c2e00000| Complete 
|  24|0x00000006c3000000, 0x00000006c3200000, 0x00000006c3200000|100%| E|CS|TAMS 0x00000006c3000000, 0x00000006c3000000| Complete 
|  25|0x00000006c3200000, 0x00000006c3400000, 0x00000006c3400000|100%| E|CS|TAMS 0x00000006c3200000, 0x00000006c3200000| Complete 
|  26|0x00000006c3400000, 0x00000006c3600000, 0x00000006c3600000|100%| E|CS|TAMS 0x00000006c3400000, 0x00000006c3400000| Complete 
|  27|0x00000006c3600000, 0x00000006c3800000, 0x00000006c3800000|100%| E|CS|TAMS 0x00000006c3600000, 0x00000006c3600000| Complete 
|  28|0x00000006c3800000, 0x00000006c3a00000, 0x00000006c3a00000|100%| E|CS|TAMS 0x00000006c3800000, 0x00000006c3800000| Complete 
|  29|0x00000006c3a00000, 0x00000006c3ab7e30, 0x00000006c3c00000| 35%| S|CS|TAMS 0x00000006c3a00000, 0x00000006c3a00000| Complete 
|  30|0x00000006c3c00000, 0x00000006c3e00000, 0x00000006c3e00000|100%| S|CS|TAMS 0x00000006c3c00000, 0x00000006c3c00000| Complete 
|  31|0x00000006c3e00000, 0x00000006c4000000, 0x00000006c4000000|100%| S|CS|TAMS 0x00000006c3e00000, 0x00000006c3e00000| Complete 
|  32|0x00000006c4000000, 0x00000006c4200000, 0x00000006c4200000|100%| E|CS|TAMS 0x00000006c4000000, 0x00000006c4000000| Complete 
|  33|0x00000006c4200000, 0x00000006c4400000, 0x00000006c4400000|100%| E|CS|TAMS 0x00000006c4200000, 0x00000006c4200000| Complete 
|  34|0x00000006c4400000, 0x00000006c4600000, 0x00000006c4600000|100%| E|CS|TAMS 0x00000006c4400000, 0x00000006c4400000| Complete 
|  35|0x00000006c4600000, 0x00000006c4800000, 0x00000006c4800000|100%| E|CS|TAMS 0x00000006c4600000, 0x00000006c4600000| Complete 
|  36|0x00000006c4800000, 0x00000006c4a00000, 0x00000006c4a00000|100%| E|CS|TAMS 0x00000006c4800000, 0x00000006c4800000| Complete 
|  37|0x00000006c4a00000, 0x00000006c4c00000, 0x00000006c4c00000|100%| E|CS|TAMS 0x00000006c4a00000, 0x00000006c4a00000| Complete 
|  38|0x00000006c4c00000, 0x00000006c4e00000, 0x00000006c4e00000|100%| E|CS|TAMS 0x00000006c4c00000, 0x00000006c4c00000| Complete 
|  39|0x00000006c4e00000, 0x00000006c5000000, 0x00000006c5000000|100%| E|CS|TAMS 0x00000006c4e00000, 0x00000006c4e00000| Complete 
|  40|0x00000006c5000000, 0x00000006c5200000, 0x00000006c5200000|100%| E|CS|TAMS 0x00000006c5000000, 0x00000006c5000000| Complete 
|  41|0x00000006c5200000, 0x00000006c5400000, 0x00000006c5400000|100%| E|CS|TAMS 0x00000006c5200000, 0x00000006c5200000| Complete 
|  59|0x00000006c7600000, 0x00000006c7800000, 0x00000006c7800000|100%| E|CS|TAMS 0x00000006c7600000, 0x00000006c7600000| Complete 
|  60|0x00000006c7800000, 0x00000006c7a00000, 0x00000006c7a00000|100%| E|CS|TAMS 0x00000006c7800000, 0x00000006c7800000| Complete 
|  61|0x00000006c7a00000, 0x00000006c7c00000, 0x00000006c7c00000|100%| E|CS|TAMS 0x00000006c7a00000, 0x00000006c7a00000| Complete 
| 127|0x00000006cfe00000, 0x00000006d0000000, 0x00000006d0000000|100%| E|CS|TAMS 0x00000006cfe00000, 0x00000006cfe00000| Complete 

Card table byte_map: [0x00000001066e8000,0x0000000106ee8000] _byte_map_base: 0x00000001030e8000

Marking Bits (Prev, Next): (CMBitMap*) 0x000000011d80c650, (CMBitMap*) 0x000000011d80c610
 Prev Bits: [0x0000000118000000, 0x000000011c000000)
 Next Bits: [0x00000001076e8000, 0x000000010b6e8000)

Polling page: 0x00000001049c8000

Metaspace:

Usage:
  Non-class:     55.57 MB capacity,    55.19 MB (>99%) used,   293.59 KB ( <1%) free+waste,    90.44 KB ( <1%) overhead. 
      Class:      8.14 MB capacity,     7.89 MB ( 97%) used,   219.20 KB (  3%) free+waste,    34.62 KB ( <1%) overhead. 
       Both:     63.71 MB capacity,    63.08 MB (>99%) used,   512.79 KB ( <1%) free+waste,   125.06 KB ( <1%) overhead. 

Virtual space:
  Non-class space:       56.00 MB reserved,      55.67 MB (>99%) committed 
      Class space:        1.00 GB reserved,       8.19 MB ( <1%) committed 
             Both:        1.05 GB reserved,      63.86 MB (  6%) committed 

Chunk freelists:
   Non-Class:  42.00 KB
       Class:  20.00 KB
        Both:  62.00 KB

MaxMetaspaceSize: unlimited
CompressedClassSpaceSize: 1.00 GB

CodeHeap 'non-profiled nmethods': size=120032Kb used=2305Kb max_used=2415Kb free=117726Kb
 bounds [0x000000013703c000, 0x00000001372ac000, 0x000000013e574000]
CodeHeap 'profiled nmethods': size=120016Kb used=10070Kb max_used=11251Kb free=109945Kb
 bounds [0x000000012fb08000, 0x0000000130608000, 0x000000013703c000]
CodeHeap 'non-nmethods': size=5712Kb used=1313Kb max_used=1410Kb free=4398Kb
 bounds [0x000000012f574000, 0x000000012f7e4000, 0x000000012fb08000]
 total_blobs=5386 nmethods=4781 adapters=521
 compilation: enabled
              stopped_count=0, restarted_count=0
 full_count=0

Compilation events (20 events):
Event: 3.033 Thread 0x000000011e071600 nmethod 5444 0x0000000137088a10 code [0x0000000137088b80, 0x0000000137088c68]
Event: 3.033 Thread 0x000000011e071600 5445       1       com.amazonaws.partitions.PartitionRegionImpl::getName (5 bytes)
Event: 3.033 Thread 0x000000011e071600 nmethod 5445 0x0000000137088510 code [0x0000000137088680, 0x0000000137088768]
Event: 3.033 Thread 0x000000011e071600 5447       1       com.amazonaws.partitions.model.Service::getEndpoints (5 bytes)
Event: 3.033 Thread 0x000000011e071600 nmethod 5447 0x000000013708a590 code [0x000000013708a700, 0x000000013708a7e8]
Event: 3.033 Thread 0x000000011e071600 5448       2       com.amazonaws.partitions.PartitionRegionImpl::<init> (42 bytes)
Event: 3.033 Thread 0x000000011e071600 nmethod 5448 0x000000012fc1b210 code [0x000000012fc1b400, 0x000000012fc1b788]
Event: 3.033 Thread 0x000000011e071600 5449       2       com.amazonaws.partitions.PartitionMetadataProvider::cacheRegion (26 bytes)
Event: 3.033 Thread 0x000000011e071600 nmethod 5449 0x000000012fd7db10 code [0x000000012fd7dcc0, 0x000000012fd7df48]
Event: 3.033 Thread 0x000000011e071600 5450       2       com.amazonaws.regions.Region::<init> (17 bytes)
Event: 3.033 Thread 0x000000011e071600 nmethod 5450 0x000000012fbee410 code [0x000000012fbee5c0, 0x000000012fbee798]
Event: 3.034 Thread 0x000000011e071000 nmethod 5354 0x0000000137078210 code [0x0000000137078540, 0x0000000137079e70]
Event: 3.034 Thread 0x000000011e071000 5355  s!   4       jdk.internal.loader.URLClassPath::getLoader (194 bytes)
Event: 3.043 Thread 0x000000011e071600 5453   !   2       jdk.internal.loader.URLClassPath$JarLoader::getResource (354 bytes)
Event: 3.044 Thread 0x000000011e071600 nmethod 5453 0x000000012fd59b10 code [0x000000012fd59f40, 0x000000012fd5b0c8]
Event: 3.054 Thread 0x000000011e071000 nmethod 5355 0x00000001370d6510 code [0x00000001370d6a40, 0x00000001370d90f0]
Event: 3.054 Thread 0x000000011e071000 5454   !   4       jdk.internal.loader.URLClassPath$JarLoader::getResource (65 bytes)
Event: 3.069 Thread 0x000000011e071600 5460       2       java.util.regex.Pattern::sequence (704 bytes)
Event: 3.069 Thread 0x000000011e071000 nmethod 5454 0x0000000137297c90 code [0x00000001372981c0, 0x000000013729a300]
Event: 3.069 Thread 0x000000011e071000 5381       4       java.util.HashSet::add (20 bytes)

GC Heap History (20 events):
Event: 1.219 GC heap before
{Heap before GC invocations=5 (full 0):
 garbage-first heap   total 49152K, used 44396K [0x00000006c0000000, 0x00000007c0000000)
  region size 2048K, 20 young (40960K), 2 survivors (4096K)
 Metaspace       used 25340K, capacity 25709K, committed 25984K, reserved 1073152K
  class space    used 2780K, capacity 2911K, committed 2944K, reserved 1048576K
}
Event: 1.227 GC heap after
{Heap after GC invocations=6 (full 0):
 garbage-first heap   total 53248K, used 10893K [0x00000006c0000000, 0x00000007c0000000)
  region size 2048K, 2 young (4096K), 2 survivors (4096K)
 Metaspace       used 25340K, capacity 25709K, committed 25984K, reserved 1073152K
  class space    used 2780K, capacity 2911K, committed 2944K, reserved 1048576K
}
Event: 1.231 GC heap before
{Heap before GC invocations=6 (full 0):
 garbage-first heap   total 53248K, used 33421K [0x00000006c0000000, 0x00000007c0000000)
  region size 2048K, 14 young (28672K), 2 survivors (4096K)
 Metaspace       used 25341K, capacity 25709K, committed 25984K, reserved 1073152K
  class space    used 2780K, capacity 2911K, committed 2944K, reserved 1048576K
}
Event: 1.238 GC heap after
{Heap after GC invocations=7 (full 0):
 garbage-first heap   total 53248K, used 11087K [0x00000006c0000000, 0x00000007c0000000)
  region size 2048K, 1 young (2048K), 1 survivors (2048K)
 Metaspace       used 25341K, capacity 25709K, committed 25984K, reserved 1073152K
  class space    used 2780K, capacity 2911K, committed 2944K, reserved 1048576K
}
Event: 1.530 GC heap before
{Heap before GC invocations=7 (full 0):
 garbage-first heap   total 53248K, used 35663K [0x00000006c0000000, 0x00000007c0000000)
  region size 2048K, 14 young (28672K), 1 survivors (2048K)
 Metaspace       used 26886K, capacity 27262K, committed 27520K, reserved 1073152K
  class space    used 2954K, capacity 3084K, committed 3200K, reserved 1048576K
}
Event: 1.536 GC heap after
{Heap after GC invocations=8 (full 0):
 garbage-first heap   total 53248K, used 12099K [0x00000006c0000000, 0x00000007c0000000)
  region size 2048K, 2 young (4096K), 2 survivors (4096K)
 Metaspace       used 26886K, capacity 27262K, committed 27520K, reserved 1073152K
  class space    used 2954K, capacity 3084K, committed 3200K, reserved 1048576K
}
Event: 1.749 GC heap before
{Heap before GC invocations=8 (full 0):
 garbage-first heap   total 53248K, used 38723K [0x00000006c0000000, 0x00000007c0000000)
  region size 2048K, 15 young (30720K), 2 survivors (4096K)
 Metaspace       used 29615K, capacity 30010K, committed 30080K, reserved 1075200K
  class space    used 3310K, capacity 3441K, committed 3456K, reserved 1048576K
}
Event: 1.751 GC heap after
{Heap after GC invocations=9 (full 0):
 garbage-first heap   total 157696K, used 13186K [0x00000006c0000000, 0x00000007c0000000)
  region size 2048K, 2 young (4096K), 2 survivors (4096K)
 Metaspace       used 29615K, capacity 30010K, committed 30080K, reserved 1075200K
  class space    used 3310K, capacity 3441K, committed 3456K, reserved 1048576K
}
Event: 2.014 GC heap before
{Heap before GC invocations=9 (full 0):
 garbage-first heap   total 157696K, used 41858K [0x00000006c0000000, 0x00000007c0000000)
  region size 2048K, 17 young (34816K), 2 survivors (4096K)
 Metaspace       used 35117K, capacity 35562K, committed 35632K, reserved 1081344K
  class space    used 4063K, capacity 4211K, committed 4224K, reserved 1048576K
}
Event: 2.017 GC heap after
{Heap after GC invocations=10 (full 0):
 garbage-first heap   total 157696K, used 15581K [0x00000006c0000000, 0x00000007c0000000)
  region size 2048K, 3 young (6144K), 3 survivors (6144K)
 Metaspace       used 35117K, capacity 35562K, committed 35632K, reserved 1081344K
  class space    used 4063K, capacity 4211K, committed 4224K, reserved 1048576K
}
Event: 2.105 GC heap before
{Heap before GC invocations=11 (full 0):
 garbage-first heap   total 69632K, used 64733K [0x00000006c0000000, 0x00000007c0000000)
  region size 2048K, 28 young (57344K), 3 survivors (6144K)
 Metaspace       used 37175K, capacity 37710K, committed 38000K, reserved 1083392K
  class space    used 4287K, capacity 4501K, committed 4544K, reserved 1048576K
}
Event: 2.109 GC heap after
{Heap after GC invocations=12 (full 0):
 garbage-first heap   total 77824K, used 16818K [0x00000006c0000000, 0x00000007c0000000)
  region size 2048K, 4 young (8192K), 4 survivors (8192K)
 Metaspace       used 37175K, capacity 37710K, committed 38000K, reserved 1083392K
  class space    used 4287K, capacity 4501K, committed 4544K, reserved 1048576K
}
Event: 2.152 GC heap before
{Heap before GC invocations=12 (full 0):
 garbage-first heap   total 77824K, used 51634K [0x00000006c0000000, 0x00000007c0000000)
  region size 2048K, 22 young (45056K), 4 survivors (8192K)
 Metaspace       used 37900K, capacity 38446K, committed 38768K, reserved 1083392K
  class space    used 4350K, capacity 4533K, committed 4544K, reserved 1048576K
}
Event: 2.156 GC heap after
{Heap after GC invocations=13 (full 0):
 garbage-first heap   total 77824K, used 17502K [0x00000006c0000000, 0x00000007c0000000)
  region size 2048K, 2 young (4096K), 2 survivors (4096K)
 Metaspace       used 37900K, capacity 38446K, committed 38768K, reserved 1083392K
  class space    used 4350K, capacity 4533K, committed 4544K, reserved 1048576K
}
Event: 2.326 GC heap before
{Heap before GC invocations=13 (full 0):
 garbage-first heap   total 77824K, used 56414K [0x00000006c0000000, 0x00000007c0000000)
  region size 2048K, 22 young (45056K), 2 survivors (4096K)
 Metaspace       used 42339K, capacity 42853K, committed 42992K, reserved 1087488K
  class space    used 4913K, capacity 5086K, committed 5184K, reserved 1048576K
}
Event: 2.329 GC heap after
{Heap after GC invocations=14 (full 0):
 garbage-first heap   total 77824K, used 18796K [0x00000006c0000000, 0x00000007c0000000)
  region size 2048K, 2 young (4096K), 2 survivors (4096K)
 Metaspace       used 42339K, capacity 42853K, committed 42992K, reserved 1087488K
  class space    used 4913K, capacity 5086K, committed 5184K, reserved 1048576K
}
Event: 2.671 GC heap before
{Heap before GC invocations=14 (full 0):
 garbage-first heap   total 77824K, used 59756K [0x00000006c0000000, 0x00000007c0000000)
  region size 2048K, 22 young (45056K), 2 survivors (4096K)
 Metaspace       used 53728K, capacity 54357K, committed 54512K, reserved 1097728K
  class space    used 6464K, capacity 6696K, committed 6720K, reserved 1048576K
}
Event: 2.675 GC heap after
{Heap after GC invocations=15 (full 0):
 garbage-first heap   total 94208K, used 21847K [0x00000006c0000000, 0x00000007c0000000)
  region size 2048K, 3 young (6144K), 3 survivors (6144K)
 Metaspace       used 53728K, capacity 54357K, committed 54512K, reserved 1097728K
  class space    used 6464K, capacity 6696K, committed 6720K, reserved 1048576K
}
Event: 2.822 GC heap before
{Heap before GC invocations=15 (full 0):
 garbage-first heap   total 94208K, used 48471K [0x00000006c0000000, 0x00000007c0000000)
  region size 2048K, 17 young (34816K), 3 survivors (6144K)
 Metaspace       used 59143K, capacity 59725K, committed 59888K, reserved 1101824K
  class space    used 7156K, capacity 7373K, committed 7488K, reserved 1048576K
}
Event: 2.826 GC heap after
{Heap after GC invocations=16 (full 0):
 garbage-first heap   total 94208K, used 23339K [0x00000006c0000000, 0x00000007c0000000)
  region size 2048K, 3 young (6144K), 3 survivors (6144K)
 Metaspace       used 59143K, capacity 59725K, committed 59888K, reserved 1101824K
  class space    used 7156K, capacity 7373K, committed 7488K, reserved 1048576K
}

Deoptimization events (20 events):
Event: 3.013 Thread 0x000000011c8b0000 Uncommon trap: trap_request=0xffffffde fr.pc=0x000000013719d500 relative=0x00000000000011c0
Event: 3.013 Thread 0x000000011c8b0000 Uncommon trap: reason=class_check action=maybe_recompile pc=0x000000013719d500 method=java.util.concurrent.ConcurrentHashMap.putVal(Ljava/lang/Object;Ljava/lang/Object;Z)Ljava/lang/Object; @ 159 c2
Event: 3.013 Thread 0x000000011c8b0000 DEOPT PACKING pc=0x000000013719d500 sp=0x000000016ed6a550
Event: 3.013 Thread 0x000000011c8b0000 DEOPT UNPACKING pc=0x000000012f5add9c sp=0x000000016ed6a490 mode 2
Event: 3.013 Thread 0x000000011c8b0000 Uncommon trap: trap_request=0xffffffde fr.pc=0x000000013719d500 relative=0x00000000000011c0
Event: 3.013 Thread 0x000000011c8b0000 Uncommon trap: reason=class_check action=maybe_recompile pc=0x000000013719d500 method=java.util.concurrent.ConcurrentHashMap.putVal(Ljava/lang/Object;Ljava/lang/Object;Z)Ljava/lang/Object; @ 159 c2
Event: 3.013 Thread 0x000000011c8b0000 DEOPT PACKING pc=0x000000013719d500 sp=0x000000016ed6a7f0
Event: 3.013 Thread 0x000000011c8b0000 DEOPT UNPACKING pc=0x000000012f5add9c sp=0x000000016ed6a730 mode 2
Event: 3.033 Thread 0x000000011c8b0000 DEOPT PACKING pc=0x000000012fffdabc sp=0x000000016ed6b2e0
Event: 3.033 Thread 0x000000011c8b0000 DEOPT UNPACKING pc=0x000000012f5adbfc sp=0x000000016ed6b0c0 mode 1
Event: 3.033 Thread 0x000000011c8b0000 DEOPT PACKING pc=0x000000012ffff300 sp=0x000000016ed6b370
Event: 3.033 Thread 0x000000011c8b0000 DEOPT UNPACKING pc=0x000000012f5adbfc sp=0x000000016ed6b210 mode 1
Event: 3.033 Thread 0x000000011c8b0000 DEOPT PACKING pc=0x000000012ff32bf8 sp=0x000000016ed6b4b0
Event: 3.033 Thread 0x000000011c8b0000 DEOPT UNPACKING pc=0x000000012f5adbfc sp=0x000000016ed6b380 mode 1
Event: 3.069 Thread 0x000000011c8b0000 DEOPT PACKING pc=0x000000013005e96c sp=0x000000016ed6af30
Event: 3.069 Thread 0x000000011c8b0000 DEOPT UNPACKING pc=0x000000012f5adbfc sp=0x000000016ed6ad60 mode 1
Event: 3.069 Thread 0x000000011c8b0000 DEOPT PACKING pc=0x000000013044cccc sp=0x000000016ed6b040
Event: 3.069 Thread 0x000000011c8b0000 DEOPT UNPACKING pc=0x000000012f5adbfc sp=0x000000016ed6ae90 mode 1
Event: 3.069 Thread 0x000000011c8b0000 DEOPT PACKING pc=0x000000013054dea8 sp=0x000000016ed6b140
Event: 3.069 Thread 0x000000011c8b0000 DEOPT UNPACKING pc=0x000000012f5adbfc sp=0x000000016ed6af60 mode 1

Classes unloaded (0 events):
No events

Classes redefined (0 events):
No events

Internal exceptions (20 events):
Event: 1.982 Thread 0x000000011c8b0000 Exception <a 'java/lang/NoSuchMethodError'{0x00000006c80afff8}: 'void java.lang.invoke.DirectMethodHandle$Holder.invokeStatic(java.lang.Object, java.lang.Object, int)'> (0x00000006c80afff8) 
thrown [src/hotspot/share/interpreter/linkResolver.cpp, line 782]
Event: 1.994 Thread 0x000000011c8b0000 Exception <a 'java/lang/NoSuchMethodError'{0x00000006c81fe2a8}: 'void java.lang.invoke.DirectMethodHandle$Holder.invokeInterface(java.lang.Object, java.lang.Object, int)'> (0x00000006c81fe2a8) 
thrown [src/hotspot/share/interpreter/linkResolver.cpp, line 782]
Event: 1.997 Thread 0x000000011c8b0000 Exception <a 'java/lang/IncompatibleClassChangeError'{0x00000006c7e54698}: Found class java.lang.Object, but interface was expected> (0x00000006c7e54698) 
thrown [src/hotspot/share/interpreter/linkResolver.cpp, line 848]
Event: 1.997 Thread 0x000000011c8b0000 Exception <a 'java/lang/NoSuchMethodError'{0x00000006c7e59d80}: 'void java.lang.invoke.DirectMethodHandle$Holder.invokeStatic(java.lang.Object, int, java.lang.Object)'> (0x00000006c7e59d80) 
thrown [src/hotspot/share/interpreter/linkResolver.cpp, line 782]
Event: 1.998 Thread 0x000000011c8b0000 Exception <a 'java/lang/NoSuchMethodError'{0x00000006c7e8da10}: 'int java.lang.invoke.DirectMethodHandle$Holder.invokeSpecial(java.lang.Object, java.lang.Object, int)'> (0x00000006c7e8da10) 
thrown [src/hotspot/share/interpreter/linkResolver.cpp, line 782]
Event: 2.171 Thread 0x000000011c8b0000 Exception <a 'java/io/FileNotFoundException'{0x00000006c3df3808}> (0x00000006c3df3808) 
thrown [src/hotspot/share/prims/jni.cpp, line 578]
Event: 2.172 Thread 0x000000011c8b0000 Exception <a 'java/io/FileNotFoundException'{0x00000006c3df4d60}> (0x00000006c3df4d60) 
thrown [src/hotspot/share/prims/jni.cpp, line 578]
Event: 2.179 Thread 0x000000011c8b0000 Exception <a 'java/lang/NoSuchMethodError'{0x00000006c3837f50}: 'int java.lang.invoke.DirectMethodHandle$Holder.invokeInterface(java.lang.Object, java.lang.Object, java.lang.Object, java.lang.Object)'> (0x00000006c3837f50) 
thrown [src/hotspot/share/interpreter/linkResolver.cpp, line 782]
Event: 2.201 Thread 0x000000011c8b0000 Exception <a 'java/lang/NoSuchMethodError'{0x00000006c3705780}: 'long java.lang.invoke.DirectMethodHandle$Holder.invokeVirtual(java.lang.Object, java.lang.Object)'> (0x00000006c3705780) 
thrown [src/hotspot/share/interpreter/linkResolver.cpp, line 782]
Event: 2.208 Thread 0x000000011c8b0000 Exception <a 'java/lang/NoSuchMethodError'{0x00000006c37c3920}: static Lorg/springframework/security/web/csrf/DefaultCsrfToken;.<clinit>()V> (0x00000006c37c3920) 
thrown [src/hotspot/share/prims/jni.cpp, line 1204]
Event: 2.210 Thread 0x000000011c8b0000 Exception <a 'java/lang/NoSuchMethodError'{0x00000006c37ffac8}: static Lorg/springframework/security/authentication/AbstractAuthenticationToken;.<clinit>()V> (0x00000006c37ffac8) 
thrown [src/hotspot/share/prims/jni.cpp, line 1204]
Event: 2.248 Thread 0x000000011c8b0000 Exception <a 'java/lang/IncompatibleClassChangeError'{0x00000006c2f6faf8}: Found class java.lang.Object, but interface was expected> (0x00000006c2f6faf8) 
thrown [src/hotspot/share/interpreter/linkResolver.cpp, line 848]
Event: 2.255 Thread 0x000000011c8b0000 Exception <a 'java/lang/ClassNotFoundException'{0x00000006c2ff3480}: jdk/internal/platform/CgroupMetrics> (0x00000006c2ff3480) 
thrown [src/hotspot/share/classfile/systemDictionary.cpp, line 295]
Event: 2.306 Thread 0x000000011c8b0000 Implicit null exception at 0x000000013715df68 to 0x000000013715e2bc
Event: 2.579 Thread 0x000000011c8b0000 Exception <a 'java/lang/NoSuchMethodError'{0x00000006c2bb2b30}: 'int java.lang.invoke.DirectMethodHandle$Holder.invokeStaticInit(java.lang.Object, java.lang.Object, java.lang.Object, java.lang.Object)'> (0x00000006c2bb2b30) 
thrown [src/hotspot/share/interpreter/linkResolver.cpp, line 782]
Event: 2.693 Thread 0x000000011c8b0000 Exception <a 'java/lang/NoSuchMethodError'{0x00000006c7abc748}: 'java.lang.Object java.lang.invoke.DirectMethodHandle$Holder.invokeStaticInit(java.lang.Object, java.lang.Object, java.lang.Object, java.lang.Object)'> (0x00000006c7abc748) 
thrown [src/hotspot/share/interpreter/linkResolver.cpp, line 782]
Event: 2.766 Thread 0x000000011c8b0000 Exception <a 'java/lang/NoSuchMethodError'{0x00000006c4d302b0}: 'java.lang.Object java.lang.invoke.DirectMethodHandle$Holder.newInvokeSpecial(java.lang.Object, java.lang.Object, int, java.lang.Object, java.lang.Object)'> (0x00000006c4d302b0) 
thrown [src/hotspot/share/interpreter/linkResolver.cpp, line 782]
Event: 2.955 Thread 0x000000011c8b0000 Exception <a 'java/lang/NoSuchMethodError'{0x00000006c477f8d8}: 'void java.lang.invoke.DirectMethodHandle$Holder.invokeInterface(java.lang.Object, java.lang.Object)'> (0x00000006c477f8d8) 
thrown [src/hotspot/share/interpreter/linkResolver.cpp, line 782]
Event: 2.956 Thread 0x000000011c8b0000 Exception <a 'java/lang/NoSuchMethodError'{0x00000006c4795f68}: 'int java.lang.invoke.DirectMethodHandle$Holder.invokeStatic(java.lang.Object, java.lang.Object, int)'> (0x00000006c4795f68) 
thrown [src/hotspot/share/interpreter/linkResolver.cpp, line 782]
Event: 2.960 Thread 0x000000011c8b0000 Exception <a 'java/lang/NoSuchMethodError'{0x00000006c444d358}: 'java.lang.Object java.lang.invoke.DirectMethodHandle$Holder.invokeStaticInit(java.lang.Object, java.lang.Object, java.lang.Object, java.lang.Object, int, int)'> (0x00000006c444d358) 
thrown [src/hotspot/share/interpreter/linkResolver.cpp, line 782]

Events (20 events):
Event: 3.068 loading class com/amazonaws/internal/SdkMetricsSocket done
Event: 3.068 loading class org/apache/http/conn/ssl/AllowAllHostnameVerifier
Event: 3.068 loading class org/apache/http/conn/ssl/AllowAllHostnameVerifier done
Event: 3.068 loading class org/apache/http/conn/ssl/AbstractVerifier
Event: 3.068 loading class org/apache/http/conn/ssl/AbstractVerifier done
Event: 3.068 loading class org/apache/http/conn/ssl/BrowserCompatHostnameVerifier
Event: 3.068 loading class org/apache/http/conn/ssl/BrowserCompatHostnameVerifier done
Event: 3.068 loading class org/apache/http/conn/ssl/StrictHostnameVerifier
Event: 3.068 loading class org/apache/http/conn/ssl/StrictHostnameVerifier done
Event: 3.069 loading class com/amazonaws/http/SystemPropertyTlsKeyManagersProvider
Event: 3.069 loading class com/amazonaws/http/SystemPropertyTlsKeyManagersProvider done
Event: 3.069 loading class com/amazonaws/http/AbstractFileTlsKeyManagersProvider
Event: 3.069 loading class com/amazonaws/http/AbstractFileTlsKeyManagersProvider done
Event: 3.069 loading class com/amazonaws/internal/SdkSSLContext
Event: 3.069 loading class com/amazonaws/internal/SdkSSLContext done
Event: 3.069 loading class org/apache/http/conn/ssl/SSLInitializationException
Event: 3.069 loading class org/apache/http/conn/ssl/SSLInitializationException done
Event: 3.069 loading class sun/security/ssl/TrustStoreManager
Event: 3.069 loading class sun/security/ssl/TrustStoreManager done
Event: 3.069 Executing VM operation: HandshakeAllThreads


Dynamic libraries:
0x0000000104a24000 	/Library/Java/JavaVirtualMachines/zulu-15.jdk/Contents/Home/lib/libjli.dylib
0x00000001948a3000 	/usr/lib/libz.1.dylib
0x000000019495d000 	/usr/lib/libSystem.B.dylib
0x0000000194957000 	/usr/lib/system/libcache.dylib
0x0000000194910000 	/usr/lib/system/libcommonCrypto.dylib
0x000000019493e000 	/usr/lib/system/libcompiler_rt.dylib
0x0000000194934000 	/usr/lib/system/libcopyfile.dylib
0x00000001890ff000 	/usr/lib/system/libcorecrypto.dylib
0x00000001891b7000 	/usr/lib/system/libdispatch.dylib
0x0000000189348000 	/usr/lib/system/libdyld.dylib
0x000000019494d000 	/usr/lib/system/libkeymgr.dylib
0x00000001948ee000 	/usr/lib/system/libmacho.dylib
0x0000000193fca000 	/usr/lib/system/libquarantine.dylib
0x000000019494a000 	/usr/lib/system/libremovefile.dylib
0x000000018dfd7000 	/usr/lib/system/libsystem_asl.dylib
0x000000018909d000 	/usr/lib/system/libsystem_blocks.dylib
0x0000000189202000 	/usr/lib/system/libsystem_c.dylib
0x0000000194942000 	/usr/lib/system/libsystem_collections.dylib
0x00000001934f3000 	/usr/lib/system/libsystem_configuration.dylib
0x000000019257d000 	/usr/lib/system/libsystem_containermanager.dylib
0x00000001945ff000 	/usr/lib/system/libsystem_coreservices.dylib
0x000000018c174000 	/usr/lib/system/libsystem_darwin.dylib
0x000000019494e000 	/usr/lib/system/libsystem_dnssd.dylib
0x00000001891ff000 	/usr/lib/system/libsystem_featureflags.dylib
0x0000000189374000 	/usr/lib/system/libsystem_info.dylib
0x00000001948b5000 	/usr/lib/system/libsystem_m.dylib
0x000000018918b000 	/usr/lib/system/libsystem_malloc.dylib
0x000000018df57000 	/usr/lib/system/libsystem_networkextension.dylib
0x000000018c5de000 	/usr/lib/system/libsystem_notify.dylib
0x00000001934f8000 	/usr/lib/system/libsystem_sandbox.dylib
0x0000000194947000 	/usr/lib/system/libsystem_secinit.dylib
0x0000000189302000 	/usr/lib/system/libsystem_kernel.dylib
0x000000018936c000 	/usr/lib/system/libsystem_platform.dylib
0x000000018933b000 	/usr/lib/system/libsystem_pthread.dylib
0x000000018f7a6000 	/usr/lib/system/libsystem_symptoms.dylib
0x00000001890e5000 	/usr/lib/system/libsystem_trace.dylib
0x0000000194921000 	/usr/lib/system/libunwind.dylib
0x00000001890a2000 	/usr/lib/system/libxpc.dylib
0x00000001892ea000 	/usr/lib/libc++abi.dylib
0x0000000188fcc000 	/usr/lib/libobjc.A.dylib
0x000000019492c000 	/usr/lib/liboah.dylib
0x0000000189283000 	/usr/lib/libc++.1.dylib
0x00000001a0724000 	/System/Library/Frameworks/Cocoa.framework/Versions/A/Cocoa
0x000000018c63f000 	/System/Library/Frameworks/AppKit.framework/Versions/C/AppKit
0x000000018efd9000 	/System/Library/Frameworks/CoreData.framework/Versions/A/CoreData
0x000000018a2cb000 	/System/Library/Frameworks/Foundation.framework/Versions/C/Foundation
0x000000018d547000 	/System/Library/PrivateFrameworks/UIFoundation.framework/Versions/A/UIFoundation
0x00000001f3fe7000 	/System/Library/PrivateFrameworks/CollectionViewCore.framework/Versions/A/CollectionViewCore
0x000000019abe5000 	/System/Library/PrivateFrameworks/RemoteViewServices.framework/Versions/A/RemoteViewServices
0x0000000192dad000 	/System/Library/PrivateFrameworks/XCTTargetBootstrap.framework/Versions/A/XCTTargetBootstrap
0x00000001966ef000 	/System/Library/PrivateFrameworks/InternationalSupport.framework/Versions/A/InternationalSupport
0x0000000196776000 	/System/Library/PrivateFrameworks/UserActivity.framework/Versions/A/UserActivity
0x000000020abb0000 	/System/Library/PrivateFrameworks/WindowManagement.framework/Versions/A/WindowManagement
0x0000000189f95000 	/System/Library/Frameworks/SystemConfiguration.framework/Versions/A/SystemConfiguration
0x0000000195bf4000 	/usr/lib/libspindump.dylib
0x000000018d6ec000 	/System/Library/Frameworks/UniformTypeIdentifiers.framework/Versions/A/UniformTypeIdentifiers
0x00000001910d8000 	/usr/lib/libapp_launch_measurement.dylib
0x000000019058a000 	/System/Library/PrivateFrameworks/CoreAnalytics.framework/Versions/A/CoreAnalytics
0x00000001910df000 	/System/Library/PrivateFrameworks/CoreAutoLayout.framework/Versions/A/CoreAutoLayout
0x00000001925cf000 	/System/Library/Frameworks/Metal.framework/Versions/A/Metal
0x0000000193504000 	/usr/lib/liblangid.dylib
0x0000000192db3000 	/System/Library/PrivateFrameworks/CoreSVG.framework/Versions/A/CoreSVG
0x000000018e00d000 	/System/Library/PrivateFrameworks/SkyLight.framework/Versions/A/SkyLight
0x000000018e424000 	/System/Library/Frameworks/CoreGraphics.framework/Versions/A/CoreGraphics
0x000000019b2b4000 	/System/Library/Frameworks/Accelerate.framework/Versions/A/Accelerate
0x0000000195662000 	/System/Library/PrivateFrameworks/IconServices.framework/Versions/A/IconServices
0x00000001925af000 	/System/Library/Frameworks/IOSurface.framework/Versions/A/IOSurface
0x00000001905b7000 	/usr/lib/libDiagnosticMessagesClient.dylib
0x000000019e510000 	/System/Library/Frameworks/ApplicationServices.framework/Versions/A/ApplicationServices
0x0000000192d95000 	/System/Library/PrivateFrameworks/DFRFoundation.framework/Versions/A/DFRFoundation
0x000000018bebd000 	/usr/lib/libicucore.A.dylib
0x000000019767e000 	/System/Library/Frameworks/AudioToolbox.framework/Versions/A/AudioToolbox
0x00000001966fa000 	/System/Library/PrivateFrameworks/DataDetectorsCore.framework/Versions/A/DataDetectorsCore
0x00000001ad706000 	/System/Library/PrivateFrameworks/TextInput.framework/Versions/A/TextInput
0x000000018df72000 	/usr/lib/libMobileGestalt.dylib
0x0000000192a61000 	/System/Library/Frameworks/Carbon.framework/Versions/A/Frameworks/HIToolbox.framework/Versions/A/HIToolbox
0x0000000190a62000 	/System/Library/Frameworks/QuartzCore.framework/Versions/A/QuartzCore
0x000000018bb1a000 	/System/Library/Frameworks/Security.framework/Versions/A/Security
0x000000019ac25000 	/System/Library/Frameworks/Carbon.framework/Versions/A/Frameworks/SpeechRecognition.framework/Versions/A/SpeechRecognition
0x0000000190e17000 	/System/Library/PrivateFrameworks/CoreUI.framework/Versions/A/CoreUI
0x000000018b43a000 	/System/Library/Frameworks/CoreAudio.framework/Versions/A/CoreAudio
0x0000000190693000 	/System/Library/Frameworks/DiskArbitration.framework/Versions/A/DiskArbitration
0x0000000196027000 	/System/Library/PrivateFrameworks/MultitouchSupport.framework/Versions/A/MultitouchSupport
0x000000018df70000 	/usr/lib/libenergytrace.dylib
0x000000018c502000 	/System/Library/Frameworks/IOKit.framework/Versions/A/IOKit
0x000000019b008000 	/System/Library/Frameworks/CoreServices.framework/Versions/A/CoreServices
0x0000000191065000 	/System/Library/PrivateFrameworks/PerformanceAnalysis.framework/Versions/A/PerformanceAnalysis
0x00000001d7689000 	/System/Library/Frameworks/OpenGL.framework/Versions/A/OpenGL
0x0000000191129000 	/usr/lib/libxml2.2.dylib
0x0000000193ed1000 	/System/Library/PrivateFrameworks/MobileKeyBag.framework/Versions/A/MobileKeyBag
0x000000018ea6e000 	/System/Library/Frameworks/ColorSync.framework/Versions/A/ColorSync
0x00000001893a0000 	/System/Library/Frameworks/CoreFoundation.framework/Versions/A/CoreFoundation
0x000000019312b000 	/System/Library/Frameworks/CoreImage.framework/Versions/A/CoreImage
0x000000018b25b000 	/System/Library/Frameworks/CoreText.framework/Versions/A/CoreText
0x0000000192dec000 	/System/Library/Frameworks/ImageIO.framework/Versions/A/ImageIO
0x0000000194963000 	/System/Library/PrivateFrameworks/SoftLinking.framework/Versions/A/SoftLinking
0x0000000194bf6000 	/usr/lib/libcompression.dylib
0x000000019664b000 	/System/Library/PrivateFrameworks/TextureIO.framework/Versions/A/TextureIO
0x0000000195334000 	/usr/lib/libate.dylib
0x00000001951f3000 	/usr/lib/liblzma.5.dylib
0x000000019495f000 	/usr/lib/libfakelink.dylib
0x000000018db97000 	/System/Library/Frameworks/CFNetwork.framework/Versions/A/CFNetwork
0x0000000194a9e000 	/usr/lib/libarchive.2.dylib
0x0000000198f72000 	/System/Library/Frameworks/Combine.framework/Versions/A/Combine
0x0000000197048000 	/usr/lib/swift/libswiftCore.dylib
0x00000001aa80a000 	/usr/lib/swift/libswiftCoreFoundation.dylib
0x00000001a870a000 	/usr/lib/swift/libswiftDarwin.dylib
0x000000019c524000 	/usr/lib/swift/libswiftDispatch.dylib
0x00000001aa82b000 	/usr/lib/swift/libswiftIOKit.dylib
0x000000019e92b000 	/usr/lib/swift/libswiftObjectiveC.dylib
0x00000001aa81e000 	/usr/lib/swift/libswiftXPC.dylib
0x0000000211393000 	/usr/lib/swift/libswift_Concurrency.dylib
0x00000002114e5000 	/usr/lib/swift/libswift_StringProcessing.dylib
0x000000019e92f000 	/usr/lib/swift/libswiftos.dylib
0x000000018c487000 	/System/Library/PrivateFrameworks/CoreServicesInternal.framework/Versions/A/CoreServicesInternal
0x0000000193ff5000 	/usr/lib/libbsm.0.dylib
0x00000001948f4000 	/usr/lib/system/libkxld.dylib
0x00000001910a1000 	/System/Library/Frameworks/CoreServices.framework/Versions/A/Frameworks/FSEvents.framework/Versions/A/FSEvents
0x000000018c17f000 	/System/Library/Frameworks/CoreServices.framework/Versions/A/Frameworks/CarbonCore.framework/Versions/A/CarbonCore
0x00000001905fa000 	/System/Library/Frameworks/CoreServices.framework/Versions/A/Frameworks/Metadata.framework/Versions/A/Metadata
0x0000000194605000 	/System/Library/Frameworks/CoreServices.framework/Versions/A/Frameworks/OSServices.framework/Versions/A/OSServices
0x0000000194b25000 	/System/Library/Frameworks/CoreServices.framework/Versions/A/Frameworks/SearchKit.framework/Versions/A/SearchKit
0x000000018f729000 	/System/Library/Frameworks/CoreServices.framework/Versions/A/Frameworks/AE.framework/Versions/A/AE
0x0000000189878000 	/System/Library/Frameworks/CoreServices.framework/Versions/A/Frameworks/LaunchServices.framework/Versions/A/LaunchServices
0x000000019519c000 	/System/Library/Frameworks/CoreServices.framework/Versions/A/Frameworks/DictionaryServices.framework/Versions/A/DictionaryServices
0x00000001910ae000 	/System/Library/Frameworks/CoreServices.framework/Versions/A/Frameworks/SharedFileList.framework/Versions/A/SharedFileList
0x0000000194bc4000 	/usr/lib/libapple_nghttp2.dylib
0x000000018db93000 	/usr/lib/libnetwork.dylib
0x000000018f3ae000 	/usr/lib/libsqlite3.dylib
0x000000018f7af000 	/System/Library/Frameworks/Network.framework/Versions/A/Network
0x0000000210519000 	/usr/lib/libCoreEntitlements.dylib
0x00000001fd426000 	/System/Library/PrivateFrameworks/MessageSecurity.framework/Versions/A/MessageSecurity
0x000000018f394000 	/System/Library/PrivateFrameworks/ProtocolBuffer.framework/Versions/A/ProtocolBuffer
0x00000001945e1000 	/System/Library/PrivateFrameworks/AppleFSCompression.framework/Versions/A/AppleFSCompression
0x0000000193fdd000 	/usr/lib/libcoretls.dylib
0x000000019520c000 	/usr/lib/libcoretls_cfhelpers.dylib
0x0000000194bf1000 	/usr/lib/libpam.2.dylib
0x0000000195272000 	/usr/lib/libxar.1.dylib
0x000000019563d000 	/usr/lib/libheimdal-asn1.dylib
0x0000000194964000 	/usr/lib/libpcap.A.dylib
0x000000018f79c000 	/usr/lib/libdns_services.dylib
0x0000000193500000 	/System/Library/PrivateFrameworks/AppleSystemInfo.framework/Versions/A/AppleSystemInfo
0x0000000193cd2000 	/System/Library/PrivateFrameworks/IOMobileFramebuffer.framework/Versions/A/IOMobileFramebuffer
0x00000001945f2000 	/usr/lib/libbz2.1.0.dylib
0x0000000193fcd000 	/usr/lib/libCheckFix.dylib
0x000000018dfef000 	/System/Library/PrivateFrameworks/TCC.framework/Versions/A/TCC
0x0000000193506000 	/System/Library/PrivateFrameworks/CoreNLP.framework/Versions/A/CoreNLP
0x00000001905b9000 	/System/Library/PrivateFrameworks/MetadataUtilities.framework/Versions/A/MetadataUtilities
0x0000000194006000 	/usr/lib/libmecab.dylib
0x000000018a01f000 	/usr/lib/libCRFSuite.dylib
0x0000000194063000 	/usr/lib/libgermantok.dylib
0x0000000194b9d000 	/usr/lib/libThaiTokenizer.dylib
0x000000019069c000 	/System/Library/Frameworks/Accelerate.framework/Versions/A/Frameworks/vImage.framework/Versions/A/vImage
0x000000019afdf000 	/System/Library/Frameworks/Accelerate.framework/Versions/A/Frameworks/vecLib.framework/Versions/A/vecLib
0x00000001952b8000 	/System/Library/Frameworks/Accelerate.framework/Versions/A/Frameworks/vecLib.framework/Versions/A/libvMisc.dylib
0x0000000193bd2000 	/System/Library/Frameworks/Accelerate.framework/Versions/A/Frameworks/vecLib.framework/Versions/A/libvDSP.dylib
0x0000000189c2b000 	/System/Library/Frameworks/Accelerate.framework/Versions/A/Frameworks/vecLib.framework/Versions/A/libBLAS.dylib
0x0000000194cc8000 	/System/Library/Frameworks/Accelerate.framework/Versions/A/Frameworks/vecLib.framework/Versions/A/libLAPACK.dylib
0x0000000194066000 	/System/Library/Frameworks/Accelerate.framework/Versions/A/Frameworks/vecLib.framework/Versions/A/libLinearAlgebra.dylib
0x0000000194bdc000 	/System/Library/Frameworks/Accelerate.framework/Versions/A/Frameworks/vecLib.framework/Versions/A/libSparseBLAS.dylib
0x0000000194cc3000 	/System/Library/Frameworks/Accelerate.framework/Versions/A/Frameworks/vecLib.framework/Versions/A/libQuadrature.dylib
0x00000001935ff000 	/System/Library/Frameworks/Accelerate.framework/Versions/A/Frameworks/vecLib.framework/Versions/A/libBNNS.dylib
0x0000000189f2e000 	/System/Library/Frameworks/Accelerate.framework/Versions/A/Frameworks/vecLib.framework/Versions/A/libSparse.dylib
0x00000001fc792000 	/System/Library/PrivateFrameworks/MIL.framework/Versions/A/MIL
0x0000000194999000 	/usr/lib/libiconv.2.dylib
0x00000001948ed000 	/usr/lib/libcharset.1.dylib
0x0000000191081000 	/System/Library/Frameworks/OpenDirectory.framework/Versions/A/Frameworks/CFOpenDirectory.framework/Versions/A/CFOpenDirectory
0x0000000191071000 	/System/Library/Frameworks/OpenDirectory.framework/Versions/A/OpenDirectory
0x000000019520e000 	/System/Library/PrivateFrameworks/APFS.framework/Versions/A/APFS
0x0000000193f08000 	/System/Library/Frameworks/SecurityFoundation.framework/Versions/A/SecurityFoundation
0x0000000195281000 	/usr/lib/libutil.dylib
0x00000001fb88a000 	/System/Library/PrivateFrameworks/InstalledContentLibrary.framework/Versions/A/InstalledContentLibrary
0x000000018c4c5000 	/System/Library/PrivateFrameworks/CoreServicesStore.framework/Versions/A/CoreServicesStore
0x00000001f295e000 	/System/Library/PrivateFrameworks/AppleMobileFileIntegrity.framework/Versions/A/AppleMobileFileIntegrity
0x00000001aa7e9000 	/usr/lib/libmis.dylib
0x00000001b85ec000 	/System/Library/PrivateFrameworks/MobileSystemServices.framework/Versions/A/MobileSystemServices
0x00000001d29c9000 	/System/Library/PrivateFrameworks/ConfigProfileHelper.framework/Versions/A/ConfigProfileHelper
0x0000000194b9f000 	/System/Library/PrivateFrameworks/AppleSauce.framework/Versions/A/AppleSauce
0x000000018ad04000 	/System/Library/PrivateFrameworks/LanguageModeling.framework/Versions/A/LanguageModeling
0x0000000195285000 	/usr/lib/libxslt.1.dylib
0x0000000194a8c000 	/usr/lib/libcmph.dylib
0x0000000193cbf000 	/System/Library/PrivateFrameworks/CoreEmoji.framework/Versions/A/CoreEmoji
0x00000001935f9000 	/System/Library/PrivateFrameworks/LinguisticData.framework/Versions/A/LinguisticData
0x0000000189ee6000 	/System/Library/PrivateFrameworks/Lexicon.framework/Versions/A/Lexicon
0x0000000193f9b000 	/System/Library/PrivateFrameworks/BackgroundTaskManagement.framework/Versions/A/BackgroundTaskManagement
0x00000002106b8000 	/usr/lib/libTLE.dylib
0x0000000211430000 	/usr/lib/swift/libswift_RegexParser.dylib
0x0000000195eec000 	/System/Library/PrivateFrameworks/AppleJPEG.framework/Versions/A/AppleJPEG
0x0000000195622000 	/usr/lib/libexpat.1.dylib
0x00000001964ad000 	/System/Library/Frameworks/ImageIO.framework/Versions/A/Resources/libPng.dylib
0x00000001964d8000 	/System/Library/Frameworks/ImageIO.framework/Versions/A/Resources/libTIFF.dylib
0x00000001965c1000 	/System/Library/Frameworks/ImageIO.framework/Versions/A/Resources/libGIF.dylib
0x0000000195f31000 	/System/Library/Frameworks/ImageIO.framework/Versions/A/Resources/libJP2.dylib
0x0000000196565000 	/System/Library/Frameworks/ImageIO.framework/Versions/A/Resources/libJPEG.dylib
0x000000019655c000 	/System/Library/Frameworks/ImageIO.framework/Versions/A/Resources/libRadiance.dylib
0x00000001928ea000 	/System/Library/PrivateFrameworks/FontServices.framework/libFontParser.dylib
0x000000018f6cb000 	/System/Library/PrivateFrameworks/RunningBoardServices.framework/Versions/A/RunningBoardServices
0x00000001a0e4d000 	/System/Library/PrivateFrameworks/IOSurfaceAccelerator.framework/Versions/A/IOSurfaceAccelerator
0x0000000196023000 	/System/Library/PrivateFrameworks/WatchdogClient.framework/Versions/A/WatchdogClient
0x000000018ae7d000 	/System/Library/Frameworks/CoreDisplay.framework/Versions/A/CoreDisplay
0x00000001927c5000 	/System/Library/Frameworks/CoreMedia.framework/Versions/A/CoreMedia
0x00000001925c5000 	/System/Library/PrivateFrameworks/IOAccelerator.framework/Versions/A/IOAccelerator
0x0000000191212000 	/System/Library/Frameworks/CoreVideo.framework/Versions/A/CoreVideo
0x0000000194bef000 	/System/Library/Frameworks/MetalPerformanceShaders.framework/Versions/A/MetalPerformanceShaders
0x0000000196062000 	/System/Library/Frameworks/VideoToolbox.framework/Versions/A/VideoToolbox
0x000000018f60f000 	/System/Library/PrivateFrameworks/BaseBoard.framework/Versions/A/BaseBoard
0x0000000196557000 	/System/Library/PrivateFrameworks/GPUWrangler.framework/Versions/A/GPUWrangler
0x0000000196537000 	/System/Library/PrivateFrameworks/IOPresentment.framework/Versions/A/IOPresentment
0x000000019655f000 	/System/Library/PrivateFrameworks/DSExternalDisplay.framework/Versions/A/DSExternalDisplay
0x00000001f80e4000 	/System/Library/PrivateFrameworks/GPUCompiler.framework/Versions/31001/Libraries/libllvm-flatbuffers.dylib
0x00000001d767c000 	/System/Library/Frameworks/OpenGL.framework/Versions/A/Libraries/libCoreFSCache.dylib
0x00000001f80e0000 	/System/Library/PrivateFrameworks/GPUCompiler.framework/Versions/31001/Libraries/libGPUCompilerUtils.dylib
0x00000001965c7000 	/System/Library/PrivateFrameworks/CMCaptureCore.framework/Versions/A/CMCaptureCore
0x00000001ecc11000 	/System/Library/Frameworks/ExtensionFoundation.framework/Versions/A/ExtensionFoundation
0x000000019ccc9000 	/System/Library/PrivateFrameworks/CoreTime.framework/Versions/A/CoreTime
0x0000000195bdf000 	/System/Library/PrivateFrameworks/AppServerSupport.framework/Versions/A/AppServerSupport
0x0000000197f60000 	/System/Library/PrivateFrameworks/perfdata.framework/Versions/A/perfdata
0x000000018af9d000 	/System/Library/PrivateFrameworks/AudioToolboxCore.framework/Versions/A/AudioToolboxCore
0x000000019279b000 	/System/Library/PrivateFrameworks/caulk.framework/Versions/A/caulk
0x000000019781d000 	/usr/lib/libAudioStatistics.dylib
0x00000001a9c25000 	/System/Library/PrivateFrameworks/SystemPolicy.framework/Versions/A/SystemPolicy
0x0000000197abf000 	/usr/lib/libSMC.dylib
0x00000001a05f9000 	/System/Library/Frameworks/CoreMIDI.framework/Versions/A/CoreMIDI
0x000000019647a000 	/usr/lib/libAudioToolboxUtility.dylib
0x00000001a59dd000 	/System/Library/PrivateFrameworks/OSAServicesClient.framework/Versions/A/OSAServicesClient
0x0000000197f6d000 	/usr/lib/libperfcheck.dylib
0x000000019550d000 	/System/Library/PrivateFrameworks/PlugInKit.framework/Versions/A/PlugInKit
0x0000000193efa000 	/System/Library/PrivateFrameworks/AssertionServices.framework/Versions/A/AssertionServices
0x00000001d76de000 	/System/Library/Frameworks/OpenGL.framework/Versions/A/Libraries/libGLU.dylib
0x00000001d769d000 	/System/Library/Frameworks/OpenGL.framework/Versions/A/Libraries/libGFXShared.dylib
0x00000001d7884000 	/System/Library/Frameworks/OpenGL.framework/Versions/A/Libraries/libGL.dylib
0x00000001d76a6000 	/System/Library/Frameworks/OpenGL.framework/Versions/A/Libraries/libGLImage.dylib
0x00000001d769a000 	/System/Library/Frameworks/OpenGL.framework/Versions/A/Libraries/libCVMSPluginSupport.dylib
0x0000000210697000 	/usr/lib/libRosetta.dylib
0x00000001d7683000 	/System/Library/Frameworks/OpenGL.framework/Versions/A/Libraries/libCoreVMClient.dylib
0x000000019347d000 	/System/Library/Frameworks/MetalPerformanceShaders.framework/Versions/A/Frameworks/MPSCore.framework/Versions/A/MPSCore
0x0000000194557000 	/System/Library/Frameworks/MetalPerformanceShaders.framework/Versions/A/Frameworks/MPSImage.framework/Versions/A/MPSImage
0x000000019407b000 	/System/Library/Frameworks/MetalPerformanceShaders.framework/Versions/A/Frameworks/MPSNeuralNetwork.framework/Versions/A/MPSNeuralNetwork
0x0000000194467000 	/System/Library/Frameworks/MetalPerformanceShaders.framework/Versions/A/Frameworks/MPSMatrix.framework/Versions/A/MPSMatrix
0x0000000194279000 	/System/Library/Frameworks/MetalPerformanceShaders.framework/Versions/A/Frameworks/MPSRayIntersector.framework/Versions/A/MPSRayIntersector
0x0000000194495000 	/System/Library/Frameworks/MetalPerformanceShaders.framework/Versions/A/Frameworks/MPSNDArray.framework/Versions/A/MPSNDArray
0x00000001edfca000 	/System/Library/Frameworks/MetalPerformanceShaders.framework/Versions/A/Frameworks/MPSFunctions.framework/Versions/A/MPSFunctions
0x0000000189af1000 	/System/Library/PrivateFrameworks/MetalTools.framework/Versions/A/MetalTools
0x00000001934fe000 	/System/Library/PrivateFrameworks/AggregateDictionary.framework/Versions/A/AggregateDictionary
0x00000001953c6000 	/usr/lib/libIOReport.dylib
0x000000019f7ef000 	/System/Library/PrivateFrameworks/ASEProcessing.framework/Versions/A/ASEProcessing
0x000000019577d000 	/System/Library/PrivateFrameworks/GraphVisualizer.framework/Versions/A/GraphVisualizer
0x00000001f7ff1000 	/System/Library/PrivateFrameworks/FontServices.framework/Versions/A/FontServices
0x0000000195b9d000 	/System/Library/PrivateFrameworks/OTSVG.framework/Versions/A/OTSVG
0x0000000190dc5000 	/System/Library/Frameworks/ApplicationServices.framework/Versions/A/Frameworks/ATS.framework/Versions/A/Resources/libFontRegistry.dylib
0x0000000195be9000 	/System/Library/PrivateFrameworks/FontServices.framework/libhvf.dylib
0x00000001f7ff2000 	/System/Library/PrivateFrameworks/FontServices.framework/libXTFontStaticRegistryData.dylib
0x0000000209a16000 	/System/Library/PrivateFrameworks/VideoToolboxParavirtualizationSupport.framework/Versions/A/VideoToolboxParavirtualizationSupport
0x00000001955d6000 	/System/Library/PrivateFrameworks/AppleVA.framework/Versions/A/AppleVA
0x000000019785d000 	/System/Library/Frameworks/ApplicationServices.framework/Versions/A/Frameworks/ATS.framework/Versions/A/ATS
0x000000018eb61000 	/System/Library/Frameworks/ApplicationServices.framework/Versions/A/Frameworks/HIServices.framework/Versions/A/HIServices
0x00000001965d3000 	/System/Library/Frameworks/ApplicationServices.framework/Versions/A/Frameworks/PrintCore.framework/Versions/A/PrintCore
0x0000000197c18000 	/System/Library/Frameworks/ApplicationServices.framework/Versions/A/Frameworks/QD.framework/Versions/A/QD
0x0000000197c0c000 	/System/Library/Frameworks/ApplicationServices.framework/Versions/A/Frameworks/ColorSyncLegacy.framework/Versions/A/ColorSyncLegacy
0x0000000197831000 	/System/Library/Frameworks/ApplicationServices.framework/Versions/A/Frameworks/SpeechSynthesis.framework/Versions/A/SpeechSynthesis
0x0000000196591000 	/System/Library/Frameworks/ApplicationServices.framework/Versions/A/Frameworks/ATSUI.framework/Versions/A/ATSUI
0x0000000197b9f000 	/usr/lib/libcups.2.dylib
0x0000000197f7b000 	/System/Library/Frameworks/Kerberos.framework/Versions/A/Kerberos
0x0000000197f8c000 	/System/Library/Frameworks/GSS.framework/Versions/A/GSS
0x00000001978cf000 	/usr/lib/libresolv.9.dylib
0x0000000195bf9000 	/System/Library/PrivateFrameworks/Heimdal.framework/Versions/A/Heimdal
0x000000019e8ae000 	/System/Library/Frameworks/Kerberos.framework/Versions/A/Libraries/libHeimdalProxy.dylib
0x0000000197fdc000 	/System/Library/PrivateFrameworks/CommonAuth.framework/Versions/A/CommonAuth
0x00000001d88dc000 	/System/Library/Frameworks/AVFAudio.framework/Versions/A/AVFAudio
0x00000001a5a2c000 	/System/Library/PrivateFrameworks/AXCoreUtilities.framework/Versions/A/AXCoreUtilities
0x00000001977a9000 	/System/Library/PrivateFrameworks/AudioSession.framework/Versions/A/AudioSession
0x0000000198d2b000 	/System/Library/Frameworks/IOBluetooth.framework/Versions/A/IOBluetooth
0x00000001956d7000 	/System/Library/PrivateFrameworks/MediaExperience.framework/Versions/A/MediaExperience
0x0000000197644000 	/System/Library/PrivateFrameworks/AudioSession.framework/libSessionUtility.dylib
0x0000000197c24000 	/System/Library/PrivateFrameworks/AudioResourceArbitration.framework/Versions/A/AudioResourceArbitration
0x000000019bbfe000 	/System/Library/PrivateFrameworks/PowerLog.framework/Versions/A/PowerLog
0x000000019bb41000 	/System/Library/Frameworks/CoreBluetooth.framework/Versions/A/CoreBluetooth
0x000000019e8af000 	/System/Library/Frameworks/AudioUnit.framework/Versions/A/AudioUnit
0x0000000193d5d000 	/System/Library/PrivateFrameworks/CoreUtils.framework/Versions/A/CoreUtils
0x00000001f6a26000 	/System/Library/PrivateFrameworks/CoreUtilsExtras.framework/Versions/A/CoreUtilsExtras
0x00000001fb728000 	/System/Library/PrivateFrameworks/IO80211.framework/Versions/A/IO80211
0x0000000195647000 	/System/Library/PrivateFrameworks/IconFoundation.framework/Versions/A/IconFoundation
0x000000019ac11000 	/System/Library/PrivateFrameworks/SpeechRecognitionCore.framework/Versions/A/SpeechRecognitionCore
0x0000000105864000 	/Library/Java/JavaVirtualMachines/zulu-15.jdk/Contents/Home/lib/server/libjvm.dylib
0x00000001049dc000 	/Library/Java/JavaVirtualMachines/zulu-15.jdk/Contents/Home/lib/libjimage.dylib
0x0000000104ab8000 	/Library/Java/JavaVirtualMachines/zulu-15.jdk/Contents/Home/lib/libjdwp.dylib
0x0000000104b00000 	/Library/Java/JavaVirtualMachines/zulu-15.jdk/Contents/Home/lib/libjava.dylib
0x0000000104a88000 	/Library/Java/JavaVirtualMachines/zulu-15.jdk/Contents/Home/lib/libinstrument.dylib
0x0000000104aa0000 	/Library/Java/JavaVirtualMachines/zulu-15.jdk/Contents/Home/lib/libzip.dylib
0x00000001055c8000 	/Library/Java/JavaVirtualMachines/zulu-15.jdk/Contents/Home/lib/libdt_socket.dylib
0x0000000105700000 	/Library/Java/JavaVirtualMachines/zulu-15.jdk/Contents/Home/lib/libnio.dylib
0x0000000105720000 	/Library/Java/JavaVirtualMachines/zulu-15.jdk/Contents/Home/lib/libnet.dylib
0x0000000105744000 	/Library/Java/JavaVirtualMachines/zulu-15.jdk/Contents/Home/lib/libverify.dylib
0x00000001055dc000 	/Library/Java/JavaVirtualMachines/zulu-15.jdk/Contents/Home/lib/libmanagement.dylib
0x0000000105760000 	/Library/Java/JavaVirtualMachines/zulu-15.jdk/Contents/Home/lib/libmanagement_ext.dylib
0x0000000105774000 	/Library/Java/JavaVirtualMachines/zulu-15.jdk/Contents/Home/lib/libextnet.dylib


VM Arguments:
jvm_args: -agentlib:jdwp=transport=dt_socket,address=127.0.0.1:54737,suspend=y,server=n -javaagent:/Users/xiu0327/Library/Caches/JetBrains/IdeaIC2022.1/captureAgent/debugger-agent.jar -Dfile.encoding=UTF-8 
java_command: numble.karrot.KarrotApplication
java_class_path (initial): /Users/xiu0327/portfolio/carot-challenge/karrot/out/production/classes:/Users/xiu0327/portfolio/carot-challenge/karrot/out/production/resources:/Users/xiu0327/.gradle/caches/modules-2/files-2.1/org.springframework.boot/spring-boot-starter-data-jpa/2.7.7/bc28a10c4fc39f01e9233db84f132eb4b8c53390/spring-boot-starter-data-jpa-2.7.7.jar:/Users/xiu0327/.gradle/caches/modules-2/files-2.1/org.springframework.boot/spring-boot-starter-security/2.7.7/27c5ef5bcf91e362572aed544c7d64eb0296d9a4/spring-boot-starter-security-2.7.7.jar:/Users/xiu0327/.gradle/caches/modules-2/files-2.1/org.springframework.boot/spring-boot-starter-thymeleaf/2.7.7/5d80dd18f2f1945e3dc568fa30ac106e329a4bde/spring-boot-starter-thymeleaf-2.7.7.jar:/Users/xiu0327/.gradle/caches/modules-2/files-2.1/org.springframework.boot/spring-boot-starter-web/2.7.7/b551cc70136739c9834ed278c25d24efa8abe66e/spring-boot-starter-web-2.7.7.jar:/Users/xiu0327/.gradle/caches/modules-2/files-2.1/org.springframework.boot/spring-boot-devtools/2.7.7/b99143fddbbb93af91875a00a59e4b9847c49113/spring-boot-devtools-2.7.7.jar:/Users/xiu0327/.gradle/caches/modules-2/files-2.1/com.github.gavlyukovskiy/p6spy-spring-boot-starter/1.8.1/688ddcdba46c6f38353b02443ca17db0fbb1f93/p6spy-spring-boot-starter-1.8.1.jar:/Users/xiu0327/.gradle/caches/modules-2/files-2.1/org.thymeleaf.extras/thymeleaf-extras-springsecurity5/3.0.5.RELEASE/8ac42b63d03d7ccbfdcb4fc8c4322001e6081515/thymeleaf-extras-springsecurity5-3.0.5.RELEASE.jar:/Users/xiu0327/.gradle/caches/modules-2/files-2.1/junit/junit/4.13.2/8ac9e16d933b6fb43bc7f576336b8f4d7eb5ba12/junit-4.13.2.jar:/Users/xiu0327/.gradle/caches/modules-2/files-2.1/org.springframework.cloud/spring-cloud-starter-aws/2.2.6.RELEASE/9d7c330b3f4aa477df2db27dd875a0e63a49456/spring-cloud-starter-aws-2.2.6.RELEASE.jar:/Users/xiu0327/.gradle/caches/modules-2/files-2.1/org.springframework.boot/spring-boot-starter-aop/2.7.7/68062ada4148e4914a3b96046030fbcd5e0a62fa/spring-boot-starter-aop-2.7.7.jar:/Us
Launcher Type: SUN_STANDARD

[Global flags]
     intx CICompilerCount                          = 4                                         {product} {ergonomic}
     uint ConcGCThreads                            = 2                                         {product} {ergonomic}
     uint G1ConcRefinementThreads                  = 8                                         {product} {ergonomic}
   size_t G1HeapRegionSize                         = 2097152                                   {product} {ergonomic}
    uintx GCDrainStackTargetSize                   = 64                                        {product} {ergonomic}
   size_t InitialHeapSize                          = 268435456                                 {product} {ergonomic}
   size_t MarkStackSize                            = 4194304                                   {product} {ergonomic}
   size_t MaxHeapSize                              = 4294967296                                {product} {ergonomic}
   size_t MaxNewSize                               = 2575302656                                {product} {ergonomic}
   size_t MinHeapDeltaBytes                        = 2097152                                   {product} {ergonomic}
   size_t MinHeapSize                              = 8388608                                   {product} {ergonomic}
    uintx NonNMethodCodeHeapSize                   = 5839564                                {pd product} {ergonomic}
    uintx NonProfiledCodeHeapSize                  = 122909338                              {pd product} {ergonomic}
    uintx ProfiledCodeHeapSize                     = 122909338                              {pd product} {ergonomic}
    uintx ReservedCodeCacheSize                    = 251658240                              {pd product} {ergonomic}
     bool SegmentedCodeCache                       = true                                      {product} {ergonomic}
   size_t SoftMaxHeapSize                          = 4294967296                             {manageable} {ergonomic}
     bool UseCompressedClassPointers               = true                                 {lp64_product} {ergonomic}
     bool UseCompressedOops                        = true                                 {lp64_product} {ergonomic}
     bool UseG1GC                                  = true                                      {product} {ergonomic}
     bool UseNUMA                                  = false                                     {product} {ergonomic}
     bool UseNUMAInterleaving                      = false                                     {product} {ergonomic}

Logging:
Log output configuration:
 #0: stdout all=warning uptime,level,tags
 #1: stderr all=off uptime,level,tags

Environment Variables:
JAVA_HOME=/Library/Java/JavaVirtualMachines/zulu-15.jdk/Contents/Home
PATH=/Users/xiu0327/.gem/bin:/Users/xiu0327/.nvm/versions/node/v16.6.1/bin:/Users/xiu0327/miniforge3/condabin:/Users/xiu0327/.gem/bin:/usr/local/bin:/System/Cryptexes/App/usr/bin:/usr/bin:/bin:/usr/sbin:/sbin:/Library/TeX/texbin:/Library/Apple/usr/bin:/Users/xiu0327/.cargo/bin:/Users/xiu0327/Library/Android/sdk/emulator:/Users/xiu0327/Library/Android/sdk/tools:/Users/xiu0327/Library/Android/sdk/tools/bin:/Users/xiu0327/Library/Android/sdk/platform-tools:/Library/Java/JavaVirtualMachines/zulu-15.jdk/Contents/Home/bin:
SHELL=/bin/zsh
LC_CTYPE=ko_KR.UTF-8

Signal Handlers:
SIGSEGV: [libjvm.dylib+0x921ea8], sa_mask[0]=11111111011111110111111111111111, sa_flags=SA_ONSTACK|SA_RESTART|SA_SIGINFO
SIGBUS: [libjvm.dylib+0x921ea8], sa_mask[0]=11111111011111110111111111111111, sa_flags=SA_RESTART|SA_SIGINFO
SIGFPE: [libjvm.dylib+0x921ea8], sa_mask[0]=11111111011111110111111111111111, sa_flags=SA_RESTART|SA_SIGINFO
SIGPIPE: [libjvm.dylib+0x7133a4], sa_mask[0]=11111111011111110111111111111111, sa_flags=SA_RESTART|SA_SIGINFO
SIGXFSZ: [libjvm.dylib+0x7133a4], sa_mask[0]=11111111011111110111111111111111, sa_flags=SA_RESTART|SA_SIGINFO
SIGILL: [libjvm.dylib+0x921ea8], sa_mask[0]=11111111011111110111111111111111, sa_flags=SA_RESTART|SA_SIGINFO
SIGUSR2: [libjvm.dylib+0x713dd8], sa_mask[0]=00100000000000000000000000000000, sa_flags=SA_RESTART|SA_SIGINFO
SIGHUP: [libjvm.dylib+0x71241c], sa_mask[0]=11111111011111110111111111111111, sa_flags=SA_RESTART|SA_SIGINFO
SIGINT: [libjvm.dylib+0x71241c], sa_mask[0]=11111111011111110111111111111111, sa_flags=SA_RESTART|SA_SIGINFO
SIGTERM: [libjvm.dylib+0x71241c], sa_mask[0]=11111111011111110111111111111111, sa_flags=SA_RESTART|SA_SIGINFO
SIGQUIT: [libjvm.dylib+0x71241c], sa_mask[0]=11111111011111110111111111111111, sa_flags=SA_RESTART|SA_SIGINFO


---------------  S Y S T E M  ---------------

OS:uname: Darwin 22.1.0 Darwin Kernel Version 22.1.0: Sun Oct  9 20:14:30 PDT 2022; root:xnu-8792.41.9~2/RELEASE_ARM64_T8103 arm64
OS uptime: 0 days 12:05 hours
rlimit (soft/hard): STACK 8176k/65520k , CORE 0k/infinity , NPROC 2666/4000 , NOFILE 10240/infinity , AS infinity/infinity , CPU infinity/infinity , DATA infinity/infinity , FSIZE infinity/infinity , MEMLOCK infinity/infinity , RSS infinity/infinity
load average: 3.18 2.54 2.41

CPU: total 8 (initial active 8) 0x61:0x0:0x1b588bb3:0, simd, crc, lse

Memory: 16k page, physical 16777216k(74304k free), swap 3145728k(1433024k free)

vm_info: OpenJDK 64-Bit Server VM (15.0.5+3-MTS) for bsd-aarch64 JRE (15.0.5+3-MTS) (Zulu15.36+13-CA), built on Oct  8 2021 04:00:01 by "zulu_re" with clang Apple LLVM 12.0.0 (clang-1200.0.32.28)

END.
