#
# A fatal error has been detected by the Java Runtime Environment:
#
#  SIGBUS (0xa) at pc=0x000000010453a424, pid=10778, tid=39939
#
# JRE version: OpenJDK Runtime Environment Zulu15.36+13-CA (15.0.5+3) (build 15.0.5+3-MTS)
# Java VM: OpenJDK 64-Bit Server VM Zulu15.36+13-CA (15.0.5+3-MTS, mixed mode, tiered, compressed oops, g1 gc, bsd-aarch64)
# Problematic frame:
# V  [libjvm.dylib+0x88a424]  MarkActivationClosure::do_code_blob(CodeBlob*)+0x3c
#
# No core dump will be written. Core dumps have been disabled. To enable core dumping, try "ulimit -c unlimited" before starting Java again
#
# If you would like to submit a bug report, please visit:
#   http://www.azul.com/support/
#

---------------  S U M M A R Y ------------

Command Line: -agentlib:jdwp=transport=dt_socket,address=127.0.0.1:51127,suspend=y,server=n -javaagent:/Users/xiu0327/Library/Caches/JetBrains/IdeaIC2022.1/captureAgent/debugger-agent.jar -Dfile.encoding=UTF-8 numble.karrot.KarrotApplication

Host: MacBookPro17,1 arm64 1 MHz, 8 cores, 16G, Darwin 22.2.0
Time: Tue Jan 24 15:29:57 2023 KST elapsed time: 3.205912 seconds (0d 0h 0m 3s)

---------------  T H R E A D  ---------------

Current thread (0x000000014b3f5400):  JavaThread "restartedMain" [_thread_in_vm, id=39939, stack(0x0000000288c4c000,0x0000000288e4f000)]

Stack: [0x0000000288c4c000,0x0000000288e4f000],  sp=0x0000000288e47c10,  free space=2031k
Native frames: (J=compiled Java code, A=aot compiled Java code, j=interpreted, Vv=VM code, C=native code)
V  [libjvm.dylib+0x88a424]  MarkActivationClosure::do_code_blob(CodeBlob*)+0x3c
V  [libjvm.dylib+0x8c5c68]  JavaThread::nmethods_do(CodeBlobClosure*)+0x80
V  [libjvm.dylib+0x389c0c]  HandshakeState::process_self_inner()+0x170
V  [libjvm.dylib+0x79dd6c]  SafepointMechanism::block_if_requested_slow(JavaThread*)+0x74
V  [libjvm.dylib+0x5561bc]  jvmti_GetNamedModule(_jvmtiEnv*, _jobject*, char const*, _jobject**)+0x1a0
C  [libinstrument.dylib+0x3930]  transformClassFile+0x20c
C  [libinstrument.dylib+0x251c]  eventHandlerClassFileLoadHook+0x88
V  [libjvm.dylib+0x5ac3e8]  JvmtiClassFileLoadHookPoster::post_to_env(JvmtiEnv*, bool)+0xb0
V  [libjvm.dylib+0x5ac334]  JvmtiClassFileLoadHookPoster::post_all_envs()+0x164
V  [libjvm.dylib+0x5a2b8c]  JvmtiExport::post_class_file_load_hook(Symbol*, Handle, Handle, unsigned char**, unsigned char**, JvmtiCachedClassFileData**)+0x58
V  [libjvm.dylib+0x5c76fc]  KlassFactory::create_from_stream(ClassFileStream*, Symbol*, ClassLoaderData*, ClassLoadInfo const&, Thread*)+0x294
V  [libjvm.dylib+0x899a1c]  SystemDictionary::resolve_from_stream(Symbol*, Handle, Handle, ClassFileStream*, Thread*)+0x25c
V  [libjvm.dylib+0x47f6f0]  jvm_define_class_common(JNIEnv_*, char const*, _jobject*, signed char const*, int, _jobject*, char const*, Thread*)+0x2fc
V  [libjvm.dylib+0x4800f0]  JVM_DefineClassWithSource+0xf4
C  [libjava.dylib+0x3e40]  Java_java_lang_ClassLoader_defineClass1+0x24c
J 1030  java.lang.ClassLoader.defineClass1(Ljava/lang/ClassLoader;Ljava/lang/String;[BIILjava/security/ProtectionDomain;Ljava/lang/String;)Ljava/lang/Class; java.base@15.0.5 (0 bytes) @ 0x0000000113bccd1c [0x0000000113bccc40+0x00000000000000dc]
C  0x00000006c0359d38

Java frames: (J=compiled Java code, j=interpreted, Vv=VM code)
J 1030  java.lang.ClassLoader.defineClass1(Ljava/lang/ClassLoader;Ljava/lang/String;[BIILjava/security/ProtectionDomain;Ljava/lang/String;)Ljava/lang/Class; java.base@15.0.5 (0 bytes) @ 0x0000000113bccd20 [0x0000000113bccc40+0x00000000000000e0]
J 1214 c1 java.lang.ClassLoader.defineClass(Ljava/lang/String;[BIILjava/security/ProtectionDomain;)Ljava/lang/Class; java.base@15.0.5 (43 bytes) @ 0x000000010c888140 [0x000000010c887dc0+0x0000000000000380]
J 1255 c1 java.security.SecureClassLoader.defineClass(Ljava/lang/String;[BIILjava/security/CodeSource;)Ljava/lang/Class; java.base@15.0.5 (16 bytes) @ 0x000000010c89f1a4 [0x000000010c89f0c0+0x00000000000000e4]
J 1178 c1 jdk.internal.loader.BuiltinClassLoader.defineClass(Ljava/lang/String;Ljdk/internal/loader/Resource;)Ljava/lang/Class; java.base@15.0.5 (121 bytes) @ 0x000000010c875908 [0x000000010c8749c0+0x0000000000000f48]
J 860 c1 jdk.internal.loader.BuiltinClassLoader.findClassOnClassPathOrNull(Ljava/lang/String;)Ljava/lang/Class; java.base@15.0.5 (64 bytes) @ 0x000000010c7d2c18 [0x000000010c7d1d00+0x0000000000000f18]
J 3297 c2 jdk.internal.loader.BuiltinClassLoader.loadClassOrNull(Ljava/lang/String;Z)Ljava/lang/Class; java.base@15.0.5 (143 bytes) @ 0x0000000113d4cd68 [0x0000000113d4cac0+0x00000000000002a8]
J 765 c1 jdk.internal.loader.ClassLoaders$AppClassLoader.loadClass(Ljava/lang/String;Z)Ljava/lang/Class; java.base@15.0.5 (40 bytes) @ 0x000000010c7a2508 [0x000000010c7a1ec0+0x0000000000000648]
J 3575 c2 java.lang.ClassLoader.loadClass(Ljava/lang/String;)Ljava/lang/Class; java.base@15.0.5 (7 bytes) @ 0x0000000113d5fcd0 [0x0000000113d5fc80+0x0000000000000050]
v  ~StubRoutines::call_stub
j  org.springframework.orm.jpa.vendor.SpringHibernateJpaPersistenceProvider.createContainerEntityManagerFactory(Ljavax/persistence/spi/PersistenceUnitInfo;Ljava/util/Map;)Ljavax/persistence/EntityManagerFactory;+41
j  org.springframework.orm.jpa.LocalContainerEntityManagerFactoryBean.createNativeEntityManagerFactory()Ljavax/persistence/EntityManagerFactory;+129
j  org.springframework.orm.jpa.AbstractEntityManagerFactoryBean.buildNativeEntityManagerFactory()Ljavax/persistence/EntityManagerFactory;+1
j  org.springframework.orm.jpa.AbstractEntityManagerFactoryBean.afterPropertiesSet()V+192
j  org.springframework.orm.jpa.LocalContainerEntityManagerFactoryBean.afterPropertiesSet()V+77
j  org.springframework.beans.factory.support.AbstractAutowireCapableBeanFactory.invokeInitMethods(Ljava/lang/String;Ljava/lang/Object;Lorg/springframework/beans/factory/support/RootBeanDefinition;)V+106
j  org.springframework.beans.factory.support.AbstractAutowireCapableBeanFactory.initializeBean(Ljava/lang/String;Ljava/lang/Object;Lorg/springframework/beans/factory/support/RootBeanDefinition;)Ljava/lang/Object;+59
j  org.springframework.beans.factory.support.AbstractAutowireCapableBeanFactory.doCreateBean(Ljava/lang/String;Lorg/springframework/beans/factory/support/RootBeanDefinition;[Ljava/lang/Object;)Ljava/lang/Object;+245
j  org.springframework.beans.factory.support.AbstractAutowireCapableBeanFactory.createBean(Ljava/lang/String;Lorg/springframework/beans/factory/support/RootBeanDefinition;[Ljava/lang/Object;)Ljava/lang/Object;+169
j  org.springframework.beans.factory.support.AbstractBeanFactory.lambda$doGetBean$0(Ljava/lang/String;Lorg/springframework/beans/factory/support/RootBeanDefinition;[Ljava/lang/Object;)Ljava/lang/Object;+4
j  org.springframework.beans.factory.support.AbstractBeanFactory$$Lambda$261+0x000000030027d198.getObject()Ljava/lang/Object;+16
j  org.springframework.beans.factory.support.DefaultSingletonBeanRegistry.getSingleton(Ljava/lang/String;Lorg/springframework/beans/factory/ObjectFactory;)Ljava/lang/Object;+132
J 3148 c1 org.springframework.beans.factory.support.AbstractBeanFactory.doGetBean(Ljava/lang/String;Ljava/lang/Class;[Ljava/lang/Object;Z)Ljava/lang/Object; (832 bytes) @ 0x000000010ccc61e8 [0x000000010ccc4380+0x0000000000001e68]
j  org.springframework.beans.factory.support.AbstractBeanFactory.getBean(Ljava/lang/String;)Ljava/lang/Object;+5
j  org.springframework.context.support.AbstractApplicationContext.getBean(Ljava/lang/String;)Ljava/lang/Object;+9
j  org.springframework.context.support.AbstractApplicationContext.finishBeanFactoryInitialization(Lorg/springframework/beans/factory/config/ConfigurableListableBeanFactory;)V+100
j  org.springframework.context.support.AbstractApplicationContext.refresh()V+86
j  org.springframework.boot.web.servlet.context.ServletWebServerApplicationContext.refresh()V+1
j  org.springframework.boot.SpringApplication.refresh(Lorg/springframework/context/ConfigurableApplicationContext;)V+1
j  org.springframework.boot.SpringApplication.refreshContext(Lorg/springframework/context/ConfigurableApplicationContext;)V+16
j  org.springframework.boot.SpringApplication.run([Ljava/lang/String;)Lorg/springframework/context/ConfigurableApplicationContext;+107
j  org.springframework.boot.SpringApplication.run([Ljava/lang/Class;[Ljava/lang/String;)Lorg/springframework/context/ConfigurableApplicationContext;+9
j  org.springframework.boot.SpringApplication.run(Ljava/lang/Class;[Ljava/lang/String;)Lorg/springframework/context/ConfigurableApplicationContext;+9
j  numble.karrot.KarrotApplication.main([Ljava/lang/String;)V+3
v  ~StubRoutines::call_stub
j  jdk.internal.reflect.NativeMethodAccessorImpl.invoke0(Ljava/lang/reflect/Method;Ljava/lang/Object;[Ljava/lang/Object;)Ljava/lang/Object;+0 java.base@15.0.5
j  jdk.internal.reflect.NativeMethodAccessorImpl.invoke(Ljava/lang/Object;[Ljava/lang/Object;)Ljava/lang/Object;+113 java.base@15.0.5
j  jdk.internal.reflect.DelegatingMethodAccessorImpl.invoke(Ljava/lang/Object;[Ljava/lang/Object;)Ljava/lang/Object;+6 java.base@15.0.5
j  java.lang.reflect.Method.invoke(Ljava/lang/Object;[Ljava/lang/Object;)Ljava/lang/Object;+59 java.base@15.0.5
j  org.springframework.boot.devtools.restart.RestartLauncher.run()V+42
v  ~StubRoutines::call_stub

siginfo: si_signo: 10 (SIGBUS), si_code: 1 (BUS_ADRALN), si_addr: 0x0000000113bccbd8

Register to memory mapping:

 x0=0x00000001048040e8: _MergedGlobals+0 in /Library/Java/JavaVirtualMachines/zulu-15.jdk/Contents/Home/lib/server/libjvm.dylib at 0x0000000103cb0000
 x1=0x0000000113bcca90 is at entry_point+-432 in (nmethod*)0x0000000113bcca90
 x2=0x000000010453a3e8: _ZN21MarkActivationClosure12do_code_blobEP8CodeBlob+0 in /Library/Java/JavaVirtualMachines/zulu-15.jdk/Contents/Home/lib/server/libjvm.dylib at 0x0000000103cb0000
 x3=0x0000000fffffc088 points into unknown readable memory: 0xfffffe7144758bc8 | c8 8b 75 44 71 fe ff ff
 x4=0x0000000000000069 is an unknown value
 x5=0x0000000000000069 is an unknown value
 x6=0x0000000000000069 is an unknown value
 x7=0x000000012b9432d0 points into unknown readable memory: 0x34000000bebafeca | ca fe ba be 00 00 00 34
 x8=0x00000001047b0000: _ZN12StubRoutines10_jint_fillE+0 in /Library/Java/JavaVirtualMachines/zulu-15.jdk/Contents/Home/lib/server/libjvm.dylib at 0x0000000103cb0000
 x9=0x00000000000001e0 is an unknown value
x10=0x0 is NULL
x11=0x00000001030ac000 points into unknown readable memory: 0x0100050403020100 | 00 01 02 03 04 05 00 01
x12=0x0000000000000b95 is an unknown value
x13=0x0 is NULL
x14=0x00000000000007fb is an unknown value
x15=0x000000008dcea82b is an unknown value
x16=0xffffffffffffffda is an unknown value
x17=0x00006000017ee340 points into unknown readable memory: 0x0000000000000000 | 00 00 00 00 00 00 00 00
x18=0x0 is NULL
x19=0x0000000113bcca90 is at entry_point+-432 in (nmethod*)0x0000000113bcca90
x20=0x000000014b3f5400 is a thread
x21=0x0000000288e47c60 is pointing into the stack for thread: 0x000000014b3f5400
x22=0x00000001047afee8: _ZN12StubRoutines25_call_stub_return_addressE+0 in /Library/Java/JavaVirtualMachines/zulu-15.jdk/Contents/Home/lib/server/libjvm.dylib at 0x0000000103cb0000
x23=0x000000014b3f5854 points into unknown readable memory: 03 90 00 00
x24=0x000000010474b000: _type2aelembytes+0x40 in /Library/Java/JavaVirtualMachines/zulu-15.jdk/Contents/Home/lib/server/libjvm.dylib at 0x0000000103cb0000
x25=0x0000000000000015 is an unknown value
x26=0x0 is NULL
x27=0x0000000000000006 is an unknown value
x28=0x0000000000000007 is an unknown value


Registers:
 x0=0x00000001048040e8  x1=0x0000000113bcca90  x2=0x000000010453a3e8  x3=0x0000000fffffc088
 x4=0x0000000000000069  x5=0x0000000000000069  x6=0x0000000000000069  x7=0x000000012b9432d0
 x8=0x00000001047b0000  x9=0x00000000000001e0 x10=0x0000000000000000 x11=0x00000001030ac000
x12=0x0000000000000b95 x13=0x0000000000000000 x14=0x00000000000007fb x15=0x000000008dcea82b
x16=0xffffffffffffffda x17=0x00006000017ee340 x18=0x0000000000000000 x19=0x0000000113bcca90
x20=0x000000014b3f5400 x21=0x0000000288e47c60 x22=0x00000001047afee8 x23=0x000000014b3f5854
x24=0x000000010474b000 x25=0x0000000000000015 x26=0x0000000000000000 x27=0x0000000000000006
x28=0x0000000000000007  fp=0x0000000288e47c20  lr=0x0000000104575c68  sp=0x0000000288e47c10
pc=0x000000010453a424 cpsr=0x0000000080001000
Top of Stack: (sp=0x0000000288e47c10)
0x0000000288e47c10:   000000014b3f5400 00000001048040e8
0x0000000288e47c20:   0000000288e48310 0000000104575c68
0x0000000288e47c30:   0000000288e49170 0000000113bccd20
0x0000000288e47c40:   0000000113bcca90 0000600000000000
0x0000000288e47c50:   0000000000000000 0000000288e49170
0x0000000288e47c60:   00000001047a7000 00000006c67f8b70
0x0000000288e47c70:   00006000026ddbe0 0000000102e60008
0x0000000288e47c80:   0000000000000000 0000000000000000
0x0000000288e47c90:   0000000000000110 0000000102e5c000
0x0000000288e47ca0:   0000000288e47ce0 c2038001910b3e44
0x0000000288e47cb0:   00006000026ddbe0 0000000000000000
0x0000000288e47cc0:   0000000000000000 0000000000000110
0x0000000288e47cd0:   0000000000000001 0000000288e47d20
0x0000000288e47ce0:   0000000288e47d10 bf3f0001043bc8bc
0x0000000288e47cf0:   000000012d964e10 000000010475df48
0x0000000288e47d00:   0000000000000001 0000000000000110
0x0000000288e47d10:   0000000288e47d70 0000000103d7c42c
0x0000000288e47d20:   0000000000000000 0000000000000000
0x0000000288e47d30:   0000000000000000 0000000000000000
0x0000000288e47d40:   0000000000000000 000000012ad2a6c0
0x0000000288e47d50:   000000012d964e10 00000006c67f8b70
0x0000000288e47d60:   00006000028d8960 0000600003dd6d00
0x0000000288e47d70:   0000000288e47da0 487e800103eae7ac
0x0000000288e47d80:   000000012d964e10 000000030048fda8
0x0000000288e47d90:   00006000026ddbe0 0000000000000000
0x0000000288e47da0:   0000000288e47f70 000000010cd86608
0x0000000288e47db0:   00000006c117bdd4 000000014b3f5400
0x0000000288e47dc0:   0000000288e47e20 00000001040939a8
0x0000000288e47dd0:   0000000288e48070 000000030048fda8
0x0000000288e47de0:   0000600000c57080 00006000026ddc08
0x0000000288e47df0:   0000600003dd6d60 0000000000000001
0x0000000288e47e00:   00000006c032dd60 0000000104779f40 

Instructions: (pc=0x000000010453a424)
0x000000010453a324:   9121a021 aa1303e0 97fa4987 d00013a8
0x000000010453a334:   fd416d00 5e61d800 d2d09008 f2e825c8
0x000000010453a344:   9e670101 1e611800 fd0003e0 f0000a01
0x000000010453a354:   91221c21 aa1303e0 97fa497b d00013a8
0x000000010453a364:   f9414908 f90003e8 f0000a01 9122d021
0x000000010453a374:   aa1303e0 97fa4974 d00013a8 f9416108
0x000000010453a384:   d00013a9 f9416529 a90027e8 f0000a01
0x000000010453a394:   91236c21 aa1303e0 97fa496b d00013a8
0x000000010453a3a4:   f9416908 d34afd08 f90003e8 f0000a01
0x000000010453a3b4:   91246c21 aa1303e0 97fa4963 aa1403e0
0x000000010453a3c4:   a9427bfd a9414ff4 9100c3ff 17fa53ce
0x000000010453a3d4:   a9bf7bfd 910003fd d2800000 a8c17bfd
0x000000010453a3e4:   d65f03c0 a9be4ff4 a9017bfd 910043fd
0x000000010453a3f4:   aa0103f3 d00013a8 b942b909 35000129
0x000000010453a404:   b0001089 d503201f f9425129 d354fd2a
0x000000010453a414:   531f794a f144013f 1a9f2549 b902b909
0x000000010453a424:   b9014a69 f9400268 f9404108 aa1303e0
0x000000010453a434:   d63f0100 340000a0 aa1303e0 a9417bfd
0x000000010453a444:   a8c24ff4 17f973c6 a9417bfd a8c24ff4
0x000000010453a454:   d65f03c0 a9bf7bfd 910003fd d00013a8
0x000000010453a464:   b942b909 34000089 b9014829 a8c17bfd
0x000000010453a474:   d65f03c0 b0001089 d503201f f9425129
0x000000010453a484:   d354fd2a 531f794a f144013f 1a9f2549
0x000000010453a494:   b902b909 b9014829 a8c17bfd d65f03c0
0x000000010453a4a4:   a9be4ff4 a9017bfd 910043fd aa0103f3
0x000000010453a4b4:   aa0003f4 f9400028 f9402108 aa0103e0
0x000000010453a4c4:   d63f0100 340000c0 f9400268 f9402908
0x000000010453a4d4:   aa1303e0 d63f0100 36000080 a9417bfd
0x000000010453a4e4:   a8c24ff4 d65f03c0 f9400a81 f9400268
0x000000010453a4f4:   f9406d02 aa1303e0 a9417bfd a8c24ff4
0x000000010453a504:   d61f0040 a9bc5ff8 a90157f6 a9024ff4
0x000000010453a514:   a9037bfd 9100c3fd 39404008 34000288 


Stack slot to memory mapping:
stack at sp + 0 slots: 0x000000014b3f5400 is a thread
stack at sp + 1 slots: 0x00000001048040e8: _MergedGlobals+0 in /Library/Java/JavaVirtualMachines/zulu-15.jdk/Contents/Home/lib/server/libjvm.dylib at 0x0000000103cb0000
stack at sp + 2 slots: 0x0000000288e48310 is pointing into the stack for thread: 0x000000014b3f5400
stack at sp + 3 slots: 0x0000000104575c68: _ZN10JavaThread11nmethods_doEP15CodeBlobClosure+0x80 in /Library/Java/JavaVirtualMachines/zulu-15.jdk/Contents/Home/lib/server/libjvm.dylib at 0x0000000103cb0000
stack at sp + 4 slots: 0x0000000288e49170 is pointing into the stack for thread: 0x000000014b3f5400
stack at sp + 5 slots: 0x0000000113bccd20 is at entry_point+224 in (nmethod*)0x0000000113bcca90
stack at sp + 6 slots: 0x0000000113bcca90 is at entry_point+-432 in (nmethod*)0x0000000113bcca90
stack at sp + 7 slots: 0x0000600000000000 points into unknown readable memory: 0x0000000000000000 | 00 00 00 00 00 00 00 00


---------------  P R O C E S S  ---------------

Threads class SMR info:
_java_thread_list=0x000060000183aa20, length=21, elements={
0x000000014c01c400, 0x000000014c123400, 0x000000014c125c00, 0x000000014c126800,
0x000000014c128000, 0x000000014c128600, 0x000000014c128c00, 0x000000014c129200,
0x000000012d018200, 0x000000014b023600, 0x000000014b020800, 0x000000012b038200,
0x0000000128808200, 0x000000012c809600, 0x000000014b80da00, 0x000000014b1f8c00,
0x000000014b3f5400, 0x000000012e17b600, 0x000000012b091e00, 0x000000012d914200,
0x000000012ce5aa00
}

Java Threads: ( => current thread )
  0x000000014c01c400 JavaThread "main" [_thread_blocked, id=3843, stack(0x000000016d0d0000,0x000000016d2d3000)]
  0x000000014c123400 JavaThread "Reference Handler" daemon [_thread_blocked, id=18179, stack(0x000000016df24000,0x000000016e127000)]
  0x000000014c125c00 JavaThread "Finalizer" daemon [_thread_blocked, id=19971, stack(0x000000016e130000,0x000000016e333000)]
  0x000000014c126800 JavaThread "Signal Dispatcher" daemon [_thread_blocked, id=23555, stack(0x000000016e454000,0x000000016e657000)]
  0x000000014c128000 JavaThread "Service Thread" daemon [_thread_blocked, id=24579, stack(0x000000016e660000,0x000000016e863000)]
  0x000000014c128600 JavaThread "C2 CompilerThread0" daemon [_thread_in_native, id=31491, stack(0x000000016e86c000,0x000000016ea6f000)]
  0x000000014c128c00 JavaThread "C1 CompilerThread0" daemon [_thread_blocked, id=25347, stack(0x000000016ea78000,0x000000016ec7b000)]
  0x000000014c129200 JavaThread "Sweeper thread" daemon [_thread_blocked, id=30211, stack(0x000000016ec84000,0x000000016ee87000)]
  0x000000012d018200 JavaThread "Common-Cleaner" daemon [_thread_blocked, id=29699, stack(0x000000016ee90000,0x000000016f093000)]
  0x000000014b023600 JavaThread "JDWP Transport Listener: dt_socket" daemon [_thread_blocked, id=29187, stack(0x000000016f09c000,0x000000016f29f000)]
  0x000000014b020800 JavaThread "JDWP Event Helper Thread" daemon [_thread_blocked, id=27395, stack(0x000000016f2a8000,0x000000016f4ab000)]
  0x000000012b038200 JavaThread "JDWP Command Reader" daemon [_thread_in_native, id=28163, stack(0x000000016f4b4000,0x000000016f6b7000)]
  0x0000000128808200 JavaThread "Notification Thread" daemon [_thread_blocked, id=43267, stack(0x000000016f6c0000,0x000000016f8c3000)]
  0x000000012c809600 JavaThread "C2 CompilerThread1" daemon [_thread_in_native, id=34051, stack(0x000000016fad8000,0x000000016fcdb000)]
  0x000000014b80da00 JavaThread "C2 CompilerThread2" daemon [_thread_in_native, id=42499, stack(0x000000016fce4000,0x000000016fee7000)]
  0x000000014b1f8c00 JavaThread "Thread-0" [_thread_blocked, id=40451, stack(0x0000000288a40000,0x0000000288c43000)]
=>0x000000014b3f5400 JavaThread "restartedMain" [_thread_in_vm, id=39939, stack(0x0000000288c4c000,0x0000000288e4f000)]
  0x000000012e17b600 JavaThread "Catalina-utility-1" [_thread_blocked, id=39431, stack(0x0000000288e58000,0x000000028905b000)]
  0x000000012b091e00 JavaThread "Catalina-utility-2" [_thread_blocked, id=65287, stack(0x0000000289688000,0x000000028988b000)]
  0x000000012d914200 JavaThread "container-0" [_thread_blocked, id=44291, stack(0x0000000289894000,0x0000000289a97000)]
  0x000000012ce5aa00 JavaThread "mysql-cj-abandoned-connection-cleanup" daemon [_thread_blocked, id=44803, stack(0x0000000289aa0000,0x0000000289ca3000)]

Other Threads:
  0x000000014af181c0 VMThread "VM Thread" [stack: 0x000000016dd18000,0x000000016df1b000] [id=17411] _threads_hazard_ptr=0x000060000183aa20
  0x0000000103a10290 WatcherThread [stack: 0x000000016f8cc000,0x000000016facf000] [id=33283]
  0x000000014af07c50 GCTaskThread "GC Thread#0" [stack: 0x000000016d2dc000,0x000000016d4df000] [id=13571]
  0x000000012b909c50 GCTaskThread "GC Thread#1" [stack: 0x0000000288004000,0x0000000288207000] [id=35075]
  0x000000014af3fc50 GCTaskThread "GC Thread#2" [stack: 0x0000000288210000,0x0000000288413000] [id=41731]
  0x000000014af40310 GCTaskThread "GC Thread#3" [stack: 0x000000028841c000,0x000000028861f000] [id=35331]
  0x000000014af409d0 GCTaskThread "GC Thread#4" [stack: 0x0000000288628000,0x000000028882b000] [id=40963]
  0x000000014af41090 GCTaskThread "GC Thread#5" [stack: 0x0000000288834000,0x0000000288a37000] [id=35843]
  0x000000013ae0f250 GCTaskThread "GC Thread#6" [stack: 0x0000000289064000,0x0000000289267000] [id=37891]
  0x0000000103a263d0 GCTaskThread "GC Thread#7" [stack: 0x0000000289270000,0x0000000289473000] [id=38659]
  0x000000014af08540 ConcurrentGCThread "G1 Main Marker" [stack: 0x000000016d4e8000,0x000000016d6eb000] [id=13059]
  0x000000014af09010 ConcurrentGCThread "G1 Conc#0" [stack: 0x000000016d6f4000,0x000000016d8f7000] [id=12291]
  0x000000014ae28150 ConcurrentGCThread "G1 Conc#1" [stack: 0x000000028947c000,0x000000028967f000] [id=38403]
  0x000000014af14140 ConcurrentGCThread "G1 Refine#0" [stack: 0x000000016d900000,0x000000016db03000] [id=16643]
  0x000000014af14c20 ConcurrentGCThread "G1 Young RemSet Sampling" [stack: 0x000000016db0c000,0x000000016dd0f000] [id=21251]

Threads with active compile tasks:
C2 CompilerThread0     3214 4329       4       org.springframework.boot.context.properties.source.SpringConfigurationPropertySources$SourcesIterator::fetchNext (138 bytes)
C2 CompilerThread1     3214 4313       4       org.springframework.core.annotation.TypeMappedAnnotations::get (52 bytes)
C2 CompilerThread2     3215 4384   !   4       java.util.zip.ZipFile::getEntry (59 bytes)

VM state: not at safepoint (normal execution)

VM Mutex/Monitor currently owned by a thread: None

Heap address: 0x00000006c0000000, size: 4096 MB, Compressed Oops mode: Zero based, Oop shift amount: 3
Compressed class space mapped at: 0x0000000300000000-0x0000000340000000, size: 1073741824
Narrow klass base: 0x0000000000000000, Narrow klass shift: 3, Narrow klass range: 0x340000000

GC Precious Log:
 CPUs: 8 total, 8 available
 Memory: 16384M
 Large Page Support: Disabled
 NUMA Support: Disabled
 Compressed Oops: Enabled (Zero based)
 Heap Region Size: 2M
 Heap Min Capacity: 8M
 Heap Initial Capacity: 256M
 Heap Max Capacity: 4G
 Pre-touch: Disabled
 Parallel Workers: 8
 Concurrent Workers: 2
 Concurrent Refinement Workers: 8
 Periodic GC: Disabled

Heap:
 garbage-first heap   total 161792K, used 73992K [0x00000006c0000000, 0x00000007c0000000)
  region size 2048K, 30 young (61440K), 1 survivors (2048K)
 Metaspace       used 45005K, capacity 45559K, committed 45680K, reserved 1089536K
  class space    used 5344K, capacity 5553K, committed 5568K, reserved 1048576K

Heap Regions: E=young(eden), S=young(survivor), O=old, HS=humongous(starts), HC=humongous(continues), CS=collection set, F=free, OA=open archive, CA=closed archive, TAMS=top-at-mark-start (previous, next)
|   0|0x00000006c0000000, 0x00000006c0200000, 0x00000006c0200000|100%| O|  |TAMS 0x00000006c0200000, 0x00000006c0000000| Untracked 
|   1|0x00000006c0200000, 0x00000006c0400000, 0x00000006c0400000|100%| O|  |TAMS 0x00000006c0400000, 0x00000006c0200000| Untracked 
|   2|0x00000006c0400000, 0x00000006c0600000, 0x00000006c0600000|100%| O|  |TAMS 0x00000006c0600000, 0x00000006c0400000| Untracked 
|   3|0x00000006c0600000, 0x00000006c071ea00, 0x00000006c0800000| 55%| O|  |TAMS 0x00000006c071ea00, 0x00000006c0600000| Untracked 
|   4|0x00000006c0800000, 0x00000006c0a00000, 0x00000006c0a00000|100%| O|  |TAMS 0x00000006c0a00000, 0x00000006c0800000| Untracked 
|   5|0x00000006c0a00000, 0x00000006c0b8aa00, 0x00000006c0c00000| 77%| O|  |TAMS 0x00000006c0b8aa00, 0x00000006c0a00000| Untracked 
|   6|0x00000006c0c00000, 0x00000006c0e00000, 0x00000006c0e00000|100%| O|  |TAMS 0x00000006c0c00000, 0x00000006c0c00000| Untracked 
|   7|0x00000006c0e00000, 0x00000006c1000000, 0x00000006c1000000|100%| O|  |TAMS 0x00000006c0e00000, 0x00000006c0e00000| Untracked 
|   8|0x00000006c1000000, 0x00000006c1200000, 0x00000006c1200000|100%| O|  |TAMS 0x00000006c1000000, 0x00000006c1000000| Untracked 
|   9|0x00000006c1200000, 0x00000006c12bbc00, 0x00000006c1400000| 36%| O|  |TAMS 0x00000006c1200000, 0x00000006c1200000| Untracked 
|  10|0x00000006c1400000, 0x00000006c1400000, 0x00000006c1600000|  0%| F|  |TAMS 0x00000006c1400000, 0x00000006c1400000| Untracked 
|  11|0x00000006c1600000, 0x00000006c1600000, 0x00000006c1800000|  0%| F|  |TAMS 0x00000006c1600000, 0x00000006c1600000| Untracked 
|  12|0x00000006c1800000, 0x00000006c1800000, 0x00000006c1a00000|  0%| F|  |TAMS 0x00000006c1800000, 0x00000006c1800000| Untracked 
|  13|0x00000006c1a00000, 0x00000006c1add3b0, 0x00000006c1c00000| 43%| S|CS|TAMS 0x00000006c1a00000, 0x00000006c1a00000| Complete 
|  14|0x00000006c1c00000, 0x00000006c1c00000, 0x00000006c1e00000|  0%| F|  |TAMS 0x00000006c1c00000, 0x00000006c1c00000| Untracked 
|  15|0x00000006c1e00000, 0x00000006c1e00000, 0x00000006c2000000|  0%| F|  |TAMS 0x00000006c1e00000, 0x00000006c1e00000| Untracked 
|  16|0x00000006c2000000, 0x00000006c2000000, 0x00000006c2200000|  0%| F|  |TAMS 0x00000006c2000000, 0x00000006c2000000| Untracked 
|  17|0x00000006c2200000, 0x00000006c2200000, 0x00000006c2400000|  0%| F|  |TAMS 0x00000006c2200000, 0x00000006c2200000| Untracked 
|  18|0x00000006c2400000, 0x00000006c2400000, 0x00000006c2600000|  0%| F|  |TAMS 0x00000006c2400000, 0x00000006c2400000| Untracked 
|  19|0x00000006c2600000, 0x00000006c2600000, 0x00000006c2800000|  0%| F|  |TAMS 0x00000006c2600000, 0x00000006c2600000| Untracked 
|  20|0x00000006c2800000, 0x00000006c2800000, 0x00000006c2a00000|  0%| F|  |TAMS 0x00000006c2800000, 0x00000006c2800000| Untracked 
|  21|0x00000006c2a00000, 0x00000006c2a00000, 0x00000006c2c00000|  0%| F|  |TAMS 0x00000006c2a00000, 0x00000006c2a00000| Untracked 
|  22|0x00000006c2c00000, 0x00000006c2c00000, 0x00000006c2e00000|  0%| F|  |TAMS 0x00000006c2c00000, 0x00000006c2c00000| Untracked 
|  23|0x00000006c2e00000, 0x00000006c2e00000, 0x00000006c3000000|  0%| F|  |TAMS 0x00000006c2e00000, 0x00000006c2e00000| Untracked 
|  24|0x00000006c3000000, 0x00000006c3000000, 0x00000006c3200000|  0%| F|  |TAMS 0x00000006c3000000, 0x00000006c3000000| Untracked 
|  25|0x00000006c3200000, 0x00000006c3200000, 0x00000006c3400000|  0%| F|  |TAMS 0x00000006c3200000, 0x00000006c3200000| Untracked 
|  26|0x00000006c3400000, 0x00000006c3400000, 0x00000006c3600000|  0%| F|  |TAMS 0x00000006c3400000, 0x00000006c3400000| Untracked 
|  27|0x00000006c3600000, 0x00000006c3600000, 0x00000006c3800000|  0%| F|  |TAMS 0x00000006c3600000, 0x00000006c3600000| Untracked 
|  28|0x00000006c3800000, 0x00000006c3800000, 0x00000006c3a00000|  0%| F|  |TAMS 0x00000006c3800000, 0x00000006c3800000| Untracked 
|  29|0x00000006c3a00000, 0x00000006c3a00000, 0x00000006c3c00000|  0%| F|  |TAMS 0x00000006c3a00000, 0x00000006c3a00000| Untracked 
|  30|0x00000006c3c00000, 0x00000006c3c00000, 0x00000006c3e00000|  0%| F|  |TAMS 0x00000006c3c00000, 0x00000006c3c00000| Untracked 
|  31|0x00000006c3e00000, 0x00000006c3e00000, 0x00000006c4000000|  0%| F|  |TAMS 0x00000006c3e00000, 0x00000006c3e00000| Untracked 
|  32|0x00000006c4000000, 0x00000006c4000000, 0x00000006c4200000|  0%| F|  |TAMS 0x00000006c4000000, 0x00000006c4000000| Untracked 
|  33|0x00000006c4200000, 0x00000006c4200000, 0x00000006c4400000|  0%| F|  |TAMS 0x00000006c4200000, 0x00000006c4200000| Untracked 
|  34|0x00000006c4400000, 0x00000006c4400000, 0x00000006c4600000|  0%| F|  |TAMS 0x00000006c4400000, 0x00000006c4400000| Untracked 
|  35|0x00000006c4600000, 0x00000006c4600000, 0x00000006c4800000|  0%| F|  |TAMS 0x00000006c4600000, 0x00000006c4600000| Untracked 
|  36|0x00000006c4800000, 0x00000006c4800000, 0x00000006c4a00000|  0%| F|  |TAMS 0x00000006c4800000, 0x00000006c4800000| Untracked 
|  37|0x00000006c4a00000, 0x00000006c4a00000, 0x00000006c4c00000|  0%| F|  |TAMS 0x00000006c4a00000, 0x00000006c4a00000| Untracked 
|  38|0x00000006c4c00000, 0x00000006c4c00000, 0x00000006c4e00000|  0%| F|  |TAMS 0x00000006c4c00000, 0x00000006c4c00000| Untracked 
|  39|0x00000006c4e00000, 0x00000006c4e00000, 0x00000006c5000000|  0%| F|  |TAMS 0x00000006c4e00000, 0x00000006c4e00000| Untracked 
|  40|0x00000006c5000000, 0x00000006c5000000, 0x00000006c5200000|  0%| F|  |TAMS 0x00000006c5000000, 0x00000006c5000000| Untracked 
|  41|0x00000006c5200000, 0x00000006c5200000, 0x00000006c5400000|  0%| F|  |TAMS 0x00000006c5200000, 0x00000006c5200000| Untracked 
|  42|0x00000006c5400000, 0x00000006c5400000, 0x00000006c5600000|  0%| F|  |TAMS 0x00000006c5400000, 0x00000006c5400000| Untracked 
|  43|0x00000006c5600000, 0x00000006c5600000, 0x00000006c5800000|  0%| F|  |TAMS 0x00000006c5600000, 0x00000006c5600000| Untracked 
|  44|0x00000006c5800000, 0x00000006c5800000, 0x00000006c5a00000|  0%| F|  |TAMS 0x00000006c5800000, 0x00000006c5800000| Untracked 
|  45|0x00000006c5a00000, 0x00000006c5a00000, 0x00000006c5c00000|  0%| F|  |TAMS 0x00000006c5a00000, 0x00000006c5a00000| Untracked 
|  46|0x00000006c5c00000, 0x00000006c5c00000, 0x00000006c5e00000|  0%| F|  |TAMS 0x00000006c5c00000, 0x00000006c5c00000| Untracked 
|  47|0x00000006c5e00000, 0x00000006c5e00000, 0x00000006c6000000|  0%| F|  |TAMS 0x00000006c5e00000, 0x00000006c5e00000| Untracked 
|  48|0x00000006c6000000, 0x00000006c6000000, 0x00000006c6200000|  0%| F|  |TAMS 0x00000006c6000000, 0x00000006c6000000| Untracked 
|  49|0x00000006c6200000, 0x00000006c6200000, 0x00000006c6400000|  0%| F|  |TAMS 0x00000006c6200000, 0x00000006c6200000| Untracked 
|  50|0x00000006c6400000, 0x00000006c6500c38, 0x00000006c6600000| 50%| E|  |TAMS 0x00000006c6400000, 0x00000006c6400000| Complete 
|  51|0x00000006c6600000, 0x00000006c6800000, 0x00000006c6800000|100%| E|CS|TAMS 0x00000006c6600000, 0x00000006c6600000| Complete 
|  52|0x00000006c6800000, 0x00000006c6a00000, 0x00000006c6a00000|100%| E|CS|TAMS 0x00000006c6800000, 0x00000006c6800000| Complete 
|  53|0x00000006c6a00000, 0x00000006c6c00000, 0x00000006c6c00000|100%| E|CS|TAMS 0x00000006c6a00000, 0x00000006c6a00000| Complete 
|  54|0x00000006c6c00000, 0x00000006c6e00000, 0x00000006c6e00000|100%| E|CS|TAMS 0x00000006c6c00000, 0x00000006c6c00000| Complete 
|  55|0x00000006c6e00000, 0x00000006c7000000, 0x00000006c7000000|100%| E|CS|TAMS 0x00000006c6e00000, 0x00000006c6e00000| Complete 
|  56|0x00000006c7000000, 0x00000006c7200000, 0x00000006c7200000|100%| E|CS|TAMS 0x00000006c7000000, 0x00000006c7000000| Complete 
|  57|0x00000006c7200000, 0x00000006c7400000, 0x00000006c7400000|100%| E|CS|TAMS 0x00000006c7200000, 0x00000006c7200000| Complete 
|  58|0x00000006c7400000, 0x00000006c7600000, 0x00000006c7600000|100%| E|CS|TAMS 0x00000006c7400000, 0x00000006c7400000| Complete 
|  59|0x00000006c7600000, 0x00000006c7800000, 0x00000006c7800000|100%| E|CS|TAMS 0x00000006c7600000, 0x00000006c7600000| Complete 
|  60|0x00000006c7800000, 0x00000006c7a00000, 0x00000006c7a00000|100%| E|CS|TAMS 0x00000006c7800000, 0x00000006c7800000| Complete 
|  61|0x00000006c7a00000, 0x00000006c7c00000, 0x00000006c7c00000|100%| E|CS|TAMS 0x00000006c7a00000, 0x00000006c7a00000| Complete 
|  62|0x00000006c7c00000, 0x00000006c7e00000, 0x00000006c7e00000|100%| E|CS|TAMS 0x00000006c7c00000, 0x00000006c7c00000| Complete 
|  63|0x00000006c7e00000, 0x00000006c8000000, 0x00000006c8000000|100%| E|CS|TAMS 0x00000006c7e00000, 0x00000006c7e00000| Complete 
|  64|0x00000006c8000000, 0x00000006c8200000, 0x00000006c8200000|100%| E|CS|TAMS 0x00000006c8000000, 0x00000006c8000000| Complete 
|  65|0x00000006c8200000, 0x00000006c8400000, 0x00000006c8400000|100%| E|CS|TAMS 0x00000006c8200000, 0x00000006c8200000| Complete 
|  66|0x00000006c8400000, 0x00000006c8600000, 0x00000006c8600000|100%| E|CS|TAMS 0x00000006c8400000, 0x00000006c8400000| Complete 
|  67|0x00000006c8600000, 0x00000006c8800000, 0x00000006c8800000|100%| E|CS|TAMS 0x00000006c8600000, 0x00000006c8600000| Complete 
|  68|0x00000006c8800000, 0x00000006c8a00000, 0x00000006c8a00000|100%| E|CS|TAMS 0x00000006c8800000, 0x00000006c8800000| Complete 
|  69|0x00000006c8a00000, 0x00000006c8c00000, 0x00000006c8c00000|100%| E|CS|TAMS 0x00000006c8a00000, 0x00000006c8a00000| Complete 
|  70|0x00000006c8c00000, 0x00000006c8e00000, 0x00000006c8e00000|100%| E|CS|TAMS 0x00000006c8c00000, 0x00000006c8c00000| Complete 
|  71|0x00000006c8e00000, 0x00000006c9000000, 0x00000006c9000000|100%| E|  |TAMS 0x00000006c8e00000, 0x00000006c8e00000| Complete 
|  72|0x00000006c9000000, 0x00000006c9200000, 0x00000006c9200000|100%| E|CS|TAMS 0x00000006c9000000, 0x00000006c9000000| Complete 
|  73|0x00000006c9200000, 0x00000006c9400000, 0x00000006c9400000|100%| E|CS|TAMS 0x00000006c9200000, 0x00000006c9200000| Complete 
|  74|0x00000006c9400000, 0x00000006c9600000, 0x00000006c9600000|100%| E|CS|TAMS 0x00000006c9400000, 0x00000006c9400000| Complete 
|  75|0x00000006c9600000, 0x00000006c9800000, 0x00000006c9800000|100%| E|CS|TAMS 0x00000006c9600000, 0x00000006c9600000| Complete 
|  76|0x00000006c9800000, 0x00000006c9a00000, 0x00000006c9a00000|100%| E|CS|TAMS 0x00000006c9800000, 0x00000006c9800000| Complete 
|  77|0x00000006c9a00000, 0x00000006c9c00000, 0x00000006c9c00000|100%| E|CS|TAMS 0x00000006c9a00000, 0x00000006c9a00000| Complete 
| 127|0x00000006cfe00000, 0x00000006d0000000, 0x00000006d0000000|100%| E|CS|TAMS 0x00000006cfe00000, 0x00000006cfe00000| Complete 

Card table byte_map: [0x000000011b0a8000,0x000000011b8a8000] _byte_map_base: 0x0000000117aa8000

Marking Bits (Prev, Next): (CMBitMap*) 0x000000014c041a10, (CMBitMap*) 0x000000014c041a50
 Prev Bits: [0x000000011c0a8000, 0x00000001200a8000)
 Next Bits: [0x00000001200a8000, 0x00000001240a8000)

Polling page: 0x0000000102e14000

Metaspace:

Usage:
  Non-class:     39.07 MB capacity,    38.73 MB (>99%) used,   277.79 KB ( <1%) free+waste,    67.00 KB ( <1%) overhead. 
      Class:      5.42 MB capacity,     5.22 MB ( 96%) used,   182.76 KB (  3%) free+waste,    25.69 KB ( <1%) overhead. 
       Both:     44.49 MB capacity,    43.95 MB ( 99%) used,   460.55 KB (  1%) free+waste,    92.69 KB ( <1%) overhead. 

Virtual space:
  Non-class space:       40.00 MB reserved,      39.17 MB ( 98%) committed 
      Class space:        1.00 GB reserved,       5.44 MB ( <1%) committed 
             Both:        1.04 GB reserved,      44.61 MB (  4%) committed 

Chunk freelists:
   Non-Class:  42.00 KB
       Class:  15.00 KB
        Both:  57.00 KB

MaxMetaspaceSize: unlimited
CompressedClassSpaceSize: 1.00 GB

CodeHeap 'non-profiled nmethods': size=120032Kb used=2793Kb max_used=2793Kb free=117239Kb
 bounds [0x0000000113b70000, 0x0000000113e30000, 0x000000011b0a8000]
CodeHeap 'profiled nmethods': size=120016Kb used=10259Kb max_used=10259Kb free=109756Kb
 bounds [0x000000010c63c000, 0x000000010d04c000, 0x0000000113b70000]
CodeHeap 'non-nmethods': size=5712Kb used=1232Kb max_used=1364Kb free=4479Kb
 bounds [0x000000010c0a8000, 0x000000010c318000, 0x000000010c63c000]
 total_blobs=4730 nmethods=4227 adapters=418
 compilation: enabled
              stopped_count=0, restarted_count=0
 full_count=0

Compilation events (20 events):
Event: 3.186 Thread 0x000000014c128c00 4377       3       org.springframework.util.StringUtils::delimitedListToStringArray (164 bytes)
Event: 3.188 Thread 0x000000014c128c00 nmethod 4377 0x000000010d03b310 code [0x000000010d03b840, 0x000000010d03dc78]
Event: 3.188 Thread 0x000000014c128c00 4380       3       org.springframework.core.type.AnnotationMetadata::hasAnnotation (13 bytes)
Event: 3.188 Thread 0x000000014c128c00 nmethod 4380 0x000000010d03e890 code [0x000000010d03ea40, 0x000000010d03ed48]
Event: 3.188 Thread 0x000000014c128c00 4381       3       org.springframework.core.type.filter.AnnotationTypeFilter::matchSelf (52 bytes)
Event: 3.188 Thread 0x000000014c128c00 nmethod 4381 0x000000010d03ee90 code [0x000000010d03f0c0, 0x000000010d03f768]
Event: 3.188 Thread 0x000000014c128c00 4378       3       java.util.Collections::unmodifiableCollection (9 bytes)
Event: 3.189 Thread 0x000000014c128c00 nmethod 4378 0x000000010d03fa10 code [0x000000010d03fc00, 0x000000010d03ff58]
Event: 3.189 Thread 0x000000014c128c00 4379       3       org.springframework.boot.devtools.restart.classloader.ClassLoaderFiles::getSourceDirectories (13 bytes)
Event: 3.189 Thread 0x000000014b80da00 nmethod 4327 0x0000000113e26290 code [0x0000000113e26580, 0x0000000113e27df0]
Event: 3.189 Thread 0x000000014c128c00 nmethod 4379 0x000000010d040110 code [0x000000010d040300, 0x000000010d040808]
Event: 3.189 Thread 0x000000014b80da00 4333       4       java.util.AbstractCollection::toArray (144 bytes)
Event: 3.193 Thread 0x000000014b80da00 nmethod 4333 0x0000000113e28710 code [0x0000000113e28940, 0x0000000113e28f10]
Event: 3.194 Thread 0x000000014b80da00 4367       4       java.lang.reflect.Method::copy (84 bytes)
Event: 3.195 Thread 0x000000014b80da00 nmethod 4367 0x0000000113e29210 code [0x0000000113e293c0, 0x0000000113e29640]
Event: 3.196 Thread 0x000000014b80da00 4368       4       java.lang.reflect.Method::<init> (68 bytes)
Event: 3.204 Thread 0x000000014c128c00 4383       3       org.slf4j.LoggerFactory::getLogger (12 bytes)
Event: 3.204 Thread 0x000000014c128c00 nmethod 4383 0x000000010d040a10 code [0x000000010d040bc0, 0x000000010d040e08]
Event: 3.205 Thread 0x000000014b80da00 nmethod 4368 0x0000000113e29710 code [0x0000000113e29900, 0x0000000113e2a360]
Event: 3.205 Thread 0x000000014b80da00 4384   !   4       java.util.zip.ZipFile::getEntry (59 bytes)

GC Heap History (20 events):
Event: 1.103 GC heap before
{Heap before GC invocations=2 (full 0):
 garbage-first heap   total 262144K, used 62996K [0x00000006c0000000, 0x00000007c0000000)
  region size 2048K, 29 young (59392K), 1 survivors (2048K)
 Metaspace       used 18980K, capacity 19354K, committed 19584K, reserved 1067008K
  class space    used 2026K, capacity 2120K, committed 2176K, reserved 1048576K
}
Event: 1.106 GC heap after
{Heap after GC invocations=3 (full 0):
 garbage-first heap   total 262144K, used 9168K [0x00000006c0000000, 0x00000007c0000000)
  region size 2048K, 1 young (2048K), 1 survivors (2048K)
 Metaspace       used 18980K, capacity 19354K, committed 19584K, reserved 1067008K
  class space    used 2026K, capacity 2120K, committed 2176K, reserved 1048576K
}
Event: 1.173 GC heap before
{Heap before GC invocations=3 (full 0):
 garbage-first heap   total 262144K, used 19408K [0x00000006c0000000, 0x00000007c0000000)
  region size 2048K, 7 young (14336K), 1 survivors (2048K)
 Metaspace       used 20893K, capacity 21267K, committed 21552K, reserved 1069056K
  class space    used 2308K, capacity 2412K, committed 2432K, reserved 1048576K
}
Event: 1.176 GC heap after
{Heap after GC invocations=4 (full 0):
 garbage-first heap   total 262144K, used 9656K [0x00000006c0000000, 0x00000007c0000000)
  region size 2048K, 2 young (4096K), 2 survivors (4096K)
 Metaspace       used 20893K, capacity 21267K, committed 21552K, reserved 1069056K
  class space    used 2308K, capacity 2412K, committed 2432K, reserved 1048576K
}
Event: 1.443 GC heap before
{Heap before GC invocations=5 (full 0):
 garbage-first heap   total 49152K, used 46520K [0x00000006c0000000, 0x00000007c0000000)
  region size 2048K, 20 young (40960K), 2 survivors (4096K)
 Metaspace       used 26786K, capacity 27122K, committed 27248K, reserved 1073152K
  class space    used 3050K, capacity 3164K, committed 3264K, reserved 1048576K
}
Event: 1.448 GC heap after
{Heap after GC invocations=6 (full 0):
 garbage-first heap   total 55296K, used 11538K [0x00000006c0000000, 0x00000007c0000000)
  region size 2048K, 3 young (6144K), 3 survivors (6144K)
 Metaspace       used 26786K, capacity 27122K, committed 27248K, reserved 1073152K
  class space    used 3050K, capacity 3164K, committed 3264K, reserved 1048576K
}
Event: 1.475 GC heap before
{Heap before GC invocations=6 (full 0):
 garbage-first heap   total 55296K, used 34066K [0x00000006c0000000, 0x00000007c0000000)
  region size 2048K, 15 young (30720K), 3 survivors (6144K)
 Metaspace       used 27637K, capacity 27988K, committed 28016K, reserved 1075200K
  class space    used 3141K, capacity 3262K, committed 3264K, reserved 1048576K
}
Event: 1.483 GC heap after
{Heap after GC invocations=7 (full 0):
 garbage-first heap   total 55296K, used 11799K [0x00000006c0000000, 0x00000007c0000000)
  region size 2048K, 2 young (4096K), 2 survivors (4096K)
 Metaspace       used 27637K, capacity 27988K, committed 28016K, reserved 1075200K
  class space    used 3141K, capacity 3262K, committed 3264K, reserved 1048576K
}
Event: 1.542 GC heap before
{Heap before GC invocations=7 (full 0):
 garbage-first heap   total 55296K, used 34327K [0x00000006c0000000, 0x00000007c0000000)
  region size 2048K, 14 young (28672K), 2 survivors (4096K)
 Metaspace       used 28654K, capacity 29012K, committed 29168K, reserved 1075200K
  class space    used 3275K, capacity 3390K, committed 3392K, reserved 1048576K
}
Event: 1.545 GC heap after
{Heap after GC invocations=8 (full 0):
 garbage-first heap   total 55296K, used 11886K [0x00000006c0000000, 0x00000007c0000000)
  region size 2048K, 2 young (4096K), 2 survivors (4096K)
 Metaspace       used 28654K, capacity 29012K, committed 29168K, reserved 1075200K
  class space    used 3275K, capacity 3390K, committed 3392K, reserved 1048576K
}
Event: 1.851 GC heap before
{Heap before GC invocations=8 (full 0):
 garbage-first heap   total 55296K, used 38510K [0x00000006c0000000, 0x00000007c0000000)
  region size 2048K, 15 young (30720K), 2 survivors (4096K)
 Metaspace       used 30560K, capacity 31006K, committed 31344K, reserved 1077248K
  class space    used 3511K, capacity 3665K, committed 3776K, reserved 1048576K
}
Event: 1.854 GC heap after
{Heap after GC invocations=9 (full 0):
 garbage-first heap   total 159744K, used 12964K [0x00000006c0000000, 0x00000007c0000000)
  region size 2048K, 1 young (2048K), 1 survivors (2048K)
 Metaspace       used 30560K, capacity 31006K, committed 31344K, reserved 1077248K
  class space    used 3511K, capacity 3665K, committed 3776K, reserved 1048576K
}
Event: 2.333 GC heap before
{Heap before GC invocations=9 (full 0):
 garbage-first heap   total 159744K, used 45732K [0x00000006c0000000, 0x00000007c0000000)
  region size 2048K, 18 young (36864K), 1 survivors (2048K)
 Metaspace       used 35454K, capacity 35890K, committed 35952K, reserved 1081344K
  class space    used 4118K, capacity 4256K, committed 4288K, reserved 1048576K
}
Event: 2.337 GC heap after
{Heap after GC invocations=10 (full 0):
 garbage-first heap   total 159744K, used 14909K [0x00000006c0000000, 0x00000007c0000000)
  region size 2048K, 2 young (4096K), 2 survivors (4096K)
 Metaspace       used 35454K, capacity 35890K, committed 35952K, reserved 1081344K
  class space    used 4118K, capacity 4256K, committed 4288K, reserved 1048576K
}
Event: 2.841 GC heap before
{Heap before GC invocations=11 (full 0):
 garbage-first heap   total 61440K, used 47677K [0x00000006c0000000, 0x00000007c0000000)
  region size 2048K, 18 young (36864K), 2 survivors (4096K)
 Metaspace       used 40988K, capacity 41475K, committed 41584K, reserved 1085440K
  class space    used 4868K, capacity 5049K, committed 5056K, reserved 1048576K
}
Event: 2.846 GC heap after
{Heap after GC invocations=12 (full 0):
 garbage-first heap   total 61440K, used 17847K [0x00000006c0000000, 0x00000007c0000000)
  region size 2048K, 3 young (6144K), 3 survivors (6144K)
 Metaspace       used 40988K, capacity 41475K, committed 41584K, reserved 1085440K
  class space    used 4868K, capacity 5049K, committed 5056K, reserved 1048576K
}
Event: 2.849 GC heap before
{Heap before GC invocations=12 (full 0):
 garbage-first heap   total 61440K, used 44471K [0x00000006c0000000, 0x00000007c0000000)
  region size 2048K, 17 young (34816K), 3 survivors (6144K)
 Metaspace       used 40988K, capacity 41475K, committed 41584K, reserved 1085440K
  class space    used 4868K, capacity 5049K, committed 5056K, reserved 1048576K
}
Event: 2.854 GC heap after
{Heap after GC invocations=13 (full 0):
 garbage-first heap   total 61440K, used 18057K [0x00000006c0000000, 0x00000007c0000000)
  region size 2048K, 2 young (4096K), 2 survivors (4096K)
 Metaspace       used 40988K, capacity 41475K, committed 41584K, reserved 1085440K
  class space    used 4868K, capacity 5049K, committed 5056K, reserved 1048576K
}
Event: 2.919 GC heap before
{Heap before GC invocations=13 (full 0):
 garbage-first heap   total 61440K, used 44681K [0x00000006c0000000, 0x00000007c0000000)
  region size 2048K, 16 young (32768K), 2 survivors (4096K)
 Metaspace       used 41722K, capacity 42275K, committed 42480K, reserved 1087488K
  class space    used 4930K, capacity 5145K, committed 5184K, reserved 1048576K
}
Event: 2.923 GC heap after
{Heap after GC invocations=14 (full 0):
 garbage-first heap   total 161792K, used 18696K [0x00000006c0000000, 0x00000007c0000000)
  region size 2048K, 1 young (2048K), 1 survivors (2048K)
 Metaspace       used 41722K, capacity 42275K, committed 42480K, reserved 1087488K
  class space    used 4930K, capacity 5145K, committed 5184K, reserved 1048576K
}

Deoptimization events (20 events):
Event: 3.192 Thread 0x000000014b3f5400 DEOPT PACKING pc=0x000000010cabb0f8 sp=0x0000000288e4d2b0
Event: 3.192 Thread 0x000000014b3f5400 DEOPT UNPACKING pc=0x000000010c0e1bfc sp=0x0000000288e4d180 mode 1
Event: 3.192 Thread 0x000000014b3f5400 DEOPT PACKING pc=0x000000010cac043c sp=0x0000000288e4d0e0
Event: 3.192 Thread 0x000000014b3f5400 DEOPT UNPACKING pc=0x000000010c0e1bfc sp=0x0000000288e4cec0 mode 1
Event: 3.192 Thread 0x000000014b3f5400 DEOPT PACKING pc=0x000000010cabe780 sp=0x0000000288e4d170
Event: 3.192 Thread 0x000000014b3f5400 DEOPT UNPACKING pc=0x000000010c0e1bfc sp=0x0000000288e4d010 mode 1
Event: 3.192 Thread 0x000000014b3f5400 DEOPT PACKING pc=0x000000010cabb0f8 sp=0x0000000288e4d2b0
Event: 3.192 Thread 0x000000014b3f5400 DEOPT UNPACKING pc=0x000000010c0e1bfc sp=0x0000000288e4d180 mode 1
Event: 3.199 Thread 0x000000014b3f5400 DEOPT PACKING pc=0x000000010c7a25c8 sp=0x0000000288e4c3a0
Event: 3.199 Thread 0x000000014b3f5400 DEOPT UNPACKING pc=0x000000010c0e1bfc sp=0x0000000288e4c140 mode 1
Event: 3.199 Thread 0x000000014b3f5400 DEOPT PACKING pc=0x0000000113d5fcd0 sp=0x0000000288e4c470
Event: 3.199 Thread 0x000000014b3f5400 DEOPT UNPACKING pc=0x000000010c0e1bfc sp=0x0000000288e4c220 mode 1
Event: 3.199 Thread 0x000000014b3f5400 DEOPT PACKING pc=0x0000000113cda204 sp=0x0000000288e4cbb0
Event: 3.199 Thread 0x000000014b3f5400 DEOPT UNPACKING pc=0x000000010c0e1bfc sp=0x0000000288e4c940 mode 1
Event: 3.199 Thread 0x000000014b3f5400 DEOPT PACKING pc=0x000000010c7a25c8 sp=0x0000000288e4c3a0
Event: 3.199 Thread 0x000000014b3f5400 DEOPT UNPACKING pc=0x000000010c0e1bfc sp=0x0000000288e4c140 mode 1
Event: 3.199 Thread 0x000000014b3f5400 DEOPT PACKING pc=0x0000000113d5fcd0 sp=0x0000000288e4c470
Event: 3.199 Thread 0x000000014b3f5400 DEOPT UNPACKING pc=0x000000010c0e1bfc sp=0x0000000288e4c220 mode 1
Event: 3.199 Thread 0x000000014b3f5400 DEOPT PACKING pc=0x0000000113cda204 sp=0x0000000288e4cbb0
Event: 3.199 Thread 0x000000014b3f5400 DEOPT UNPACKING pc=0x000000010c0e1bfc sp=0x0000000288e4c940 mode 1

Classes unloaded (0 events):
No events

Classes redefined (0 events):
No events

Internal exceptions (20 events):
Event: 2.592 Thread 0x000000014b3f5400 Implicit null exception at 0x0000000113d0bdf8 to 0x0000000113d0c274
Event: 2.592 Thread 0x000000014b3f5400 Implicit null exception at 0x0000000113d76e10 to 0x0000000113d77434
Event: 2.597 Thread 0x000000014b3f5400 Exception <a 'java/lang/NoSuchMethodError'{0x00000006c26953b8}: 'java.lang.Object java.lang.invoke.DirectMethodHandle$Holder.invokeStatic(java.lang.Object, java.lang.Object, int)'> (0x00000006c26953b8) 
thrown [src/hotspot/share/interpreter/linkResolver.cpp, line 782]
Event: 2.598 Thread 0x000000014b3f5400 Exception <a 'java/lang/NoSuchMethodError'{0x00000006c269cda0}: 'java.lang.Object java.lang.invoke.DelegatingMethodHandle$Holder.delegate(java.lang.Object, java.lang.Object, int)'> (0x00000006c269cda0) 
thrown [src/hotspot/share/interpreter/linkResolver.cpp, line 782]
Event: 2.598 Thread 0x000000014b3f5400 Exception <a 'java/lang/NoSuchMethodError'{0x00000006c26a7ca8}: 'void java.lang.invoke.DelegatingMethodHandle$Holder.delegate(java.lang.Object, java.lang.Object, int, java.lang.Object)'> (0x00000006c26a7ca8) 
thrown [src/hotspot/share/interpreter/linkResolver.cpp, line 782]
Event: 2.598 Thread 0x000000014b3f5400 Exception <a 'java/lang/NoSuchMethodError'{0x00000006c26abd30}: 'int java.lang.invoke.DelegatingMethodHandle$Holder.delegate(java.lang.Object, java.lang.Object)'> (0x00000006c26abd30) 
thrown [src/hotspot/share/interpreter/linkResolver.cpp, line 782]
Event: 2.612 Thread 0x000000014b3f5400 Exception <a 'java/lang/NoSuchMethodError'{0x00000006c270ab58}: 'void java.lang.invoke.DirectMethodHandle$Holder.invokeStatic(java.lang.Object, java.lang.Object, int)'> (0x00000006c270ab58) 
thrown [src/hotspot/share/interpreter/linkResolver.cpp, line 782]
Event: 2.638 Thread 0x000000014b3f5400 Exception <a 'java/lang/NoSuchMethodError'{0x00000006c2464ff0}: 'void java.lang.invoke.DirectMethodHandle$Holder.invokeInterface(java.lang.Object, java.lang.Object, int)'> (0x00000006c2464ff0) 
thrown [src/hotspot/share/interpreter/linkResolver.cpp, line 782]
Event: 2.642 Thread 0x000000014b3f5400 Exception <a 'java/lang/IncompatibleClassChangeError'{0x00000006c24c02e0}: Found class java.lang.Object, but interface was expected> (0x00000006c24c02e0) 
thrown [src/hotspot/share/interpreter/linkResolver.cpp, line 848]
Event: 2.643 Thread 0x000000014b3f5400 Exception <a 'java/lang/NoSuchMethodError'{0x00000006c24c59c8}: 'void java.lang.invoke.DirectMethodHandle$Holder.invokeStatic(java.lang.Object, int, java.lang.Object)'> (0x00000006c24c59c8) 
thrown [src/hotspot/share/interpreter/linkResolver.cpp, line 782]
Event: 2.645 Thread 0x000000014b3f5400 Exception <a 'java/lang/NoSuchMethodError'{0x00000006c24f94b8}: 'int java.lang.invoke.DirectMethodHandle$Holder.invokeSpecial(java.lang.Object, java.lang.Object, int)'> (0x00000006c24f94b8) 
thrown [src/hotspot/share/interpreter/linkResolver.cpp, line 782]
Event: 2.957 Thread 0x000000014b3f5400 Exception <a 'java/io/FileNotFoundException'{0x00000006c7afae50}> (0x00000006c7afae50) 
thrown [src/hotspot/share/prims/jni.cpp, line 578]
Event: 2.957 Thread 0x000000014b3f5400 Exception <a 'java/io/FileNotFoundException'{0x00000006c7afc270}> (0x00000006c7afc270) 
thrown [src/hotspot/share/prims/jni.cpp, line 578]
Event: 2.973 Thread 0x000000014b3f5400 Exception <a 'java/lang/NoSuchMethodError'{0x00000006c7945c40}: 'int java.lang.invoke.DirectMethodHandle$Holder.invokeInterface(java.lang.Object, java.lang.Object, java.lang.Object, java.lang.Object)'> (0x00000006c7945c40) 
thrown [src/hotspot/share/interpreter/linkResolver.cpp, line 782]
Event: 3.013 Thread 0x000000014b3f5400 Exception <a 'java/lang/NoSuchMethodError'{0x00000006c742f100}: 'long java.lang.invoke.DirectMethodHandle$Holder.invokeVirtual(java.lang.Object, java.lang.Object)'> (0x00000006c742f100) 
thrown [src/hotspot/share/interpreter/linkResolver.cpp, line 782]
Event: 3.017 Thread 0x000000014b3f5400 Exception <a 'java/io/FileNotFoundException'{0x00000006c74691e0}> (0x00000006c74691e0) 
thrown [src/hotspot/share/prims/jni.cpp, line 578]
Event: 3.048 Thread 0x000000014b3f5400 Implicit null exception at 0x0000000113df7eec to 0x0000000113df860c
Event: 3.091 Thread 0x000000014b3f5400 Exception <a 'java/lang/IncompatibleClassChangeError'{0x00000006c6cfc798}: Found class java.lang.Object, but interface was expected> (0x00000006c6cfc798) 
thrown [src/hotspot/share/interpreter/linkResolver.cpp, line 848]
Event: 3.106 Thread 0x000000014b3f5400 Exception <a 'java/lang/ClassNotFoundException'{0x00000006c6d803b0}: jdk/internal/platform/CgroupMetrics> (0x00000006c6d803b0) 
thrown [src/hotspot/share/classfile/systemDictionary.cpp, line 295]
Event: 3.175 Thread 0x000000014b3f5400 Implicit null exception at 0x0000000113d19578 to 0x0000000113d197bc

Events (20 events):
Event: 3.196 loading class org/hibernate/internal/CoreMessageLogger done
Event: 3.198 loading class org/hibernate/internal/EntityManagerMessageLogger_$logger_ko_KR
Event: 3.198 loading class org/hibernate/internal/EntityManagerMessageLogger_$logger_ko_KR done
Event: 3.199 loading class org/hibernate/internal/EntityManagerMessageLogger_$logger_ko
Event: 3.199 loading class org/hibernate/internal/EntityManagerMessageLogger_$logger_ko done
Event: 3.199 loading class org/hibernate/internal/EntityManagerMessageLogger_$logger
Event: 3.199 loading class org/hibernate/internal/EntityManagerMessageLogger_$logger done
Event: 3.202 loading class org/hibernate/engine/jndi/JndiException
Event: 3.202 loading class org/hibernate/engine/jndi/JndiException done
Event: 3.202 loading class javax/transaction/SystemException
Event: 3.202 loading class javax/transaction/SystemException done
Event: 3.203 loading class org/hibernate/engine/jndi/JndiNameException
Event: 3.203 loading class org/hibernate/engine/jndi/JndiNameException done
Event: 3.204 loading class org/springframework/orm/jpa/vendor/SpringHibernateJpaPersistenceProvider$1
Event: 3.204 loading class org/springframework/orm/jpa/vendor/SpringHibernateJpaPersistenceProvider$1 done
Event: 3.204 loading class org/hibernate/jpa/boot/internal/PersistenceUnitInfoDescriptor
Event: 3.204 loading class org/hibernate/jpa/boot/internal/PersistenceUnitInfoDescriptor done
Event: 3.205 loading class javax/persistence/spi/ClassTransformer
Event: 3.205 loading class javax/persistence/spi/ClassTransformer done
Event: 3.205 Executing VM operation: HandshakeAllThreads


Dynamic libraries:
0x0000000102e70000 	/Library/Java/JavaVirtualMachines/zulu-15.jdk/Contents/Home/lib/libjli.dylib
0x000000019c846000 	/usr/lib/libz.1.dylib
0x000000019c900000 	/usr/lib/libSystem.B.dylib
0x000000019c8fa000 	/usr/lib/system/libcache.dylib
0x000000019c8b3000 	/usr/lib/system/libcommonCrypto.dylib
0x000000019c8e1000 	/usr/lib/system/libcompiler_rt.dylib
0x000000019c8d7000 	/usr/lib/system/libcopyfile.dylib
0x0000000191028000 	/usr/lib/system/libcorecrypto.dylib
0x00000001910de000 	/usr/lib/system/libdispatch.dylib
0x000000019126f000 	/usr/lib/system/libdyld.dylib
0x000000019c8f0000 	/usr/lib/system/libkeymgr.dylib
0x000000019c891000 	/usr/lib/system/libmacho.dylib
0x000000019bf62000 	/usr/lib/system/libquarantine.dylib
0x000000019c8ed000 	/usr/lib/system/libremovefile.dylib
0x0000000195f2f000 	/usr/lib/system/libsystem_asl.dylib
0x0000000190fc5000 	/usr/lib/system/libsystem_blocks.dylib
0x0000000191129000 	/usr/lib/system/libsystem_c.dylib
0x000000019c8e5000 	/usr/lib/system/libsystem_collections.dylib
0x000000019b483000 	/usr/lib/system/libsystem_configuration.dylib
0x000000019a4f3000 	/usr/lib/system/libsystem_containermanager.dylib
0x000000019c599000 	/usr/lib/system/libsystem_coreservices.dylib
0x00000001940c4000 	/usr/lib/system/libsystem_darwin.dylib
0x000000019c8f1000 	/usr/lib/system/libsystem_dnssd.dylib
0x0000000191126000 	/usr/lib/system/libsystem_featureflags.dylib
0x000000019129b000 	/usr/lib/system/libsystem_info.dylib
0x000000019c858000 	/usr/lib/system/libsystem_m.dylib
0x00000001910b2000 	/usr/lib/system/libsystem_malloc.dylib
0x0000000195eaf000 	/usr/lib/system/libsystem_networkextension.dylib
0x000000019452e000 	/usr/lib/system/libsystem_notify.dylib
0x000000019b488000 	/usr/lib/system/libsystem_sandbox.dylib
0x000000019c8ea000 	/usr/lib/system/libsystem_secinit.dylib
0x0000000191229000 	/usr/lib/system/libsystem_kernel.dylib
0x0000000191293000 	/usr/lib/system/libsystem_platform.dylib
0x0000000191262000 	/usr/lib/system/libsystem_pthread.dylib
0x0000000197704000 	/usr/lib/system/libsystem_symptoms.dylib
0x000000019100e000 	/usr/lib/system/libsystem_trace.dylib
0x000000019c8c4000 	/usr/lib/system/libunwind.dylib
0x0000000190fca000 	/usr/lib/system/libxpc.dylib
0x0000000191211000 	/usr/lib/libc++abi.dylib
0x0000000190ef4000 	/usr/lib/libobjc.A.dylib
0x000000019c8cf000 	/usr/lib/liboah.dylib
0x00000001911aa000 	/usr/lib/libc++.1.dylib
0x00000001a8705000 	/System/Library/Frameworks/Cocoa.framework/Versions/A/Cocoa
0x000000019458f000 	/System/Library/Frameworks/AppKit.framework/Versions/C/AppKit
0x0000000196f33000 	/System/Library/Frameworks/CoreData.framework/Versions/A/CoreData
0x00000001921f3000 	/System/Library/Frameworks/Foundation.framework/Versions/C/Foundation
0x000000019549a000 	/System/Library/PrivateFrameworks/UIFoundation.framework/Versions/A/UIFoundation
0x00000001fcf8e000 	/System/Library/PrivateFrameworks/CollectionViewCore.framework/Versions/A/CollectionViewCore
0x00000001a2bb1000 	/System/Library/PrivateFrameworks/RemoteViewServices.framework/Versions/A/RemoteViewServices
0x000000019ad36000 	/System/Library/PrivateFrameworks/XCTTargetBootstrap.framework/Versions/A/XCTTargetBootstrap
0x000000019e694000 	/System/Library/PrivateFrameworks/InternationalSupport.framework/Versions/A/InternationalSupport
0x000000019e71b000 	/System/Library/PrivateFrameworks/UserActivity.framework/Versions/A/UserActivity
0x0000000214116000 	/System/Library/PrivateFrameworks/WindowManagement.framework/Versions/A/WindowManagement
0x0000000191ebd000 	/System/Library/Frameworks/SystemConfiguration.framework/Versions/A/SystemConfiguration
0x000000019db98000 	/usr/lib/libspindump.dylib
0x0000000195640000 	/System/Library/Frameworks/UniformTypeIdentifiers.framework/Versions/A/UniformTypeIdentifiers
0x000000019904a000 	/usr/lib/libapp_launch_measurement.dylib
0x00000001984fa000 	/System/Library/PrivateFrameworks/CoreAnalytics.framework/Versions/A/CoreAnalytics
0x0000000199051000 	/System/Library/PrivateFrameworks/CoreAutoLayout.framework/Versions/A/CoreAutoLayout
0x000000019a545000 	/System/Library/Frameworks/Metal.framework/Versions/A/Metal
0x000000019b494000 	/usr/lib/liblangid.dylib
0x000000019ad3c000 	/System/Library/PrivateFrameworks/CoreSVG.framework/Versions/A/CoreSVG
0x0000000195f65000 	/System/Library/PrivateFrameworks/SkyLight.framework/Versions/A/SkyLight
0x000000019637d000 	/System/Library/Frameworks/CoreGraphics.framework/Versions/A/CoreGraphics
0x00000001a327c000 	/System/Library/Frameworks/Accelerate.framework/Versions/A/Accelerate
0x000000019d606000 	/System/Library/PrivateFrameworks/IconServices.framework/Versions/A/IconServices
0x000000019a525000 	/System/Library/Frameworks/IOSurface.framework/Versions/A/IOSurface
0x0000000198527000 	/usr/lib/libDiagnosticMessagesClient.dylib
0x00000001a64e3000 	/System/Library/Frameworks/ApplicationServices.framework/Versions/A/ApplicationServices
0x000000019ad1e000 	/System/Library/PrivateFrameworks/DFRFoundation.framework/Versions/A/DFRFoundation
0x0000000193e0d000 	/usr/lib/libicucore.A.dylib
0x000000019f624000 	/System/Library/Frameworks/AudioToolbox.framework/Versions/A/AudioToolbox
0x000000019e69f000 	/System/Library/PrivateFrameworks/DataDetectorsCore.framework/Versions/A/DataDetectorsCore
0x00000001b57a2000 	/System/Library/PrivateFrameworks/TextInput.framework/Versions/A/TextInput
0x0000000195eca000 	/usr/lib/libMobileGestalt.dylib
0x000000019a9ea000 	/System/Library/Frameworks/Carbon.framework/Versions/A/Frameworks/HIToolbox.framework/Versions/A/HIToolbox
0x00000001989d2000 	/System/Library/Frameworks/QuartzCore.framework/Versions/A/QuartzCore
0x0000000193a69000 	/System/Library/Frameworks/Security.framework/Versions/A/Security
0x00000001a2bf1000 	/System/Library/Frameworks/Carbon.framework/Versions/A/Frameworks/SpeechRecognition.framework/Versions/A/SpeechRecognition
0x0000000198d89000 	/System/Library/PrivateFrameworks/CoreUI.framework/Versions/A/CoreUI
0x0000000193362000 	/System/Library/Frameworks/CoreAudio.framework/Versions/A/CoreAudio
0x0000000198603000 	/System/Library/Frameworks/DiskArbitration.framework/Versions/A/DiskArbitration
0x000000019dfcc000 	/System/Library/PrivateFrameworks/MultitouchSupport.framework/Versions/A/MultitouchSupport
0x0000000195ec8000 	/usr/lib/libenergytrace.dylib
0x0000000194452000 	/System/Library/Frameworks/IOKit.framework/Versions/A/IOKit
0x00000001a2fd8000 	/System/Library/Frameworks/CoreServices.framework/Versions/A/CoreServices
0x0000000198fd7000 	/System/Library/PrivateFrameworks/PerformanceAnalysis.framework/Versions/A/PerformanceAnalysis
0x00000001e05be000 	/System/Library/Frameworks/OpenGL.framework/Versions/A/OpenGL
0x000000019909b000 	/usr/lib/libxml2.2.dylib
0x000000019be68000 	/System/Library/PrivateFrameworks/MobileKeyBag.framework/Versions/A/MobileKeyBag
0x00000001969c8000 	/System/Library/Frameworks/ColorSync.framework/Versions/A/ColorSync
0x00000001912c7000 	/System/Library/Frameworks/CoreFoundation.framework/Versions/A/CoreFoundation
0x000000019b0b6000 	/System/Library/Frameworks/CoreImage.framework/Versions/A/CoreImage
0x0000000193183000 	/System/Library/Frameworks/CoreText.framework/Versions/A/CoreText
0x000000019ad75000 	/System/Library/Frameworks/ImageIO.framework/Versions/A/ImageIO
0x000000019c906000 	/System/Library/PrivateFrameworks/SoftLinking.framework/Versions/A/SoftLinking
0x000000019cb9a000 	/usr/lib/libcompression.dylib
0x000000019e5f0000 	/System/Library/PrivateFrameworks/TextureIO.framework/Versions/A/TextureIO
0x000000019d2d8000 	/usr/lib/libate.dylib
0x000000019d197000 	/usr/lib/liblzma.5.dylib
0x000000019c902000 	/usr/lib/libfakelink.dylib
0x0000000195aed000 	/System/Library/Frameworks/CFNetwork.framework/Versions/A/CFNetwork
0x000000019ca41000 	/usr/lib/libarchive.2.dylib
0x00000001a0f2f000 	/System/Library/Frameworks/Combine.framework/Versions/A/Combine
0x000000019efee000 	/usr/lib/swift/libswiftCore.dylib
0x00000001b287b000 	/usr/lib/swift/libswiftCoreFoundation.dylib
0x00000001b0757000 	/usr/lib/swift/libswiftDarwin.dylib
0x00000001a44f0000 	/usr/lib/swift/libswiftDispatch.dylib
0x00000001b289c000 	/usr/lib/swift/libswiftIOKit.dylib
0x00000001a6906000 	/usr/lib/swift/libswiftObjectiveC.dylib
0x00000001b288f000 	/usr/lib/swift/libswiftXPC.dylib
0x000000021a941000 	/usr/lib/swift/libswift_Concurrency.dylib
0x000000021aa93000 	/usr/lib/swift/libswift_StringProcessing.dylib
0x00000001a690a000 	/usr/lib/swift/libswiftos.dylib
0x00000001943d7000 	/System/Library/PrivateFrameworks/CoreServicesInternal.framework/Versions/A/CoreServicesInternal
0x000000019bf8d000 	/usr/lib/libbsm.0.dylib
0x000000019c897000 	/usr/lib/system/libkxld.dylib
0x0000000199013000 	/System/Library/Frameworks/CoreServices.framework/Versions/A/Frameworks/FSEvents.framework/Versions/A/FSEvents
0x00000001940cf000 	/System/Library/Frameworks/CoreServices.framework/Versions/A/Frameworks/CarbonCore.framework/Versions/A/CarbonCore
0x000000019856a000 	/System/Library/Frameworks/CoreServices.framework/Versions/A/Frameworks/Metadata.framework/Versions/A/Metadata
0x000000019c59f000 	/System/Library/Frameworks/CoreServices.framework/Versions/A/Frameworks/OSServices.framework/Versions/A/OSServices
0x000000019cac8000 	/System/Library/Frameworks/CoreServices.framework/Versions/A/Frameworks/SearchKit.framework/Versions/A/SearchKit
0x0000000197687000 	/System/Library/Frameworks/CoreServices.framework/Versions/A/Frameworks/AE.framework/Versions/A/AE
0x000000019179f000 	/System/Library/Frameworks/CoreServices.framework/Versions/A/Frameworks/LaunchServices.framework/Versions/A/LaunchServices
0x000000019d140000 	/System/Library/Frameworks/CoreServices.framework/Versions/A/Frameworks/DictionaryServices.framework/Versions/A/DictionaryServices
0x0000000199020000 	/System/Library/Frameworks/CoreServices.framework/Versions/A/Frameworks/SharedFileList.framework/Versions/A/SharedFileList
0x000000019cb67000 	/usr/lib/libapple_nghttp2.dylib
0x0000000195ae9000 	/usr/lib/libnetwork.dylib
0x000000019730b000 	/usr/lib/libsqlite3.dylib
0x000000019770d000 	/System/Library/Frameworks/Network.framework/Versions/A/Network
0x0000000219a93000 	/usr/lib/libCoreEntitlements.dylib
0x000000020656e000 	/System/Library/PrivateFrameworks/MessageSecurity.framework/Versions/A/MessageSecurity
0x00000001972f1000 	/System/Library/PrivateFrameworks/ProtocolBuffer.framework/Versions/A/ProtocolBuffer
0x000000019c57b000 	/System/Library/PrivateFrameworks/AppleFSCompression.framework/Versions/A/AppleFSCompression
0x000000019bf75000 	/usr/lib/libcoretls.dylib
0x000000019d1b0000 	/usr/lib/libcoretls_cfhelpers.dylib
0x000000019cb94000 	/usr/lib/libpam.2.dylib
0x000000019d216000 	/usr/lib/libxar.1.dylib
0x000000019d5e1000 	/usr/lib/libheimdal-asn1.dylib
0x000000019c907000 	/usr/lib/libpcap.A.dylib
0x00000001976fa000 	/usr/lib/libdns_services.dylib
0x000000019b490000 	/System/Library/PrivateFrameworks/AppleSystemInfo.framework/Versions/A/AppleSystemInfo
0x000000019bc69000 	/System/Library/PrivateFrameworks/IOMobileFramebuffer.framework/Versions/A/IOMobileFramebuffer
0x000000019c58c000 	/usr/lib/libbz2.1.0.dylib
0x000000019bf65000 	/usr/lib/libCheckFix.dylib
0x0000000195f47000 	/System/Library/PrivateFrameworks/TCC.framework/Versions/A/TCC
0x000000019b496000 	/System/Library/PrivateFrameworks/CoreNLP.framework/Versions/A/CoreNLP
0x0000000198529000 	/System/Library/PrivateFrameworks/MetadataUtilities.framework/Versions/A/MetadataUtilities
0x000000019bf9e000 	/usr/lib/libmecab.dylib
0x0000000191f47000 	/usr/lib/libCRFSuite.dylib
0x000000019bffb000 	/usr/lib/libgermantok.dylib
0x000000019cb40000 	/usr/lib/libThaiTokenizer.dylib
0x000000019860c000 	/System/Library/Frameworks/Accelerate.framework/Versions/A/Frameworks/vImage.framework/Versions/A/vImage
0x00000001a2faf000 	/System/Library/Frameworks/Accelerate.framework/Versions/A/Frameworks/vecLib.framework/Versions/A/vecLib
0x000000019d25c000 	/System/Library/Frameworks/Accelerate.framework/Versions/A/Frameworks/vecLib.framework/Versions/A/libvMisc.dylib
0x000000019bb69000 	/System/Library/Frameworks/Accelerate.framework/Versions/A/Frameworks/vecLib.framework/Versions/A/libvDSP.dylib
0x0000000191b53000 	/System/Library/Frameworks/Accelerate.framework/Versions/A/Frameworks/vecLib.framework/Versions/A/libBLAS.dylib
0x000000019cc6c000 	/System/Library/Frameworks/Accelerate.framework/Versions/A/Frameworks/vecLib.framework/Versions/A/libLAPACK.dylib
0x000000019bffe000 	/System/Library/Frameworks/Accelerate.framework/Versions/A/Frameworks/vecLib.framework/Versions/A/libLinearAlgebra.dylib
0x000000019cb7f000 	/System/Library/Frameworks/Accelerate.framework/Versions/A/Frameworks/vecLib.framework/Versions/A/libSparseBLAS.dylib
0x000000019cc67000 	/System/Library/Frameworks/Accelerate.framework/Versions/A/Frameworks/vecLib.framework/Versions/A/libQuadrature.dylib
0x000000019b58f000 	/System/Library/Frameworks/Accelerate.framework/Versions/A/Frameworks/vecLib.framework/Versions/A/libBNNS.dylib
0x0000000191e56000 	/System/Library/Frameworks/Accelerate.framework/Versions/A/Frameworks/vecLib.framework/Versions/A/libSparse.dylib
0x00000002058a4000 	/System/Library/PrivateFrameworks/MIL.framework/Versions/A/MIL
0x000000019c93c000 	/usr/lib/libiconv.2.dylib
0x000000019c890000 	/usr/lib/libcharset.1.dylib
0x0000000198ff3000 	/System/Library/Frameworks/OpenDirectory.framework/Versions/A/Frameworks/CFOpenDirectory.framework/Versions/A/CFOpenDirectory
0x0000000198fe3000 	/System/Library/Frameworks/OpenDirectory.framework/Versions/A/OpenDirectory
0x000000019d1b2000 	/System/Library/PrivateFrameworks/APFS.framework/Versions/A/APFS
0x000000019be9f000 	/System/Library/Frameworks/SecurityFoundation.framework/Versions/A/SecurityFoundation
0x000000019d225000 	/usr/lib/libutil.dylib
0x0000000204925000 	/System/Library/PrivateFrameworks/InstalledContentLibrary.framework/Versions/A/InstalledContentLibrary
0x0000000194415000 	/System/Library/PrivateFrameworks/CoreServicesStore.framework/Versions/A/CoreServicesStore
0x00000001fb95b000 	/System/Library/PrivateFrameworks/AppleMobileFileIntegrity.framework/Versions/A/AppleMobileFileIntegrity
0x00000001b285a000 	/usr/lib/libmis.dylib
0x00000001c077f000 	/System/Library/PrivateFrameworks/MobileSystemServices.framework/Versions/A/MobileSystemServices
0x00000001daec4000 	/System/Library/PrivateFrameworks/ConfigProfileHelper.framework/Versions/A/ConfigProfileHelper
0x000000019cb42000 	/System/Library/PrivateFrameworks/AppleSauce.framework/Versions/A/AppleSauce
0x0000000192c2c000 	/System/Library/PrivateFrameworks/LanguageModeling.framework/Versions/A/LanguageModeling
0x000000019d229000 	/usr/lib/libxslt.1.dylib
0x000000019ca2f000 	/usr/lib/libcmph.dylib
0x000000019bc56000 	/System/Library/PrivateFrameworks/CoreEmoji.framework/Versions/A/CoreEmoji
0x000000019b589000 	/System/Library/PrivateFrameworks/LinguisticData.framework/Versions/A/LinguisticData
0x0000000191e0e000 	/System/Library/PrivateFrameworks/Lexicon.framework/Versions/A/Lexicon
0x000000019bf32000 	/System/Library/PrivateFrameworks/BackgroundTaskManagement.framework/Versions/A/BackgroundTaskManagement
0x0000000219c32000 	/usr/lib/libTLE.dylib
0x000000021a9de000 	/usr/lib/swift/libswift_RegexParser.dylib
0x000000019de91000 	/System/Library/PrivateFrameworks/AppleJPEG.framework/Versions/A/AppleJPEG
0x000000019d5c6000 	/usr/lib/libexpat.1.dylib
0x000000019e452000 	/System/Library/Frameworks/ImageIO.framework/Versions/A/Resources/libPng.dylib
0x000000019e47d000 	/System/Library/Frameworks/ImageIO.framework/Versions/A/Resources/libTIFF.dylib
0x000000019e566000 	/System/Library/Frameworks/ImageIO.framework/Versions/A/Resources/libGIF.dylib
0x000000019ded6000 	/System/Library/Frameworks/ImageIO.framework/Versions/A/Resources/libJP2.dylib
0x000000019e50a000 	/System/Library/Frameworks/ImageIO.framework/Versions/A/Resources/libJPEG.dylib
0x000000019e501000 	/System/Library/Frameworks/ImageIO.framework/Versions/A/Resources/libRadiance.dylib
0x000000019a873000 	/System/Library/PrivateFrameworks/FontServices.framework/libFontParser.dylib
0x0000000197629000 	/System/Library/PrivateFrameworks/RunningBoardServices.framework/Versions/A/RunningBoardServices
0x00000001a8e36000 	/System/Library/PrivateFrameworks/IOSurfaceAccelerator.framework/Versions/A/IOSurfaceAccelerator
0x000000019dfc8000 	/System/Library/PrivateFrameworks/WatchdogClient.framework/Versions/A/WatchdogClient
0x0000000192da5000 	/System/Library/Frameworks/CoreDisplay.framework/Versions/A/CoreDisplay
0x000000019a74d000 	/System/Library/Frameworks/CoreMedia.framework/Versions/A/CoreMedia
0x000000019a53b000 	/System/Library/PrivateFrameworks/IOAccelerator.framework/Versions/A/IOAccelerator
0x0000000199184000 	/System/Library/Frameworks/CoreVideo.framework/Versions/A/CoreVideo
0x000000019cb92000 	/System/Library/Frameworks/MetalPerformanceShaders.framework/Versions/A/MetalPerformanceShaders
0x000000019e007000 	/System/Library/Frameworks/VideoToolbox.framework/Versions/A/VideoToolbox
0x000000019756c000 	/System/Library/PrivateFrameworks/BaseBoard.framework/Versions/A/BaseBoard
0x000000019e4fc000 	/System/Library/PrivateFrameworks/GPUWrangler.framework/Versions/A/GPUWrangler
0x000000019e4dc000 	/System/Library/PrivateFrameworks/IOPresentment.framework/Versions/A/IOPresentment
0x000000019e504000 	/System/Library/PrivateFrameworks/DSExternalDisplay.framework/Versions/A/DSExternalDisplay
0x00000002010ff000 	/System/Library/PrivateFrameworks/GPUCompiler.framework/Versions/31001/Libraries/libllvm-flatbuffers.dylib
0x00000001e05b1000 	/System/Library/Frameworks/OpenGL.framework/Versions/A/Libraries/libCoreFSCache.dylib
0x00000002010fb000 	/System/Library/PrivateFrameworks/GPUCompiler.framework/Versions/31001/Libraries/libGPUCompilerUtils.dylib
0x000000019e56c000 	/System/Library/PrivateFrameworks/CMCaptureCore.framework/Versions/A/CMCaptureCore
0x00000001f5b9a000 	/System/Library/Frameworks/ExtensionFoundation.framework/Versions/A/ExtensionFoundation
0x00000001a4c97000 	/System/Library/PrivateFrameworks/CoreTime.framework/Versions/A/CoreTime
0x000000019db83000 	/System/Library/PrivateFrameworks/AppServerSupport.framework/Versions/A/AppServerSupport
0x000000019ff06000 	/System/Library/PrivateFrameworks/perfdata.framework/Versions/A/perfdata
0x0000000192ec5000 	/System/Library/PrivateFrameworks/AudioToolboxCore.framework/Versions/A/AudioToolboxCore
0x000000019a723000 	/System/Library/PrivateFrameworks/caulk.framework/Versions/A/caulk
0x000000019f7c3000 	/usr/lib/libAudioStatistics.dylib
0x00000001b1c94000 	/System/Library/PrivateFrameworks/SystemPolicy.framework/Versions/A/SystemPolicy
0x000000019fa65000 	/usr/lib/libSMC.dylib
0x00000001a85da000 	/System/Library/Frameworks/CoreMIDI.framework/Versions/A/CoreMIDI
0x000000019e41f000 	/usr/lib/libAudioToolboxUtility.dylib
0x00000001ada17000 	/System/Library/PrivateFrameworks/OSAServicesClient.framework/Versions/A/OSAServicesClient
0x000000019ff13000 	/usr/lib/libperfcheck.dylib
0x000000019d4b1000 	/System/Library/PrivateFrameworks/PlugInKit.framework/Versions/A/PlugInKit
0x000000019be91000 	/System/Library/PrivateFrameworks/AssertionServices.framework/Versions/A/AssertionServices
0x00000001e0613000 	/System/Library/Frameworks/OpenGL.framework/Versions/A/Libraries/libGLU.dylib
0x00000001e05d2000 	/System/Library/Frameworks/OpenGL.framework/Versions/A/Libraries/libGFXShared.dylib
0x00000001e07b9000 	/System/Library/Frameworks/OpenGL.framework/Versions/A/Libraries/libGL.dylib
0x00000001e05db000 	/System/Library/Frameworks/OpenGL.framework/Versions/A/Libraries/libGLImage.dylib
0x00000001e05cf000 	/System/Library/Frameworks/OpenGL.framework/Versions/A/Libraries/libCVMSPluginSupport.dylib
0x0000000219c11000 	/usr/lib/libRosetta.dylib
0x00000001e05b8000 	/System/Library/Frameworks/OpenGL.framework/Versions/A/Libraries/libCoreVMClient.dylib
0x000000019b408000 	/System/Library/Frameworks/MetalPerformanceShaders.framework/Versions/A/Frameworks/MPSCore.framework/Versions/A/MPSCore
0x000000019c4f1000 	/System/Library/Frameworks/MetalPerformanceShaders.framework/Versions/A/Frameworks/MPSImage.framework/Versions/A/MPSImage
0x000000019c013000 	/System/Library/Frameworks/MetalPerformanceShaders.framework/Versions/A/Frameworks/MPSNeuralNetwork.framework/Versions/A/MPSNeuralNetwork
0x000000019c3ff000 	/System/Library/Frameworks/MetalPerformanceShaders.framework/Versions/A/Frameworks/MPSMatrix.framework/Versions/A/MPSMatrix
0x000000019c211000 	/System/Library/Frameworks/MetalPerformanceShaders.framework/Versions/A/Frameworks/MPSRayIntersector.framework/Versions/A/MPSRayIntersector
0x000000019c42d000 	/System/Library/Frameworks/MetalPerformanceShaders.framework/Versions/A/Frameworks/MPSNDArray.framework/Versions/A/MPSNDArray
0x00000001f6f68000 	/System/Library/Frameworks/MetalPerformanceShaders.framework/Versions/A/Frameworks/MPSFunctions.framework/Versions/A/MPSFunctions
0x0000000191a19000 	/System/Library/PrivateFrameworks/MetalTools.framework/Versions/A/MetalTools
0x000000019b48e000 	/System/Library/PrivateFrameworks/AggregateDictionary.framework/Versions/A/AggregateDictionary
0x000000019d36a000 	/usr/lib/libIOReport.dylib
0x00000001a77ca000 	/System/Library/PrivateFrameworks/ASEProcessing.framework/Versions/A/ASEProcessing
0x000000019d721000 	/System/Library/PrivateFrameworks/GraphVisualizer.framework/Versions/A/GraphVisualizer
0x000000020100c000 	/System/Library/PrivateFrameworks/FontServices.framework/Versions/A/FontServices
0x000000019db41000 	/System/Library/PrivateFrameworks/OTSVG.framework/Versions/A/OTSVG
0x0000000198d37000 	/System/Library/Frameworks/ApplicationServices.framework/Versions/A/Frameworks/ATS.framework/Versions/A/Resources/libFontRegistry.dylib
0x000000019db8d000 	/System/Library/PrivateFrameworks/FontServices.framework/libhvf.dylib
0x000000020100d000 	/System/Library/PrivateFrameworks/FontServices.framework/libXTFontStaticRegistryData.dylib
0x0000000212e2a000 	/System/Library/PrivateFrameworks/VideoToolboxParavirtualizationSupport.framework/Versions/A/VideoToolboxParavirtualizationSupport
0x000000019d57a000 	/System/Library/PrivateFrameworks/AppleVA.framework/Versions/A/AppleVA
0x000000019f803000 	/System/Library/Frameworks/ApplicationServices.framework/Versions/A/Frameworks/ATS.framework/Versions/A/ATS
0x0000000196abb000 	/System/Library/Frameworks/ApplicationServices.framework/Versions/A/Frameworks/HIServices.framework/Versions/A/HIServices
0x000000019e578000 	/System/Library/Frameworks/ApplicationServices.framework/Versions/A/Frameworks/PrintCore.framework/Versions/A/PrintCore
0x000000019fbbe000 	/System/Library/Frameworks/ApplicationServices.framework/Versions/A/Frameworks/QD.framework/Versions/A/QD
0x000000019fbb2000 	/System/Library/Frameworks/ApplicationServices.framework/Versions/A/Frameworks/ColorSyncLegacy.framework/Versions/A/ColorSyncLegacy
0x000000019f7d7000 	/System/Library/Frameworks/ApplicationServices.framework/Versions/A/Frameworks/SpeechSynthesis.framework/Versions/A/SpeechSynthesis
0x000000019e536000 	/System/Library/Frameworks/ApplicationServices.framework/Versions/A/Frameworks/ATSUI.framework/Versions/A/ATSUI
0x000000019fb45000 	/usr/lib/libcups.2.dylib
0x000000019ff21000 	/System/Library/Frameworks/Kerberos.framework/Versions/A/Kerberos
0x000000019ff32000 	/System/Library/Frameworks/GSS.framework/Versions/A/GSS
0x000000019f875000 	/usr/lib/libresolv.9.dylib
0x000000019db9d000 	/System/Library/PrivateFrameworks/Heimdal.framework/Versions/A/Heimdal
0x00000001a6888000 	/System/Library/Frameworks/Kerberos.framework/Versions/A/Libraries/libHeimdalProxy.dylib
0x000000019ff82000 	/System/Library/PrivateFrameworks/CommonAuth.framework/Versions/A/CommonAuth
0x00000001f4dd4000 	/System/Library/Frameworks/AVFAudio.framework/Versions/A/AVFAudio
0x00000001ada66000 	/System/Library/PrivateFrameworks/AXCoreUtilities.framework/Versions/A/AXCoreUtilities
0x000000019f74f000 	/System/Library/PrivateFrameworks/AudioSession.framework/Versions/A/AudioSession
0x00000001a0ce6000 	/System/Library/Frameworks/IOBluetooth.framework/Versions/A/IOBluetooth
0x000000019d67b000 	/System/Library/PrivateFrameworks/MediaExperience.framework/Versions/A/MediaExperience
0x000000019f5ea000 	/System/Library/PrivateFrameworks/AudioSession.framework/libSessionUtility.dylib
0x000000019fbca000 	/System/Library/PrivateFrameworks/AudioResourceArbitration.framework/Versions/A/AudioResourceArbitration
0x00000001a3bc7000 	/System/Library/PrivateFrameworks/PowerLog.framework/Versions/A/PowerLog
0x00000001a3b09000 	/System/Library/Frameworks/CoreBluetooth.framework/Versions/A/CoreBluetooth
0x00000001a6889000 	/System/Library/Frameworks/AudioUnit.framework/Versions/A/AudioUnit
0x000000019bcf4000 	/System/Library/PrivateFrameworks/CoreUtils.framework/Versions/A/CoreUtils
0x00000001ffa11000 	/System/Library/PrivateFrameworks/CoreUtilsExtras.framework/Versions/A/CoreUtilsExtras
0x00000002047c3000 	/System/Library/PrivateFrameworks/IO80211.framework/Versions/A/IO80211
0x000000019d5eb000 	/System/Library/PrivateFrameworks/IconFoundation.framework/Versions/A/IconFoundation
0x00000001a2bdd000 	/System/Library/PrivateFrameworks/SpeechRecognitionCore.framework/Versions/A/SpeechRecognitionCore
0x0000000103cb0000 	/Library/Java/JavaVirtualMachines/zulu-15.jdk/Contents/Home/lib/server/libjvm.dylib
0x0000000102e28000 	/Library/Java/JavaVirtualMachines/zulu-15.jdk/Contents/Home/lib/libjimage.dylib
0x0000000102f04000 	/Library/Java/JavaVirtualMachines/zulu-15.jdk/Contents/Home/lib/libjdwp.dylib
0x0000000102f4c000 	/Library/Java/JavaVirtualMachines/zulu-15.jdk/Contents/Home/lib/libjava.dylib
0x0000000102ed4000 	/Library/Java/JavaVirtualMachines/zulu-15.jdk/Contents/Home/lib/libinstrument.dylib
0x0000000102eec000 	/Library/Java/JavaVirtualMachines/zulu-15.jdk/Contents/Home/lib/libzip.dylib
0x0000000103b14000 	/Library/Java/JavaVirtualMachines/zulu-15.jdk/Contents/Home/lib/libdt_socket.dylib
0x0000000103b48000 	/Library/Java/JavaVirtualMachines/zulu-15.jdk/Contents/Home/lib/libnio.dylib
0x0000000103b8c000 	/Library/Java/JavaVirtualMachines/zulu-15.jdk/Contents/Home/lib/libnet.dylib
0x0000000103b68000 	/Library/Java/JavaVirtualMachines/zulu-15.jdk/Contents/Home/lib/libverify.dylib
0x0000000103b28000 	/Library/Java/JavaVirtualMachines/zulu-15.jdk/Contents/Home/lib/libmanagement.dylib
0x0000000103bb0000 	/Library/Java/JavaVirtualMachines/zulu-15.jdk/Contents/Home/lib/libmanagement_ext.dylib


VM Arguments:
jvm_args: -agentlib:jdwp=transport=dt_socket,address=127.0.0.1:51127,suspend=y,server=n -javaagent:/Users/xiu0327/Library/Caches/JetBrains/IdeaIC2022.1/captureAgent/debugger-agent.jar -Dfile.encoding=UTF-8 
java_command: numble.karrot.KarrotApplication
java_class_path (initial): /Users/xiu0327/portfolio/carot-challenge/karrot/out/production/classes:/Users/xiu0327/portfolio/carot-challenge/karrot/out/production/resources:/Users/xiu0327/.gradle/caches/modules-2/files-2.1/org.springframework.boot/spring-boot-starter-data-jpa/2.7.7/bc28a10c4fc39f01e9233db84f132eb4b8c53390/spring-boot-starter-data-jpa-2.7.7.jar:/Users/xiu0327/.gradle/caches/modules-2/files-2.1/org.springframework.boot/spring-boot-starter-security/2.7.7/27c5ef5bcf91e362572aed544c7d64eb0296d9a4/spring-boot-starter-security-2.7.7.jar:/Users/xiu0327/.gradle/caches/modules-2/files-2.1/org.springframework.boot/spring-boot-starter-thymeleaf/2.7.7/5d80dd18f2f1945e3dc568fa30ac106e329a4bde/spring-boot-starter-thymeleaf-2.7.7.jar:/Users/xiu0327/.gradle/caches/modules-2/files-2.1/org.springframework.boot/spring-boot-starter-websocket/2.7.7/3dc05ae0c45c6cc8631b8e5dbe9eda7aeb122ee2/spring-boot-starter-websocket-2.7.7.jar:/Users/xiu0327/.gradle/caches/modules-2/files-2.1/org.springframework.boot/spring-boot-starter-web/2.7.7/b551cc70136739c9834ed278c25d24efa8abe66e/spring-boot-starter-web-2.7.7.jar:/Users/xiu0327/.gradle/caches/modules-2/files-2.1/org.springframework.boot/spring-boot-devtools/2.7.7/b99143fddbbb93af91875a00a59e4b9847c49113/spring-boot-devtools-2.7.7.jar:/Users/xiu0327/.gradle/caches/modules-2/files-2.1/com.github.gavlyukovskiy/p6spy-spring-boot-starter/1.8.1/688ddcdba46c6f38353b02443ca17db0fbb1f93/p6spy-spring-boot-starter-1.8.1.jar:/Users/xiu0327/.gradle/caches/modules-2/files-2.1/org.thymeleaf.extras/thymeleaf-extras-springsecurity5/3.0.5.RELEASE/8ac42b63d03d7ccbfdcb4fc8c4322001e6081515/thymeleaf-extras-springsecurity5-3.0.5.RELEASE.jar:/Users/xiu0327/.gradle/caches/modules-2/files-2.1/org.springframework.boot/spring-boot-starter-validation/2.7.7/b29d0346e75f3d508d32377af0c9694ef5ab5714/spring-boot-starter-validation-2.7.7.jar:/Users/xiu0327/.gradle/caches/modules-2/files-2.1/junit/junit/4.13.2/8ac9e16d933b6fb43bc7f576336b8f4d7eb5ba12/junit-4.13.2
Launcher Type: SUN_STANDARD

[Global flags]
     intx CICompilerCount                          = 4                                         {product} {ergonomic}
     uint ConcGCThreads                            = 2                                         {product} {ergonomic}
     uint G1ConcRefinementThreads                  = 8                                         {product} {ergonomic}
   size_t G1HeapRegionSize                         = 2097152                                   {product} {ergonomic}
    uintx GCDrainStackTargetSize                   = 64                                        {product} {ergonomic}
   size_t InitialHeapSize                          = 268435456                                 {product} {ergonomic}
   size_t MarkStackSize                            = 4194304                                   {product} {ergonomic}
   size_t MaxHeapSize                              = 4294967296                                {product} {ergonomic}
   size_t MaxNewSize                               = 2575302656                                {product} {ergonomic}
   size_t MinHeapDeltaBytes                        = 2097152                                   {product} {ergonomic}
   size_t MinHeapSize                              = 8388608                                   {product} {ergonomic}
    uintx NonNMethodCodeHeapSize                   = 5839564                                {pd product} {ergonomic}
    uintx NonProfiledCodeHeapSize                  = 122909338                              {pd product} {ergonomic}
    uintx ProfiledCodeHeapSize                     = 122909338                              {pd product} {ergonomic}
    uintx ReservedCodeCacheSize                    = 251658240                              {pd product} {ergonomic}
     bool SegmentedCodeCache                       = true                                      {product} {ergonomic}
   size_t SoftMaxHeapSize                          = 4294967296                             {manageable} {ergonomic}
     bool UseCompressedClassPointers               = true                                 {lp64_product} {ergonomic}
     bool UseCompressedOops                        = true                                 {lp64_product} {ergonomic}
     bool UseG1GC                                  = true                                      {product} {ergonomic}
     bool UseNUMA                                  = false                                     {product} {ergonomic}
     bool UseNUMAInterleaving                      = false                                     {product} {ergonomic}

Logging:
Log output configuration:
 #0: stdout all=warning uptime,level,tags
 #1: stderr all=off uptime,level,tags

Environment Variables:
JAVA_HOME=/Library/Java/JavaVirtualMachines/zulu-15.jdk/Contents/Home
PATH=/Users/xiu0327/.gem/bin:/Users/xiu0327/.nvm/versions/node/v16.6.1/bin:/Users/xiu0327/miniforge3/condabin:/Users/xiu0327/.gem/bin:/usr/local/bin:/System/Cryptexes/App/usr/bin:/usr/bin:/bin:/usr/sbin:/sbin:/Library/TeX/texbin:/Library/Apple/usr/bin:/Users/xiu0327/.cargo/bin:/Users/xiu0327/Library/Android/sdk/emulator:/Users/xiu0327/Library/Android/sdk/tools:/Users/xiu0327/Library/Android/sdk/tools/bin:/Users/xiu0327/Library/Android/sdk/platform-tools:/Library/Java/JavaVirtualMachines/zulu-15.jdk/Contents/Home/bin:
SHELL=/bin/zsh
LC_CTYPE=ko_KR.UTF-8

Signal Handlers:
SIGSEGV: [libjvm.dylib+0x921ea8], sa_mask[0]=11111111011111110111111111111111, sa_flags=SA_ONSTACK|SA_RESTART|SA_SIGINFO
SIGBUS: [libjvm.dylib+0x921ea8], sa_mask[0]=11111111011111110111111111111111, sa_flags=SA_RESTART|SA_SIGINFO
SIGFPE: [libjvm.dylib+0x921ea8], sa_mask[0]=11111111011111110111111111111111, sa_flags=SA_RESTART|SA_SIGINFO
SIGPIPE: [libjvm.dylib+0x7133a4], sa_mask[0]=11111111011111110111111111111111, sa_flags=SA_RESTART|SA_SIGINFO
SIGXFSZ: [libjvm.dylib+0x7133a4], sa_mask[0]=11111111011111110111111111111111, sa_flags=SA_RESTART|SA_SIGINFO
SIGILL: [libjvm.dylib+0x921ea8], sa_mask[0]=11111111011111110111111111111111, sa_flags=SA_RESTART|SA_SIGINFO
SIGUSR2: [libjvm.dylib+0x713dd8], sa_mask[0]=00100000000000000000000000000000, sa_flags=SA_RESTART|SA_SIGINFO
SIGHUP: [libjvm.dylib+0x71241c], sa_mask[0]=11111111011111110111111111111111, sa_flags=SA_RESTART|SA_SIGINFO
SIGINT: [libjvm.dylib+0x71241c], sa_mask[0]=11111111011111110111111111111111, sa_flags=SA_RESTART|SA_SIGINFO
SIGTERM: [libjvm.dylib+0x71241c], sa_mask[0]=11111111011111110111111111111111, sa_flags=SA_RESTART|SA_SIGINFO
SIGQUIT: [libjvm.dylib+0x71241c], sa_mask[0]=11111111011111110111111111111111, sa_flags=SA_RESTART|SA_SIGINFO


---------------  S Y S T E M  ---------------

OS:uname: Darwin 22.2.0 Darwin Kernel Version 22.2.0: Fri Nov 11 02:04:44 PST 2022; root:xnu-8792.61.2~4/RELEASE_ARM64_T8103 arm64
OS uptime: 1 days 22:46 hours
rlimit (soft/hard): STACK 8176k/65520k , CORE 0k/infinity , NPROC 2666/4000 , NOFILE 10240/infinity , AS infinity/infinity , CPU infinity/infinity , DATA infinity/infinity , FSIZE infinity/infinity , MEMLOCK infinity/infinity , RSS infinity/infinity
load average: 2.08 1.70 1.63

CPU: total 8 (initial active 8) 0x61:0x0:0x1b588bb3:0, simd, crc, lse

Memory: 16k page, physical 16777216k(513792k free), swap 2097152k(1246080k free)

vm_info: OpenJDK 64-Bit Server VM (15.0.5+3-MTS) for bsd-aarch64 JRE (15.0.5+3-MTS) (Zulu15.36+13-CA), built on Oct  8 2021 04:00:01 by "zulu_re" with clang Apple LLVM 12.0.0 (clang-1200.0.32.28)

END.
