#
# A fatal error has been detected by the Java Runtime Environment:
#
#  SIGBUS (0xa) at pc=0x0000000106386424, pid=27861, tid=4867
#
# JRE version: OpenJDK Runtime Environment Zulu15.36+13-CA (15.0.5+3) (build 15.0.5+3-MTS)
# Java VM: OpenJDK 64-Bit Server VM Zulu15.36+13-CA (15.0.5+3-MTS, mixed mode, tiered, compressed oops, g1 gc, bsd-aarch64)
# Problematic frame:
# V  [libjvm.dylib+0x88a424]  MarkActivationClosure::do_code_blob(CodeBlob*)+0x3c
#
# No core dump will be written. Core dumps have been disabled. To enable core dumping, try "ulimit -c unlimited" before starting Java again
#
# If you would like to submit a bug report, please visit:
#   http://www.azul.com/support/
#

---------------  S U M M A R Y ------------

Command Line: -agentlib:jdwp=transport=dt_socket,address=127.0.0.1:50396,suspend=y,server=n -ea -Didea.test.cyclic.buffer.size=1048576 -javaagent:/Users/xiu0327/Library/Caches/JetBrains/IdeaIC2022.1/captureAgent/debugger-agent.jar -Dfile.encoding=UTF-8 com.intellij.rt.junit.JUnitStarter -ideVersion5 -junit5 numble.karrot.product.service.ProductServiceImplTest,JPA_문제_확인

Host: MacBookPro17,1 arm64 1 MHz, 8 cores, 16G, Darwin 22.1.0
Time: Fri Jan  6 19:18:04 2023 KST elapsed time: 2.816744 seconds (0d 0h 0m 2s)

---------------  T H R E A D  ---------------

Current thread (0x0000000146027000):  JavaThread "main" [_thread_in_vm, id=4867, stack(0x000000016b284000,0x000000016b487000)]

Stack: [0x000000016b284000,0x000000016b487000],  sp=0x000000016b4816b0,  free space=2037k
Native frames: (J=compiled Java code, A=aot compiled Java code, j=interpreted, Vv=VM code, C=native code)
V  [libjvm.dylib+0x88a424]  MarkActivationClosure::do_code_blob(CodeBlob*)+0x3c
V  [libjvm.dylib+0x8c5c68]  JavaThread::nmethods_do(CodeBlobClosure*)+0x80
V  [libjvm.dylib+0x389c0c]  HandshakeState::process_self_inner()+0x170
V  [libjvm.dylib+0x79dd6c]  SafepointMechanism::block_if_requested_slow(JavaThread*)+0x74
V  [libjvm.dylib+0x5572b0]  jvmti_Deallocate(_jvmtiEnv*, unsigned char*)+0x194
C  [libjdwp.dylib+0x285a0]  jvmtiDeallocate+0x34
C  [libjdwp.dylib+0xcd6c]  bagDestroyBag+0x1c
C  [libjdwp.dylib+0x18520]  reportEvents+0x23c
C  [libjdwp.dylib+0x17ff8]  event_callback+0x3cc
C  [libjdwp.dylib+0x15934]  cbClassPrepare+0xc0
V  [libjvm.dylib+0x5a3e0c]  JvmtiExport::post_class_prepare(JavaThread*, Klass*)+0x2c8
V  [libjvm.dylib+0x3c1ea8]  InstanceKlass::link_class_impl(Thread*)+0x3c8
V  [libjvm.dylib+0x3c1b38]  InstanceKlass::link_class_impl(Thread*)+0x58
V  [libjvm.dylib+0x3c1f94]  InstanceKlass::initialize_impl(Thread*)+0x58
V  [libjvm.dylib+0x3d6d70]  InterpreterRuntime::_new(JavaThread*, ConstantPool*, int)+0xa8
j  org.springframework.web.servlet.config.annotation.WebMvcConfigurationSupport.createRequestMappingHandlerAdapter()Lorg/springframework/web/servlet/mvc/method/annotation/RequestMappingHandlerAdapter;+0
j  org.springframework.boot.autoconfigure.web.servlet.WebMvcAutoConfiguration$EnableWebMvcConfiguration.createRequestMappingHandlerAdapter()Lorg/springframework/web/servlet/mvc/method/annotation/RequestMappingHandlerAdapter;+24
j  org.springframework.web.servlet.config.annotation.WebMvcConfigurationSupport.requestMappingHandlerAdapter(Lorg/springframework/web/accept/ContentNegotiationManager;Lorg/springframework/format/support/FormattingConversionService;Lorg/springframework/validation/Validator;)Lorg/springframework/web/servlet/mvc/method/annotation/RequestMappingHandlerAdapter;+1
j  org.springframework.boot.autoconfigure.web.servlet.WebMvcAutoConfiguration$EnableWebMvcConfiguration.requestMappingHandlerAdapter(Lorg/springframework/web/accept/ContentNegotiationManager;Lorg/springframework/format/support/FormattingConversionService;Lorg/springframework/validation/Validator;)Lorg/springframework/web/servlet/mvc/method/annotation/RequestMappingHandlerAdapter;+4
v  ~StubRoutines::call_stub
V  [libjvm.dylib+0x3e0588]  JavaCalls::call_helper(JavaValue*, methodHandle const&, JavaCallArguments*, Thread*)+0x324
V  [libjvm.dylib+0x782348]  invoke(InstanceKlass*, methodHandle const&, Handle, bool, objArrayHandle, BasicType, objArrayHandle, bool, Thread*)+0x724
V  [libjvm.dylib+0x781bac]  Reflection::invoke_method(oopDesc*, Handle, objArrayHandle, Thread*)+0x134
V  [libjvm.dylib+0x4922f8]  JVM_InvokeMethod+0x364
J 4689  jdk.internal.reflect.NativeMethodAccessorImpl.invoke0(Ljava/lang/reflect/Method;Ljava/lang/Object;[Ljava/lang/Object;)Ljava/lang/Object; java.base@15.0.5 (0 bytes) @ 0x0000000115bc1070 [0x0000000115bc0fc0+0x00000000000000b0]
j  java.lang.reflect.Method.setMethodAccessor(Ljdk/internal/reflect/MethodAccessor;)V+17 java.base@15.0.5
j  java.lang.reflect.Method.acquireMethodAccessor()Ljdk/internal/reflect/MethodAccessor;+39 java.base@15.0.5
C  0x00000006c3eeaaa8

Java frames: (J=compiled Java code, j=interpreted, Vv=VM code)
j  org.springframework.web.servlet.config.annotation.WebMvcConfigurationSupport.createRequestMappingHandlerAdapter()Lorg/springframework/web/servlet/mvc/method/annotation/RequestMappingHandlerAdapter;+0
j  org.springframework.boot.autoconfigure.web.servlet.WebMvcAutoConfiguration$EnableWebMvcConfiguration.createRequestMappingHandlerAdapter()Lorg/springframework/web/servlet/mvc/method/annotation/RequestMappingHandlerAdapter;+24
j  org.springframework.web.servlet.config.annotation.WebMvcConfigurationSupport.requestMappingHandlerAdapter(Lorg/springframework/web/accept/ContentNegotiationManager;Lorg/springframework/format/support/FormattingConversionService;Lorg/springframework/validation/Validator;)Lorg/springframework/web/servlet/mvc/method/annotation/RequestMappingHandlerAdapter;+1
j  org.springframework.boot.autoconfigure.web.servlet.WebMvcAutoConfiguration$EnableWebMvcConfiguration.requestMappingHandlerAdapter(Lorg/springframework/web/accept/ContentNegotiationManager;Lorg/springframework/format/support/FormattingConversionService;Lorg/springframework/validation/Validator;)Lorg/springframework/web/servlet/mvc/method/annotation/RequestMappingHandlerAdapter;+4
v  ~StubRoutines::call_stub
J 4689  jdk.internal.reflect.NativeMethodAccessorImpl.invoke0(Ljava/lang/reflect/Method;Ljava/lang/Object;[Ljava/lang/Object;)Ljava/lang/Object; java.base@15.0.5 (0 bytes) @ 0x0000000115bc1074 [0x0000000115bc0fc0+0x00000000000000b4]
J 4688 c1 jdk.internal.reflect.NativeMethodAccessorImpl.invoke(Ljava/lang/Object;[Ljava/lang/Object;)Ljava/lang/Object; java.base@15.0.5 (117 bytes) @ 0x000000010ee58bec [0x000000010ee58040+0x0000000000000bac]
J 4690 c1 jdk.internal.reflect.DelegatingMethodAccessorImpl.invoke(Ljava/lang/Object;[Ljava/lang/Object;)Ljava/lang/Object; java.base@15.0.5 (10 bytes) @ 0x000000010ee59914 [0x000000010ee597c0+0x0000000000000154]
J 3888 c1 java.lang.reflect.Method.invoke(Ljava/lang/Object;[Ljava/lang/Object;)Ljava/lang/Object; java.base@15.0.5 (65 bytes) @ 0x000000010ecea044 [0x000000010ece9f00+0x0000000000000144]
j  org.springframework.beans.factory.support.SimpleInstantiationStrategy.instantiate(Lorg/springframework/beans/factory/support/RootBeanDefinition;Ljava/lang/String;Lorg/springframework/beans/factory/BeanFactory;Ljava/lang/Object;Ljava/lang/reflect/Method;[Ljava/lang/Object;)Ljava/lang/Object;+50
j  org.springframework.beans.factory.support.ConstructorResolver.instantiate(Ljava/lang/String;Lorg/springframework/beans/factory/support/RootBeanDefinition;Ljava/lang/Object;Ljava/lang/reflect/Method;[Ljava/lang/Object;)Ljava/lang/Object;+48
j  org.springframework.beans.factory.support.ConstructorResolver.instantiateUsingFactoryMethod(Ljava/lang/String;Lorg/springframework/beans/factory/support/RootBeanDefinition;[Ljava/lang/Object;)Lorg/springframework/beans/BeanWrapper;+1565
j  org.springframework.beans.factory.support.AbstractAutowireCapableBeanFactory.instantiateUsingFactoryMethod(Ljava/lang/String;Lorg/springframework/beans/factory/support/RootBeanDefinition;[Ljava/lang/Object;)Lorg/springframework/beans/BeanWrapper;+11
j  org.springframework.beans.factory.support.AbstractAutowireCapableBeanFactory.createBeanInstance(Ljava/lang/String;Lorg/springframework/beans/factory/support/RootBeanDefinition;[Ljava/lang/Object;)Lorg/springframework/beans/BeanWrapper;+102
j  org.springframework.beans.factory.support.AbstractAutowireCapableBeanFactory.doCreateBean(Ljava/lang/String;Lorg/springframework/beans/factory/support/RootBeanDefinition;[Ljava/lang/Object;)Ljava/lang/Object;+34
j  org.springframework.beans.factory.support.AbstractAutowireCapableBeanFactory.createBean(Ljava/lang/String;Lorg/springframework/beans/factory/support/RootBeanDefinition;[Ljava/lang/Object;)Ljava/lang/Object;+169
j  org.springframework.beans.factory.support.AbstractBeanFactory.lambda$doGetBean$0(Ljava/lang/String;Lorg/springframework/beans/factory/support/RootBeanDefinition;[Ljava/lang/Object;)Ljava/lang/Object;+4
j  org.springframework.beans.factory.support.AbstractBeanFactory$$Lambda$599+0x00000003002f06c0.getObject()Ljava/lang/Object;+16
j  org.springframework.beans.factory.support.DefaultSingletonBeanRegistry.getSingleton(Ljava/lang/String;Lorg/springframework/beans/factory/ObjectFactory;)Ljava/lang/Object;+132
J 3042 c1 org.springframework.beans.factory.support.AbstractBeanFactory.doGetBean(Ljava/lang/String;Ljava/lang/Class;[Ljava/lang/Object;Z)Ljava/lang/Object; (832 bytes) @ 0x000000010eb0237c [0x000000010eb00680+0x0000000000001cfc]
j  org.springframework.beans.factory.support.AbstractBeanFactory.getBean(Ljava/lang/String;)Ljava/lang/Object;+5
j  org.springframework.beans.factory.support.DefaultListableBeanFactory.preInstantiateSingletons()V+248
j  org.springframework.context.support.AbstractApplicationContext.finishBeanFactoryInitialization(Lorg/springframework/beans/factory/config/ConfigurableListableBeanFactory;)V+124
j  org.springframework.context.support.AbstractApplicationContext.refresh()V+86
j  org.springframework.boot.SpringApplication.refresh(Lorg/springframework/context/ConfigurableApplicationContext;)V+1
j  org.springframework.boot.SpringApplication.refreshContext(Lorg/springframework/context/ConfigurableApplicationContext;)V+16
j  org.springframework.boot.SpringApplication.run([Ljava/lang/String;)Lorg/springframework/context/ConfigurableApplicationContext;+107
j  org.springframework.boot.test.context.SpringBootContextLoader.loadContext(Lorg/springframework/test/context/MergedContextConfiguration;)Lorg/springframework/context/ApplicationContext;+252
j  org.springframework.test.context.cache.DefaultCacheAwareContextLoaderDelegate.loadContextInternal(Lorg/springframework/test/context/MergedContextConfiguration;)Lorg/springframework/context/ApplicationContext;+23
j  org.springframework.test.context.cache.DefaultCacheAwareContextLoaderDelegate.loadContext(Lorg/springframework/test/context/MergedContextConfiguration;)Lorg/springframework/context/ApplicationContext;+24
j  org.springframework.test.context.support.DefaultTestContext.getApplicationContext()Lorg/springframework/context/ApplicationContext;+8
j  org.springframework.test.context.web.ServletTestExecutionListener.setUpRequestContextIfNecessary(Lorg/springframework/test/context/TestContext;)V+18
j  org.springframework.test.context.web.ServletTestExecutionListener.prepareTestInstance(Lorg/springframework/test/context/TestContext;)V+2
j  org.springframework.test.context.TestContextManager.prepareTestInstance(Ljava/lang/Object;)V+89
j  org.springframework.test.context.junit.jupiter.SpringExtension.postProcessTestInstance(Ljava/lang/Object;Lorg/junit/jupiter/api/extension/ExtensionContext;)V+10
j  org.junit.jupiter.engine.descriptor.ClassBasedTestDescriptor.lambda$invokeTestInstancePostProcessors$8(Lorg/junit/jupiter/api/extension/TestInstancePostProcessor;Ljava/lang/Object;Lorg/junit/jupiter/api/extension/ExtensionContext;)V+3
j  org.junit.jupiter.engine.descriptor.ClassBasedTestDescriptor$$Lambda$425+0x000000030020c8a0.execute()V+12
j  org.junit.jupiter.engine.descriptor.ClassBasedTestDescriptor.executeAndMaskThrowable(Lorg/junit/jupiter/api/function/Executable;)V+1
j  org.junit.jupiter.engine.descriptor.ClassBasedTestDescriptor.lambda$invokeTestInstancePostProcessors$9(Ljava/lang/Object;Lorg/junit/jupiter/api/extension/ExtensionContext;Lorg/junit/jupiter/api/extension/TestInstancePostProcessor;)V+9
j  org.junit.jupiter.engine.descriptor.ClassBasedTestDescriptor$$Lambda$424+0x000000030020c478.accept(Ljava/lang/Object;)V+16
j  java.util.stream.StreamSpliterators$WrappingSpliterator$$Lambda$295+0x000000030014aa58.accept(Ljava/lang/Object;)V+5 java.base@15.0.5
j  java.util.stream.ReferencePipeline$3$1.accept(Ljava/lang/Object;)V+17 java.base@15.0.5
J 885 c1 java.util.stream.ReferencePipeline$2$1.accept(Ljava/lang/Object;)V java.base@15.0.5 (27 bytes) @ 0x000000010e615a0c [0x000000010e6157c0+0x000000000000024c]
j  java.util.ArrayList$ArrayListSpliterator.forEachRemaining(Ljava/util/function/Consumer;)V+95 java.base@15.0.5
j  java.util.stream.AbstractPipeline.copyInto(Ljava/util/stream/Sink;Ljava/util/Spliterator;)V+32 java.base@15.0.5
j  java.util.stream.AbstractPipeline.wrapAndCopyInto(Ljava/util/stream/Sink;Ljava/util/Spliterator;)Ljava/util/stream/Sink;+13 java.base@15.0.5
j  java.util.stream.StreamSpliterators$WrappingSpliterator.forEachRemaining(Ljava/util/function/Consumer;)V+42 java.base@15.0.5
j  java.util.stream.Streams$ConcatSpliterator.forEachRemaining(Ljava/util/function/Consumer;)V+22 java.base@15.0.5
j  java.util.stream.Streams$ConcatSpliterator.forEachRemaining(Ljava/util/function/Consumer;)V+12 java.base@15.0.5
j  java.util.stream.ReferencePipeline$Head.forEach(Ljava/util/function/Consumer;)V+12 java.base@15.0.5
j  org.junit.jupiter.engine.descriptor.ClassBasedTestDescriptor.invokeTestInstancePostProcessors(Ljava/lang/Object;Lorg/junit/jupiter/engine/extension/ExtensionRegistry;Lorg/junit/jupiter/api/extension/ExtensionContext;)V+17
j  org.junit.jupiter.engine.descriptor.ClassBasedTestDescriptor.lambda$instantiateAndPostProcessTestInstance$6(Lorg/junit/jupiter/api/extension/TestInstances;Lorg/junit/jupiter/engine/extension/ExtensionRegistry;Lorg/junit/jupiter/api/extension/ExtensionContext;Lorg/junit/jupiter/engine/extension/ExtensionRegistrar;)V+9
j  org.junit.jupiter.engine.descriptor.ClassBasedTestDescriptor$$Lambda$423+0x000000030020c258.execute()V+20
j  org.junit.platform.engine.support.hierarchical.ThrowableCollector.execute(Lorg/junit/platform/engine/support/hierarchical/ThrowableCollector$Executable;)V+1
j  org.junit.jupiter.engine.descriptor.ClassBasedTestDescriptor.instantiateAndPostProcessTestInstance(Lorg/junit/jupiter/engine/execution/JupiterEngineExecutionContext;Lorg/junit/jupiter/api/extension/ExtensionContext;Lorg/junit/jupiter/engine/extension/ExtensionRegistry;Lorg/junit/jupiter/engine/extension/ExtensionRegistrar;Lorg/junit/platform/engine/support/hierarchical/ThrowableCollector;)Lorg/junit/jupiter/api/extension/TestInstances;+27
j  org.junit.jupiter.engine.descriptor.ClassBasedTestDescriptor.lambda$testInstancesProvider$4(Lorg/junit/jupiter/engine/execution/JupiterEngineExecutionContext;Lorg/junit/jupiter/engine/descriptor/ClassExtensionContext;Lorg/junit/jupiter/engine/extension/ExtensionRegistry;Lorg/junit/jupiter/engine/extension/ExtensionRegistrar;Lorg/junit/platform/engine/support/hierarchical/ThrowableCollector;)Lorg/junit/jupiter/api/extension/TestInstances;+8
j  org.junit.jupiter.engine.descriptor.ClassBasedTestDescriptor$$Lambda$418+0x000000030020ac30.get()Ljava/lang/Object;+24
j  java.util.Optional.orElseGet(Ljava/util/function/Supplier;)Ljava/lang/Object;+15 java.base@15.0.5
j  org.junit.jupiter.engine.descriptor.ClassBasedTestDescriptor.lambda$testInstancesProvider$5(Lorg/junit/jupiter/engine/descriptor/ClassExtensionContext;Lorg/junit/jupiter/engine/execution/JupiterEngineExecutionContext;Lorg/junit/jupiter/engine/extension/ExtensionRegistry;Lorg/junit/jupiter/engine/extension/ExtensionRegistrar;Lorg/junit/platform/engine/support/hierarchical/ThrowableCollector;)Lorg/junit/jupiter/api/extension/TestInstances;+17
j  org.junit.jupiter.engine.descriptor.ClassBasedTestDescriptor$$Lambda$314+0x00000003001587e8.getTestInstances(Lorg/junit/jupiter/engine/extension/ExtensionRegistry;Lorg/junit/jupiter/engine/extension/ExtensionRegistrar;Lorg/junit/platform/engine/support/hierarchical/ThrowableCollector;)Lorg/junit/jupiter/api/extension/TestInstances;+15
j  org.junit.jupiter.engine.execution.TestInstancesProvider.getTestInstances(Lorg/junit/jupiter/engine/extension/MutableExtensionRegistry;Lorg/junit/platform/engine/support/hierarchical/ThrowableCollector;)Lorg/junit/jupiter/api/extension/TestInstances;+4
j  org.junit.jupiter.engine.descriptor.TestMethodTestDescriptor.lambda$prepare$0(Lorg/junit/jupiter/engine/execution/JupiterEngineExecutionContext;Lorg/junit/jupiter/engine/extension/MutableExtensionRegistry;Lorg/junit/platform/engine/support/hierarchical/ThrowableCollector;Lorg/junit/jupiter/engine/descriptor/MethodExtensionContext;)V+6
j  org.junit.jupiter.engine.descriptor.TestMethodTestDescriptor$$Lambda$417+0x000000030020aa10.execute()V+16
j  org.junit.platform.engine.support.hierarchical.ThrowableCollector.execute(Lorg/junit/platform/engine/support/hierarchical/ThrowableCollector$Executable;)V+1
j  org.junit.jupiter.engine.descriptor.TestMethodTestDescriptor.prepare(Lorg/junit/jupiter/engine/execution/JupiterEngineExecutionContext;)Lorg/junit/jupiter/engine/execution/JupiterEngineExecutionContext;+44
j  org.junit.jupiter.engine.descriptor.TestMethodTestDescriptor.prepare(Lorg/junit/platform/engine/support/hierarchical/EngineExecutionContext;)Lorg/junit/platform/engine/support/hierarchical/EngineExecutionContext;+5
j  org.junit.platform.engine.support.hierarchical.NodeTestTask.lambda$prepare$2()V+9
j  org.junit.platform.engine.support.hierarchical.NodeTestTask$$Lambda$255+0x0000000300140238.execute()V+4
j  org.junit.platform.engine.support.hierarchical.ThrowableCollector.execute(Lorg/junit/platform/engine/support/hierarchical/ThrowableCollector$Executable;)V+1
j  org.junit.platform.engine.support.hierarchical.NodeTestTask.prepare()V+10
j  org.junit.platform.engine.support.hierarchical.NodeTestTask.execute()V+17
j  org.junit.platform.engine.support.hierarchical.SameThreadHierarchicalTestExecutorService$$Lambda$270+0x0000000300145a10.accept(Ljava/lang/Object;)V+4
j  java.util.ArrayList.forEach(Ljava/util/function/Consumer;)V+46 java.base@15.0.5
j  org.junit.platform.engine.support.hierarchical.SameThreadHierarchicalTestExecutorService.invokeAll(Ljava/util/List;)V+6
j  org.junit.platform.engine.support.hierarchical.NodeTestTask.lambda$executeRecursively$6()V+116
j  org.junit.platform.engine.support.hierarchical.NodeTestTask$$Lambda$266+0x0000000300144f20.execute()V+4
j  org.junit.platform.engine.support.hierarchical.ThrowableCollector.execute(Lorg/junit/platform/engine/support/hierarchical/ThrowableCollector$Executable;)V+1
j  org.junit.platform.engine.support.hierarchical.NodeTestTask.lambda$executeRecursively$8(Lorg/junit/platform/engine/support/hierarchical/EngineExecutionContext;)V+15
j  org.junit.platform.engine.support.hierarchical.NodeTestTask$$Lambda$265+0x0000000300144d00.invoke(Lorg/junit/platform/engine/support/hierarchical/EngineExecutionContext;)V+5
j  org.junit.platform.engine.support.hierarchical.Node.around(Lorg/junit/platform/engine/support/hierarchical/EngineExecutionContext;Lorg/junit/platform/engine/support/hierarchical/Node$Invocation;)V+2
j  org.junit.platform.engine.support.hierarchical.NodeTestTask.lambda$executeRecursively$9()V+14
j  org.junit.platform.engine.support.hierarchical.NodeTestTask$$Lambda$264+0x00000003001448e8.execute()V+4
j  org.junit.platform.engine.support.hierarchical.ThrowableCollector.execute(Lorg/junit/platform/engine/support/hierarchical/ThrowableCollector$Executable;)V+1
j  org.junit.platform.engine.support.hierarchical.NodeTestTask.executeRecursively()V+31
j  org.junit.platform.engine.support.hierarchical.NodeTestTask.execute()V+55
j  org.junit.platform.engine.support.hierarchical.SameThreadHierarchicalTestExecutorService$$Lambda$270+0x0000000300145a10.accept(Ljava/lang/Object;)V+4
j  java.util.ArrayList.forEach(Ljava/util/function/Consumer;)V+46 java.base@15.0.5
j  org.junit.platform.engine.support.hierarchical.SameThreadHierarchicalTestExecutorService.invokeAll(Ljava/util/List;)V+6
j  org.junit.platform.engine.support.hierarchical.NodeTestTask.lambda$executeRecursively$6()V+116
j  org.junit.platform.engine.support.hierarchical.NodeTestTask$$Lambda$266+0x0000000300144f20.execute()V+4
j  org.junit.platform.engine.support.hierarchical.ThrowableCollector.execute(Lorg/junit/platform/engine/support/hierarchical/ThrowableCollector$Executable;)V+1
j  org.junit.platform.engine.support.hierarchical.NodeTestTask.lambda$executeRecursively$8(Lorg/junit/platform/engine/support/hierarchical/EngineExecutionContext;)V+15
j  org.junit.platform.engine.support.hierarchical.NodeTestTask$$Lambda$265+0x0000000300144d00.invoke(Lorg/junit/platform/engine/support/hierarchical/EngineExecutionContext;)V+5
j  org.junit.platform.engine.support.hierarchical.Node.around(Lorg/junit/platform/engine/support/hierarchical/EngineExecutionContext;Lorg/junit/platform/engine/support/hierarchical/Node$Invocation;)V+2
j  org.junit.platform.engine.support.hierarchical.NodeTestTask.lambda$executeRecursively$9()V+14
j  org.junit.platform.engine.support.hierarchical.NodeTestTask$$Lambda$264+0x00000003001448e8.execute()V+4
j  org.junit.platform.engine.support.hierarchical.ThrowableCollector.execute(Lorg/junit/platform/engine/support/hierarchical/ThrowableCollector$Executable;)V+1
j  org.junit.platform.engine.support.hierarchical.NodeTestTask.executeRecursively()V+31
j  org.junit.platform.engine.support.hierarchical.NodeTestTask.execute()V+55
j  org.junit.platform.engine.support.hierarchical.SameThreadHierarchicalTestExecutorService.submit(Lorg/junit/platform/engine/support/hierarchical/HierarchicalTestExecutorService$TestTask;)Ljava/util/concurrent/Future;+1
j  org.junit.platform.engine.support.hierarchical.HierarchicalTestExecutor.execute()Ljava/util/concurrent/Future;+74
j  org.junit.platform.engine.support.hierarchical.HierarchicalTestEngine.execute(Lorg/junit/platform/engine/ExecutionRequest;)V+31
j  org.junit.platform.launcher.core.EngineExecutionOrchestrator.execute(Lorg/junit/platform/engine/TestDescriptor;Lorg/junit/platform/engine/EngineExecutionListener;Lorg/junit/platform/engine/ConfigurationParameters;Lorg/junit/platform/engine/TestEngine;)V+24
j  org.junit.platform.launcher.core.EngineExecutionOrchestrator.execute(Lorg/junit/platform/launcher/core/LauncherDiscoveryResult;Lorg/junit/platform/engine/EngineExecutionListener;)V+86
j  org.junit.platform.launcher.core.EngineExecutionOrchestrator.lambda$execute$0(Lorg/junit/platform/launcher/core/InternalTestPlan;Lorg/junit/platform/launcher/core/LauncherDiscoveryResult;Lorg/junit/platform/launcher/TestExecutionListener;)V+18
j  org.junit.platform.launcher.core.EngineExecutionOrchestrator$$Lambda$212+0x000000030012b240.accept(Ljava/lang/Object;)V+16
j  org.junit.platform.launcher.core.EngineExecutionOrchestrator.withInterceptedStreams(Lorg/junit/platform/engine/ConfigurationParameters;Lorg/junit/platform/launcher/core/ListenerRegistry;Ljava/util/function/Consumer;)V+51
j  org.junit.platform.launcher.core.EngineExecutionOrchestrator.execute(Lorg/junit/platform/launcher/core/InternalTestPlan;[Lorg/junit/platform/launcher/TestExecutionListener;)V+35
j  org.junit.platform.launcher.core.DefaultLauncher.execute(Lorg/junit/platform/launcher/core/InternalTestPlan;[Lorg/junit/platform/launcher/TestExecutionListener;)V+6
j  org.junit.platform.launcher.core.DefaultLauncher.execute(Lorg/junit/platform/launcher/LauncherDiscoveryRequest;[Lorg/junit/platform/launcher/TestExecutionListener;)V+34
j  org.junit.platform.launcher.core.DefaultLauncherSession$DelegatingLauncher.execute(Lorg/junit/platform/launcher/LauncherDiscoveryRequest;[Lorg/junit/platform/launcher/TestExecutionListener;)V+6
j  org.junit.platform.launcher.core.SessionPerRequestLauncher.execute(Lorg/junit/platform/launcher/LauncherDiscoveryRequest;[Lorg/junit/platform/launcher/TestExecutionListener;)V+13
j  com.intellij.junit5.JUnit5IdeaTestRunner.startRunnerWithArgs([Ljava/lang/String;Ljava/lang/String;IZ)I+202
j  com.intellij.rt.junit.IdeaTestRunner$Repeater$1.execute(Z)I+17
j  com.intellij.rt.execution.junit.TestsRepeater.repeat(IZLcom/intellij/rt/execution/junit/TestsRepeater$TestRun;)I+7
j  com.intellij.rt.junit.IdeaTestRunner$Repeater.startRunnerWithArgs(Lcom/intellij/rt/junit/IdeaTestRunner;[Ljava/lang/String;Ljava/util/ArrayList;Ljava/lang/String;IZ)I+25
j  com.intellij.rt.junit.JUnitStarter.prepareStreamsAndStart([Ljava/lang/String;Ljava/lang/String;Ljava/util/ArrayList;Ljava/lang/String;)I+116
j  com.intellij.rt.junit.JUnitStarter.main([Ljava/lang/String;)V+97
v  ~StubRoutines::call_stub

siginfo: si_signo: 10 (SIGBUS), si_code: 1 (BUS_ADRALN), si_addr: 0x0000000115bc0f58

Register to memory mapping:

 x0=0x00000001066500e8: _MergedGlobals+0 in /Library/Java/JavaVirtualMachines/zulu-15.jdk/Contents/Home/lib/server/libjvm.dylib at 0x0000000105afc000
 x1=0x0000000115bc0e10 is at entry_point+-432 in (nmethod*)0x0000000115bc0e10
 x2=0x00000001063863e8: _ZN21MarkActivationClosure12do_code_blobEP8CodeBlob+0 in /Library/Java/JavaVirtualMachines/zulu-15.jdk/Contents/Home/lib/server/libjvm.dylib at 0x0000000105afc000
 x3=0x0000000fffffc088 points into unknown readable memory: 0xffffff48f8651689 | 89 16 65 f8 48 ff ff ff
 x4=0x0000000000002000 is an unknown value
 x5=0x000000000000001e is an unknown value
 x6=0x0 is NULL
 x7=0x00006000027c4060 points into unknown readable memory: 0x000000012a504b30 | 30 4b 50 2a 01 00 00 00
 x8=0x00000001065fc000: _ZN12StubRoutines10_jint_fillE+0 in /Library/Java/JavaVirtualMachines/zulu-15.jdk/Contents/Home/lib/server/libjvm.dylib at 0x0000000105afc000
 x9=0x00000000000001e0 is an unknown value
x10=0x000000000000409c is an unknown value
x11=0x0000000104ef8000 points into unknown readable memory: 0x0100050403020100 | 00 01 02 03 04 05 00 01
x12=0x000000000000409c is an unknown value
x13=0x0 is NULL
x14=0x000000000000007a is an unknown value
x15=0x000000016b481d08 is pointing into the stack for thread: 0x0000000146027000
x16=0x0c00000000000000 is an unknown value
x17=0x0000000000002000 is an unknown value
x18=0x0 is NULL
x19=0x0000000115bc0e10 is at entry_point+-432 in (nmethod*)0x0000000115bc0e10
x20=0x0000000146027000 is a thread
x21=0x000000016b481700 is pointing into the stack for thread: 0x0000000146027000
x22=0x00000001065fbee8: _ZN12StubRoutines25_call_stub_return_addressE+0 in /Library/Java/JavaVirtualMachines/zulu-15.jdk/Contents/Home/lib/server/libjvm.dylib at 0x0000000105afc000
x23=0x0000000146027454 points into unknown readable memory: 03 31 00 00
x24=0x0000000106597000: _type2aelembytes+0x40 in /Library/Java/JavaVirtualMachines/zulu-15.jdk/Contents/Home/lib/server/libjvm.dylib at 0x0000000105afc000
x25=0x0 is NULL
x26=0x0 is NULL
x27=0x0000000000000006 is an unknown value
x28=0x0000000000000007 is an unknown value


Registers:
 x0=0x00000001066500e8  x1=0x0000000115bc0e10  x2=0x00000001063863e8  x3=0x0000000fffffc088
 x4=0x0000000000002000  x5=0x000000000000001e  x6=0x0000000000000000  x7=0x00006000027c4060
 x8=0x00000001065fc000  x9=0x00000000000001e0 x10=0x000000000000409c x11=0x0000000104ef8000
x12=0x000000000000409c x13=0x0000000000000000 x14=0x000000000000007a x15=0x000000016b481d08
x16=0x0c00000000000000 x17=0x0000000000002000 x18=0x0000000000000000 x19=0x0000000115bc0e10
x20=0x0000000146027000 x21=0x000000016b481700 x22=0x00000001065fbee8 x23=0x0000000146027454
x24=0x0000000106597000 x25=0x0000000000000000 x26=0x0000000000000000 x27=0x0000000000000006
x28=0x0000000000000007  fp=0x000000016b4816c0  lr=0x00000001063c1c68  sp=0x000000016b4816b0
pc=0x0000000106386424 cpsr=0x0000000080001000
Top of Stack: (sp=0x000000016b4816b0)
0x000000016b4816b0:   0000000146027000 00000001066500e8
0x000000016b4816c0:   000000016b481db0 00000001063c1c68
0x000000016b4816d0:   000000016b482d70 0000000115bc1074
0x000000016b4816e0:   0000000115bc0e10 0000000000000000
0x000000016b4816f0:   0000000000000000 000000016b482d70
0x000000016b481700:   0000000000000000 0000000000000000
0x000000016b481710:   0000000000000000 0000000000000000
0x000000016b481720:   0000000000000000 0000000000000000
0x000000016b481730:   0000000000000000 0000000000000000
0x000000016b481740:   0000000000000000 0000000000000000
0x000000016b481750:   0000000000000000 0000000000000000
0x000000016b481760:   0000000000000000 0000000000000000
0x000000016b481770:   0000000000000000 0000000000000000
0x000000016b481780:   0000000000000000 0000000000000000
0x000000016b481790:   0000000000000000 0000000000000000
0x000000016b4817a0:   0000000000000000 0000000000000000
0x000000016b4817b0:   0000000000000000 0000000000000000
0x000000016b4817c0:   0000000000000000 0000000000000000
0x000000016b4817d0:   0000000000000000 0000000000000000
0x000000016b4817e0:   0000000000000000 0000000000000000
0x000000016b4817f0:   0000000000000000 0000000000000000
0x000000016b481800:   0000000000000000 0000000000000000
0x000000016b481810:   0000000000000000 0000000000000000
0x000000016b481820:   0000000000000000 0000000000000000
0x000000016b481830:   0000000000000000 0000000000000000
0x000000016b481840:   0000000000000000 0000000000000000
0x000000016b481850:   0000000000000000 0000000000000000
0x000000016b481860:   0000000000000000 0000000000000000
0x000000016b481870:   0000000000000000 0000000000000000
0x000000016b481880:   0000000000000000 0000000000000000
0x000000016b481890:   0000000000000000 0000000000000000
0x000000016b4818a0:   0000000000000000 0000000000000000 

Instructions: (pc=0x0000000106386424)
0x0000000106386324:   9121a021 aa1303e0 97fa4987 d00013a8
0x0000000106386334:   fd416d00 5e61d800 d2d09008 f2e825c8
0x0000000106386344:   9e670101 1e611800 fd0003e0 f0000a01
0x0000000106386354:   91221c21 aa1303e0 97fa497b d00013a8
0x0000000106386364:   f9414908 f90003e8 f0000a01 9122d021
0x0000000106386374:   aa1303e0 97fa4974 d00013a8 f9416108
0x0000000106386384:   d00013a9 f9416529 a90027e8 f0000a01
0x0000000106386394:   91236c21 aa1303e0 97fa496b d00013a8
0x00000001063863a4:   f9416908 d34afd08 f90003e8 f0000a01
0x00000001063863b4:   91246c21 aa1303e0 97fa4963 aa1403e0
0x00000001063863c4:   a9427bfd a9414ff4 9100c3ff 17fa53ce
0x00000001063863d4:   a9bf7bfd 910003fd d2800000 a8c17bfd
0x00000001063863e4:   d65f03c0 a9be4ff4 a9017bfd 910043fd
0x00000001063863f4:   aa0103f3 d00013a8 b942b909 35000129
0x0000000106386404:   b0001089 d503201f f9425129 d354fd2a
0x0000000106386414:   531f794a f144013f 1a9f2549 b902b909
0x0000000106386424:   b9014a69 f9400268 f9404108 aa1303e0
0x0000000106386434:   d63f0100 340000a0 aa1303e0 a9417bfd
0x0000000106386444:   a8c24ff4 17f973c6 a9417bfd a8c24ff4
0x0000000106386454:   d65f03c0 a9bf7bfd 910003fd d00013a8
0x0000000106386464:   b942b909 34000089 b9014829 a8c17bfd
0x0000000106386474:   d65f03c0 b0001089 d503201f f9425129
0x0000000106386484:   d354fd2a 531f794a f144013f 1a9f2549
0x0000000106386494:   b902b909 b9014829 a8c17bfd d65f03c0
0x00000001063864a4:   a9be4ff4 a9017bfd 910043fd aa0103f3
0x00000001063864b4:   aa0003f4 f9400028 f9402108 aa0103e0
0x00000001063864c4:   d63f0100 340000c0 f9400268 f9402908
0x00000001063864d4:   aa1303e0 d63f0100 36000080 a9417bfd
0x00000001063864e4:   a8c24ff4 d65f03c0 f9400a81 f9400268
0x00000001063864f4:   f9406d02 aa1303e0 a9417bfd a8c24ff4
0x0000000106386504:   d61f0040 a9bc5ff8 a90157f6 a9024ff4
0x0000000106386514:   a9037bfd 9100c3fd 39404008 34000288 


Stack slot to memory mapping:
stack at sp + 0 slots: 0x0000000146027000 is a thread
stack at sp + 1 slots: 0x00000001066500e8: _MergedGlobals+0 in /Library/Java/JavaVirtualMachines/zulu-15.jdk/Contents/Home/lib/server/libjvm.dylib at 0x0000000105afc000
stack at sp + 2 slots: 0x000000016b481db0 is pointing into the stack for thread: 0x0000000146027000
stack at sp + 3 slots: 0x00000001063c1c68: _ZN10JavaThread11nmethods_doEP15CodeBlobClosure+0x80 in /Library/Java/JavaVirtualMachines/zulu-15.jdk/Contents/Home/lib/server/libjvm.dylib at 0x0000000105afc000
stack at sp + 4 slots: 0x000000016b482d70 is pointing into the stack for thread: 0x0000000146027000
stack at sp + 5 slots: 0x0000000115bc1074 is at entry_point+180 in (nmethod*)0x0000000115bc0e10
stack at sp + 6 slots: 0x0000000115bc0e10 is at entry_point+-432 in (nmethod*)0x0000000115bc0e10
stack at sp + 7 slots: 0x0 is NULL


---------------  P R O C E S S  ---------------

Threads class SMR info:
_java_thread_list=0x0000600002114180, length=17, elements={
0x0000000146027000, 0x000000014781c600, 0x000000014781ee00, 0x000000012a811200,
0x000000012a813a00, 0x000000012a814000, 0x000000012a814600, 0x000000012a814c00,
0x0000000146111800, 0x000000012b008200, 0x000000012b00aa00, 0x0000000147821800,
0x0000000147826400, 0x00000001464bd600, 0x000000012b77a800, 0x000000012aa07c00,
0x0000000146527600
}

Java Threads: ( => current thread )
=>0x0000000146027000 JavaThread "main" [_thread_in_vm, id=4867, stack(0x000000016b284000,0x000000016b487000)]
  0x000000014781c600 JavaThread "Reference Handler" daemon [_thread_blocked, id=17923, stack(0x000000016c0d8000,0x000000016c2db000)]
  0x000000014781ee00 JavaThread "Finalizer" daemon [_thread_blocked, id=20227, stack(0x000000016c2e4000,0x000000016c4e7000)]
  0x000000012a811200 JavaThread "Signal Dispatcher" daemon [_thread_blocked, id=22787, stack(0x000000016c608000,0x000000016c80b000)]
  0x000000012a813a00 JavaThread "Service Thread" daemon [_thread_blocked, id=30723, stack(0x000000016c814000,0x000000016ca17000)]
  0x000000012a814000 JavaThread "C2 CompilerThread0" daemon [_thread_in_native, id=30211, stack(0x000000016ca20000,0x000000016cc23000)]
  0x000000012a814600 JavaThread "C1 CompilerThread0" daemon [_thread_blocked, id=29443, stack(0x000000016cc2c000,0x000000016ce2f000)]
  0x000000012a814c00 JavaThread "Sweeper thread" daemon [_thread_blocked, id=28675, stack(0x000000016ce38000,0x000000016d03b000)]
  0x0000000146111800 JavaThread "Common-Cleaner" daemon [_thread_blocked, id=27651, stack(0x000000016d044000,0x000000016d247000)]
  0x000000012b008200 JavaThread "JDWP Transport Listener: dt_socket" daemon [_thread_blocked, id=25091, stack(0x000000016d250000,0x000000016d453000)]
  0x000000012b00aa00 JavaThread "JDWP Event Helper Thread" daemon [_thread_blocked, id=27395, stack(0x000000016d45c000,0x000000016d65f000)]
  0x0000000147821800 JavaThread "JDWP Command Reader" daemon [_thread_in_native, id=26371, stack(0x000000016d668000,0x000000016d86b000)]
  0x0000000147826400 JavaThread "Notification Thread" daemon [_thread_blocked, id=33027, stack(0x000000016d874000,0x000000016da77000)]
  0x00000001464bd600 JavaThread "mysql-cj-abandoned-connection-cleanup" daemon [_thread_blocked, id=41483, stack(0x000000016e8d4000,0x000000016ead7000)]
  0x000000012b77a800 JavaThread "HikariPool-1 housekeeper" daemon [_thread_blocked, id=36611, stack(0x000000016eae0000,0x000000016ece3000)]
  0x000000012aa07c00 JavaThread "HikariPool-1 connection adder" daemon [_thread_blocked, id=37123, stack(0x000000016ecec000,0x000000016eeef000)]
  0x0000000146527600 JavaThread "java-sdk-http-connection-reaper" daemon [_thread_blocked, id=39683, stack(0x000000016eef8000,0x000000016f0fb000)]

Other Threads:
  0x0000000147105590 VMThread "VM Thread" [stack: 0x000000016becc000,0x000000016c0cf000] [id=16899] _threads_hazard_ptr=0x0000600002114180
  0x000000014710c050 WatcherThread [stack: 0x000000016da80000,0x000000016dc83000] [id=43011]
  0x0000000145e08760 GCTaskThread "GC Thread#0" [stack: 0x000000016b490000,0x000000016b693000] [id=14595]
  0x000000012a50f1c0 GCTaskThread "GC Thread#1" [stack: 0x000000016dc8c000,0x000000016de8f000] [id=33539]
  0x000000012a50f6b0 GCTaskThread "GC Thread#2" [stack: 0x000000016de98000,0x000000016e09b000] [id=42243]
  0x000000014710f210 GCTaskThread "GC Thread#3" [stack: 0x000000016e0a4000,0x000000016e2a7000] [id=34051]
  0x000000012a510160 GCTaskThread "GC Thread#4" [stack: 0x000000016e2b0000,0x000000016e4b3000] [id=34307]
  0x000000012a510c10 GCTaskThread "GC Thread#5" [stack: 0x000000016e4bc000,0x000000016e6bf000] [id=34819]
  0x0000000145e09050 ConcurrentGCThread "G1 Main Marker" [stack: 0x000000016b69c000,0x000000016b89f000] [id=14339]
  0x0000000145e09b20 ConcurrentGCThread "G1 Conc#0" [stack: 0x000000016b8a8000,0x000000016baab000] [id=13827]
  0x000000012a527770 ConcurrentGCThread "G1 Conc#1" [stack: 0x000000016e6c8000,0x000000016e8cb000] [id=35075]
  0x0000000145e14c50 ConcurrentGCThread "G1 Refine#0" [stack: 0x000000016bab4000,0x000000016bcb7000] [id=21507]
  0x0000000147004360 ConcurrentGCThread "G1 Young RemSet Sampling" [stack: 0x000000016bcc0000,0x000000016bec3000] [id=20995]

Threads with active compile tasks:
C2 CompilerThread0     2823 5988       4       org.springframework.core.BridgeMethodResolver::findBridgedMethod (117 bytes)

VM state: not at safepoint (normal execution)

VM Mutex/Monitor currently owned by a thread: None

Heap address: 0x00000006c0000000, size: 4096 MB, Compressed Oops mode: Zero based, Oop shift amount: 3
Compressed class space mapped at: 0x0000000300000000-0x0000000340000000, size: 1073741824
Narrow klass base: 0x0000000000000000, Narrow klass shift: 3, Narrow klass range: 0x340000000

GC Precious Log:
 CPUs: 8 total, 8 available
 Memory: 16384M
 Large Page Support: Disabled
 NUMA Support: Disabled
 Compressed Oops: Enabled (Zero based)
 Heap Region Size: 2M
 Heap Min Capacity: 8M
 Heap Initial Capacity: 256M
 Heap Max Capacity: 4G
 Pre-touch: Disabled
 Parallel Workers: 8
 Concurrent Workers: 2
 Concurrent Refinement Workers: 8
 Periodic GC: Disabled

Heap:
 garbage-first heap   total 96256K, used 61809K [0x00000006c0000000, 0x00000007c0000000)
  region size 2048K, 21 young (43008K), 4 survivors (8192K)
 Metaspace       used 68341K, capacity 68993K, committed 69120K, reserved 1110016K
  class space    used 8702K, capacity 8944K, committed 8960K, reserved 1048576K

Heap Regions: E=young(eden), S=young(survivor), O=old, HS=humongous(starts), HC=humongous(continues), CS=collection set, F=free, OA=open archive, CA=closed archive, TAMS=top-at-mark-start (previous, next)
|   0|0x00000006c0000000, 0x00000006c0200000, 0x00000006c0200000|100%| O|  |TAMS 0x00000006c0200000, 0x00000006c0000000| Untracked 
|   1|0x00000006c0200000, 0x00000006c0400000, 0x00000006c0400000|100%| O|  |TAMS 0x00000006c0400000, 0x00000006c0200000| Untracked 
|   2|0x00000006c0400000, 0x00000006c0600000, 0x00000006c0600000|100%| O|  |TAMS 0x00000006c0600000, 0x00000006c0400000| Untracked 
|   3|0x00000006c0600000, 0x00000006c0779800, 0x00000006c0800000| 73%| O|  |TAMS 0x00000006c0779800, 0x00000006c0600000| Untracked 
|   4|0x00000006c0800000, 0x00000006c0a00000, 0x00000006c0a00000|100%| O|  |TAMS 0x00000006c0a00000, 0x00000006c0800000| Untracked 
|   5|0x00000006c0a00000, 0x00000006c0ac1600, 0x00000006c0c00000| 37%| O|  |TAMS 0x00000006c0ac1600, 0x00000006c0a00000| Untracked 
|   6|0x00000006c0c00000, 0x00000006c0e00000, 0x00000006c0e00000|100%| O|  |TAMS 0x00000006c0e00000, 0x00000006c0c00000| Untracked 
|   7|0x00000006c0e00000, 0x00000006c1000000, 0x00000006c1000000|100%| O|  |TAMS 0x00000006c1000000, 0x00000006c0e00000| Untracked 
|   8|0x00000006c1000000, 0x00000006c1200000, 0x00000006c1200000|100%| O|  |TAMS 0x00000006c1200000, 0x00000006c1000000| Untracked 
|   9|0x00000006c1200000, 0x00000006c1400000, 0x00000006c1400000|100%| O|  |TAMS 0x00000006c12dc400, 0x00000006c1200000| Untracked 
|  10|0x00000006c1400000, 0x00000006c1524400, 0x00000006c1600000| 57%| O|  |TAMS 0x00000006c1400000, 0x00000006c1400000| Untracked 
|  11|0x00000006c1600000, 0x00000006c16fd400, 0x00000006c1800000| 49%| O|  |TAMS 0x00000006c1600000, 0x00000006c1600000| Untracked 
|  12|0x00000006c1800000, 0x00000006c1800000, 0x00000006c1a00000|  0%| F|  |TAMS 0x00000006c1800000, 0x00000006c1800000| Untracked 
|  13|0x00000006c1a00000, 0x00000006c1a00000, 0x00000006c1c00000|  0%| F|  |TAMS 0x00000006c1a00000, 0x00000006c1a00000| Untracked 
|  14|0x00000006c1c00000, 0x00000006c1c00000, 0x00000006c1e00000|  0%| F|  |TAMS 0x00000006c1c00000, 0x00000006c1c00000| Untracked 
|  15|0x00000006c1e00000, 0x00000006c2000000, 0x00000006c2000000|100%| S|CS|TAMS 0x00000006c1e00000, 0x00000006c1e00000| Complete 
|  16|0x00000006c2000000, 0x00000006c2200000, 0x00000006c2200000|100%| S|CS|TAMS 0x00000006c2000000, 0x00000006c2000000| Complete 
|  17|0x00000006c2200000, 0x00000006c2400000, 0x00000006c2400000|100%| S|CS|TAMS 0x00000006c2200000, 0x00000006c2200000| Complete 
|  18|0x00000006c2400000, 0x00000006c2600000, 0x00000006c2600000|100%| S|CS|TAMS 0x00000006c2400000, 0x00000006c2400000| Complete 
|  19|0x00000006c2600000, 0x00000006c2600000, 0x00000006c2800000|  0%| F|  |TAMS 0x00000006c2600000, 0x00000006c2600000| Untracked 
|  20|0x00000006c2800000, 0x00000006c2800000, 0x00000006c2a00000|  0%| F|  |TAMS 0x00000006c2800000, 0x00000006c2800000| Untracked 
|  21|0x00000006c2a00000, 0x00000006c2a00000, 0x00000006c2c00000|  0%| F|  |TAMS 0x00000006c2a00000, 0x00000006c2a00000| Untracked 
|  22|0x00000006c2c00000, 0x00000006c2c00000, 0x00000006c2e00000|  0%| F|  |TAMS 0x00000006c2c00000, 0x00000006c2c00000| Untracked 
|  23|0x00000006c2e00000, 0x00000006c2e00000, 0x00000006c3000000|  0%| F|  |TAMS 0x00000006c2e00000, 0x00000006c2e00000| Untracked 
|  24|0x00000006c3000000, 0x00000006c3000000, 0x00000006c3200000|  0%| F|  |TAMS 0x00000006c3000000, 0x00000006c3000000| Untracked 
|  25|0x00000006c3200000, 0x00000006c3200000, 0x00000006c3400000|  0%| F|  |TAMS 0x00000006c3200000, 0x00000006c3200000| Untracked 
|  26|0x00000006c3400000, 0x00000006c3400000, 0x00000006c3600000|  0%| F|  |TAMS 0x00000006c3400000, 0x00000006c3400000| Untracked 
|  27|0x00000006c3600000, 0x00000006c3600000, 0x00000006c3800000|  0%| F|  |TAMS 0x00000006c3600000, 0x00000006c3600000| Untracked 
|  28|0x00000006c3800000, 0x00000006c3800000, 0x00000006c3a00000|  0%| F|  |TAMS 0x00000006c3800000, 0x00000006c3800000| Untracked 
|  29|0x00000006c3a00000, 0x00000006c3a00000, 0x00000006c3c00000|  0%| F|  |TAMS 0x00000006c3a00000, 0x00000006c3a00000| Untracked 
|  30|0x00000006c3c00000, 0x00000006c3d78360, 0x00000006c3e00000| 73%| E|  |TAMS 0x00000006c3c00000, 0x00000006c3c00000| Complete 
|  31|0x00000006c3e00000, 0x00000006c4000000, 0x00000006c4000000|100%| E|CS|TAMS 0x00000006c3e00000, 0x00000006c3e00000| Complete 
|  32|0x00000006c4000000, 0x00000006c4200000, 0x00000006c4200000|100%| E|CS|TAMS 0x00000006c4000000, 0x00000006c4000000| Complete 
|  33|0x00000006c4200000, 0x00000006c4400000, 0x00000006c4400000|100%| E|CS|TAMS 0x00000006c4200000, 0x00000006c4200000| Complete 
|  34|0x00000006c4400000, 0x00000006c4600000, 0x00000006c4600000|100%| E|CS|TAMS 0x00000006c4400000, 0x00000006c4400000| Complete 
|  35|0x00000006c4600000, 0x00000006c4800000, 0x00000006c4800000|100%| E|CS|TAMS 0x00000006c4600000, 0x00000006c4600000| Complete 
|  36|0x00000006c4800000, 0x00000006c4a00000, 0x00000006c4a00000|100%| E|CS|TAMS 0x00000006c4800000, 0x00000006c4800000| Complete 
|  37|0x00000006c4a00000, 0x00000006c4c00000, 0x00000006c4c00000|100%| E|CS|TAMS 0x00000006c4a00000, 0x00000006c4a00000| Complete 
|  38|0x00000006c4c00000, 0x00000006c4e00000, 0x00000006c4e00000|100%| E|CS|TAMS 0x00000006c4c00000, 0x00000006c4c00000| Complete 
|  39|0x00000006c4e00000, 0x00000006c5000000, 0x00000006c5000000|100%| E|CS|TAMS 0x00000006c4e00000, 0x00000006c4e00000| Complete 
|  40|0x00000006c5000000, 0x00000006c5200000, 0x00000006c5200000|100%| E|CS|TAMS 0x00000006c5000000, 0x00000006c5000000| Complete 
|  41|0x00000006c5200000, 0x00000006c5400000, 0x00000006c5400000|100%| E|CS|TAMS 0x00000006c5200000, 0x00000006c5200000| Complete 
|  42|0x00000006c5400000, 0x00000006c5600000, 0x00000006c5600000|100%| E|CS|TAMS 0x00000006c5400000, 0x00000006c5400000| Complete 
|  43|0x00000006c5600000, 0x00000006c5800000, 0x00000006c5800000|100%| E|CS|TAMS 0x00000006c5600000, 0x00000006c5600000| Complete 
|  44|0x00000006c5800000, 0x00000006c5a00000, 0x00000006c5a00000|100%| E|CS|TAMS 0x00000006c5800000, 0x00000006c5800000| Complete 
|  45|0x00000006c5a00000, 0x00000006c5c00000, 0x00000006c5c00000|100%| E|CS|TAMS 0x00000006c5a00000, 0x00000006c5a00000| Complete 
| 127|0x00000006cfe00000, 0x00000006d0000000, 0x00000006d0000000|100%| E|CS|TAMS 0x00000006cfe00000, 0x00000006cfe00000| Complete 

Card table byte_map: [0x000000011cef4000,0x000000011d6f4000] _byte_map_base: 0x00000001198f4000

Marking Bits (Prev, Next): (CMBitMap*) 0x000000014605f450, (CMBitMap*) 0x000000014605f410
 Prev Bits: [0x0000000121ef4000, 0x0000000125ef4000)
 Next Bits: [0x000000011def4000, 0x0000000121ef4000)

Polling page: 0x0000000104c60000

Metaspace:

Usage:
  Non-class:     58.64 MB capacity,    58.24 MB (>99%) used,   315.26 KB ( <1%) free+waste,    94.75 KB ( <1%) overhead. 
      Class:      8.73 MB capacity,     8.50 MB ( 97%) used,   205.50 KB (  2%) free+waste,    36.31 KB ( <1%) overhead. 
       Both:     67.38 MB capacity,    66.74 MB (>99%) used,   520.76 KB ( <1%) free+waste,   131.06 KB ( <1%) overhead. 

Virtual space:
  Non-class space:       60.00 MB reserved,      58.75 MB ( 98%) committed 
      Class space:        1.00 GB reserved,       8.75 MB ( <1%) committed 
             Both:        1.06 GB reserved,      67.50 MB (  6%) committed 

Chunk freelists:
   Non-Class:  47.00 KB
       Class:  16.00 KB
        Both:  63.00 KB

MaxMetaspaceSize: unlimited
CompressedClassSpaceSize: 1.00 GB

CodeHeap 'non-profiled nmethods': size=120032Kb used=2737Kb max_used=2737Kb free=117294Kb
 bounds [0x00000001159bc000, 0x0000000115c6c000, 0x000000011cef4000]
CodeHeap 'profiled nmethods': size=120016Kb used=12780Kb max_used=12780Kb free=107235Kb
 bounds [0x000000010e488000, 0x000000010f108000, 0x00000001159bc000]
CodeHeap 'non-nmethods': size=5712Kb used=1314Kb max_used=1478Kb free=4397Kb
 bounds [0x000000010def4000, 0x000000010e164000, 0x000000010e488000]
 total_blobs=6341 nmethods=5735 adapters=522
 compilation: enabled
              stopped_count=0, restarted_count=0
 full_count=0

Compilation events (20 events):
Event: 2.809 Thread 0x000000012a814600 5994       2       org.springframework.core.convert.support.GenericConversionService$ConverterAdapter::getConvertibleTypes (8 bytes)
Event: 2.809 Thread 0x000000012a814600 nmethod 5994 0x000000010f101a10 code [0x000000010f101bc0, 0x000000010f101da8]
Event: 2.812 Thread 0x000000012a814600 5996       1       org.springframework.context.annotation.CommonAnnotationBeanPostProcessor::postProcessAfterInstantiation (2 bytes)
Event: 2.812 Thread 0x000000012a814600 nmethod 5996 0x0000000115c66090 code [0x0000000115c66200, 0x0000000115c662e8]
Event: 2.812 Thread 0x000000012a814600 5997       2       java.util.TimSort::reverseRange (32 bytes)
Event: 2.812 Thread 0x000000012a814600 nmethod 5997 0x000000010f101e90 code [0x000000010f102040, 0x000000010f1023a8]
Event: 2.812 Thread 0x000000012a814600 5998       1       sun.reflect.generics.tree.Wildcard::getUpperBounds (5 bytes)
Event: 2.812 Thread 0x000000012a814600 nmethod 5998 0x0000000115c66390 code [0x0000000115c66500, 0x0000000115c665e8]
Event: 2.813 Thread 0x000000012a814600 5999       2       sun.reflect.generics.tree.BottomSignature::make (4 bytes)
Event: 2.813 Thread 0x000000012a814600 nmethod 5999 0x000000010f102510 code [0x000000010f102680, 0x000000010f102768]
Event: 2.814 Thread 0x000000012a814000 nmethod 5939 0x0000000115c66690 code [0x0000000115c66900, 0x0000000115c67140]
Event: 2.814 Thread 0x000000012a814000 5928       4       java.lang.ProcessEnvironment$StringKeySet$1::next (5 bytes)
Event: 2.814 Thread 0x000000012a814600 6000       1       org.springframework.beans.factory.support.AbstractAutowireCapableBeanFactory::getInstantiationStrategy (5 bytes)
Event: 2.814 Thread 0x000000012a814600 nmethod 6000 0x0000000115c67710 code [0x0000000115c67880, 0x0000000115c67968]
Event: 2.815 Thread 0x000000012a814600 6002       2       java.lang.ThreadLocal$ThreadLocalMap::remove (68 bytes)
Event: 2.815 Thread 0x000000012a814600 nmethod 6002 0x000000010f102810 code [0x000000010f1029c0, 0x000000010f102c98]
Event: 2.815 Thread 0x000000012a814600 6001       2       java.lang.ThreadLocal::remove (18 bytes)
Event: 2.815 Thread 0x000000012a814600 nmethod 6001 0x000000010f102e90 code [0x000000010f103040, 0x000000010f103208]
Event: 2.816 Thread 0x000000012a814000 nmethod 5928 0x0000000115c67a10 code [0x0000000115c67c00, 0x0000000115c681b0]
Event: 2.816 Thread 0x000000012a814000 5804       4       org.springframework.core.annotation.TypeMappedAnnotations$MergedAnnotationFinder::doWithAnnotations (10 bytes)

GC Heap History (20 events):
Event: 0.771 GC heap before
{Heap before GC invocations=2 (full 0):
 garbage-first heap   total 262144K, used 36041K [0x00000006c0000000, 0x00000007c0000000)
  region size 2048K, 15 young (30720K), 1 survivors (2048K)
 Metaspace       used 20762K, capacity 21111K, committed 21248K, reserved 1069056K
  class space    used 2319K, capacity 2442K, committed 2560K, reserved 1048576K
}
Event: 0.773 GC heap after
{Heap after GC invocations=3 (full 0):
 garbage-first heap   total 262144K, used 10742K [0x00000006c0000000, 0x00000007c0000000)
  region size 2048K, 2 young (4096K), 2 survivors (4096K)
 Metaspace       used 20762K, capacity 21111K, committed 21248K, reserved 1069056K
  class space    used 2319K, capacity 2442K, committed 2560K, reserved 1048576K
}
Event: 0.917 GC heap before
{Heap before GC invocations=4 (full 0):
 garbage-first heap   total 49152K, used 47606K [0x00000006c0000000, 0x00000007c0000000)
  region size 2048K, 20 young (40960K), 2 survivors (4096K)
 Metaspace       used 27549K, capacity 27931K, committed 28160K, reserved 1075200K
  class space    used 3181K, capacity 3304K, committed 3328K, reserved 1048576K
}
Event: 0.920 GC heap after
{Heap after GC invocations=5 (full 0):
 garbage-first heap   total 55296K, used 12055K [0x00000006c0000000, 0x00000007c0000000)
  region size 2048K, 3 young (6144K), 3 survivors (6144K)
 Metaspace       used 27549K, capacity 27931K, committed 28160K, reserved 1075200K
  class space    used 3181K, capacity 3304K, committed 3328K, reserved 1048576K
}
Event: 0.977 GC heap before
{Heap before GC invocations=5 (full 0):
 garbage-first heap   total 55296K, used 32535K [0x00000006c0000000, 0x00000007c0000000)
  region size 2048K, 14 young (28672K), 3 survivors (6144K)
 Metaspace       used 28865K, capacity 29231K, committed 29312K, reserved 1075200K
  class space    used 3327K, capacity 3440K, committed 3456K, reserved 1048576K
}
Event: 0.982 GC heap after
{Heap after GC invocations=6 (full 0):
 garbage-first heap   total 55296K, used 12895K [0x00000006c0000000, 0x00000007c0000000)
  region size 2048K, 2 young (4096K), 2 survivors (4096K)
 Metaspace       used 28865K, capacity 29231K, committed 29312K, reserved 1075200K
  class space    used 3327K, capacity 3440K, committed 3456K, reserved 1048576K
}
Event: 0.984 GC heap before
{Heap before GC invocations=6 (full 0):
 garbage-first heap   total 55296K, used 33375K [0x00000006c0000000, 0x00000007c0000000)
  region size 2048K, 13 young (26624K), 2 survivors (4096K)
 Metaspace       used 28865K, capacity 29231K, committed 29312K, reserved 1075200K
  class space    used 3327K, capacity 3440K, committed 3456K, reserved 1048576K
}
Event: 0.986 GC heap after
{Heap after GC invocations=7 (full 0):
 garbage-first heap   total 159744K, used 12642K [0x00000006c0000000, 0x00000007c0000000)
  region size 2048K, 2 young (4096K), 2 survivors (4096K)
 Metaspace       used 28865K, capacity 29231K, committed 29312K, reserved 1075200K
  class space    used 3327K, capacity 3440K, committed 3456K, reserved 1048576K
}
Event: 1.385 GC heap before
{Heap before GC invocations=7 (full 0):
 garbage-first heap   total 159744K, used 72034K [0x00000006c0000000, 0x00000007c0000000)
  region size 2048K, 32 young (65536K), 2 survivors (4096K)
 Metaspace       used 35341K, capacity 35743K, committed 35840K, reserved 1081344K
  class space    used 4135K, capacity 4293K, committed 4352K, reserved 1048576K
}
Event: 1.407 GC heap after
{Heap after GC invocations=8 (full 0):
 garbage-first heap   total 159744K, used 15677K [0x00000006c0000000, 0x00000007c0000000)
  region size 2048K, 3 young (6144K), 3 survivors (6144K)
 Metaspace       used 35341K, capacity 35743K, committed 35840K, reserved 1081344K
  class space    used 4135K, capacity 4293K, committed 4352K, reserved 1048576K
}
Event: 1.678 GC heap before
{Heap before GC invocations=9 (full 0):
 garbage-first heap   total 69632K, used 50493K [0x00000006c0000000, 0x00000007c0000000)
  region size 2048K, 20 young (40960K), 3 survivors (6144K)
 Metaspace       used 40304K, capacity 40690K, committed 40832K, reserved 1085440K
  class space    used 4784K, capacity 4956K, committed 4992K, reserved 1048576K
}
Event: 1.684 GC heap after
{Heap after GC invocations=10 (full 0):
 garbage-first heap   total 69632K, used 17811K [0x00000006c0000000, 0x00000007c0000000)
  region size 2048K, 2 young (4096K), 2 survivors (4096K)
 Metaspace       used 40304K, capacity 40690K, committed 40832K, reserved 1085440K
  class space    used 4784K, capacity 4956K, committed 4992K, reserved 1048576K
}
Event: 1.891 GC heap before
{Heap before GC invocations=10 (full 0):
 garbage-first heap   total 69632K, used 48531K [0x00000006c0000000, 0x00000007c0000000)
  region size 2048K, 17 young (34816K), 2 survivors (4096K)
 Metaspace       used 46594K, capacity 47070K, committed 47104K, reserved 1091584K
  class space    used 5703K, capacity 5864K, committed 5888K, reserved 1048576K
}
Event: 1.895 GC heap after
{Heap after GC invocations=11 (full 0):
 garbage-first heap   total 69632K, used 19970K [0x00000006c0000000, 0x00000007c0000000)
  region size 2048K, 3 young (6144K), 3 survivors (6144K)
 Metaspace       used 46594K, capacity 47070K, committed 47104K, reserved 1091584K
  class space    used 5703K, capacity 5864K, committed 5888K, reserved 1048576K
}
Event: 2.128 GC heap before
{Heap before GC invocations=11 (full 0):
 garbage-first heap   total 69632K, used 48642K [0x00000006c0000000, 0x00000007c0000000)
  region size 2048K, 17 young (34816K), 3 survivors (6144K)
 Metaspace       used 54669K, capacity 55199K, committed 55424K, reserved 1097728K
  class space    used 6720K, capacity 6927K, committed 7040K, reserved 1048576K
}
Event: 2.133 GC heap after
{Heap after GC invocations=12 (full 0):
 garbage-first heap   total 104448K, used 22044K [0x00000006c0000000, 0x00000007c0000000)
  region size 2048K, 3 young (6144K), 3 survivors (6144K)
 Metaspace       used 54669K, capacity 55199K, committed 55424K, reserved 1097728K
  class space    used 6720K, capacity 6927K, committed 7040K, reserved 1048576K
}
Event: 2.318 GC heap before
{Heap before GC invocations=12 (full 0):
 garbage-first heap   total 104448K, used 56860K [0x00000006c0000000, 0x00000007c0000000)
  region size 2048K, 21 young (43008K), 3 survivors (6144K)
 Metaspace       used 59592K, capacity 60077K, committed 60160K, reserved 1101824K
  class space    used 7460K, capacity 7647K, committed 7680K, reserved 1048576K
}
Event: 2.323 GC heap after
{Heap after GC invocations=13 (full 0):
 garbage-first heap   total 104448K, used 23441K [0x00000006c0000000, 0x00000007c0000000)
  region size 2048K, 2 young (4096K), 2 survivors (4096K)
 Metaspace       used 59592K, capacity 60077K, committed 60160K, reserved 1101824K
  class space    used 7460K, capacity 7647K, committed 7680K, reserved 1048576K
}
Event: 2.632 GC heap before
{Heap before GC invocations=14 (full 0):
 garbage-first heap   total 96256K, used 76689K [0x00000006c0000000, 0x00000007c0000000)
  region size 2048K, 28 young (57344K), 2 survivors (4096K)
 Metaspace       used 66186K, capacity 66863K, committed 67072K, reserved 1107968K
  class space    used 8363K, capacity 8619K, committed 8704K, reserved 1048576K
}
Event: 2.640 GC heap after
{Heap after GC invocations=15 (full 0):
 garbage-first heap   total 96256K, used 29041K [0x00000006c0000000, 0x00000007c0000000)
  region size 2048K, 4 young (8192K), 4 survivors (8192K)
 Metaspace       used 66186K, capacity 66863K, committed 67072K, reserved 1107968K
  class space    used 8363K, capacity 8619K, committed 8704K, reserved 1048576K
}

Deoptimization events (20 events):
Event: 2.815 Thread 0x0000000146027000 DEOPT PACKING pc=0x000000010eb891bc sp=0x000000016b481e40
Event: 2.815 Thread 0x0000000146027000 DEOPT UNPACKING pc=0x000000010df2dbfc sp=0x000000016b481c10 mode 1
Event: 2.815 Thread 0x0000000146027000 DEOPT PACKING pc=0x000000010e5c6d04 sp=0x000000016b481670
Event: 2.815 Thread 0x0000000146027000 DEOPT UNPACKING pc=0x000000010df2dbfc sp=0x000000016b481440 mode 1
Event: 2.815 Thread 0x0000000146027000 DEOPT PACKING pc=0x000000010e63f684 sp=0x000000016b481dd0
Event: 2.815 Thread 0x0000000146027000 DEOPT UNPACKING pc=0x000000010df2dbfc sp=0x000000016b481bb0 mode 1
Event: 2.815 Thread 0x0000000146027000 DEOPT PACKING pc=0x000000010f0aa6bc sp=0x000000016b481e70
Event: 2.815 Thread 0x0000000146027000 DEOPT UNPACKING pc=0x000000010df2dbfc sp=0x000000016b481cc0 mode 1
Event: 2.815 Thread 0x0000000146027000 DEOPT PACKING pc=0x000000010e5c6d04 sp=0x000000016b4815a0
Event: 2.815 Thread 0x0000000146027000 DEOPT UNPACKING pc=0x000000010df2dbfc sp=0x000000016b481370 mode 1
Event: 2.815 Thread 0x0000000146027000 DEOPT PACKING pc=0x000000010e63f684 sp=0x000000016b481d00
Event: 2.815 Thread 0x0000000146027000 DEOPT UNPACKING pc=0x000000010df2dbfc sp=0x000000016b481ae0 mode 1
Event: 2.815 Thread 0x0000000146027000 DEOPT PACKING pc=0x000000010f089848 sp=0x000000016b481da0
Event: 2.815 Thread 0x0000000146027000 DEOPT UNPACKING pc=0x000000010df2dbfc sp=0x000000016b481c00 mode 1
Event: 2.815 Thread 0x0000000146027000 DEOPT PACKING pc=0x000000010eb891bc sp=0x000000016b481d60
Event: 2.815 Thread 0x0000000146027000 DEOPT UNPACKING pc=0x000000010df2dbfc sp=0x000000016b481b30 mode 1
Event: 2.815 Thread 0x0000000146027000 DEOPT PACKING pc=0x000000010ea846b0 sp=0x000000016b4823b0
Event: 2.815 Thread 0x0000000146027000 DEOPT UNPACKING pc=0x000000010df2dbfc sp=0x000000016b482220 mode 1
Event: 2.815 Thread 0x0000000146027000 DEOPT PACKING pc=0x000000010ea846b0 sp=0x000000016b4823b0
Event: 2.815 Thread 0x0000000146027000 DEOPT UNPACKING pc=0x000000010df2dbfc sp=0x000000016b482220 mode 1

Classes unloaded (0 events):
No events

Classes redefined (0 events):
No events

Internal exceptions (20 events):
Event: 2.805 Thread 0x0000000146027000 Exception <a 'java/lang/ClassNotFoundException'{0x00000006c3ec2420}: org/springframework/beans/factory/AwareCustomizer> (0x00000006c3ec2420) 
thrown [src/hotspot/share/classfile/systemDictionary.cpp, line 295]
Event: 2.808 Thread 0x0000000146027000 Exception <a 'java/lang/ClassNotFoundException'{0x00000006c3f34258}: java/lang/ObjectCustomizer> (0x00000006c3f34258) 
thrown [src/hotspot/share/classfile/systemDictionary.cpp, line 295]
Event: 2.808 Thread 0x0000000146027000 Exception <a 'java/lang/ClassNotFoundException'{0x00000006c3f3d620}: org/springframework/web/accept/ContentNegotiationManagerCustomizer> (0x00000006c3f3d620) 
thrown [src/hotspot/share/classfile/systemDictionary.cpp, line 295]
Event: 2.808 Thread 0x0000000146027000 Exception <a 'java/lang/ClassNotFoundException'{0x00000006c3f50318}: org/springframework/web/accept/ContentNegotiationStrategyCustomizer> (0x00000006c3f50318) 
thrown [src/hotspot/share/classfile/systemDictionary.cpp, line 295]
Event: 2.808 Thread 0x0000000146027000 Exception <a 'java/lang/ClassNotFoundException'{0x00000006c3f57ba0}: org/springframework/web/accept/MediaTypeFileExtensionResolverCustomizer> (0x00000006c3f57ba0) 
thrown [src/hotspot/share/classfile/systemDictionary.cpp, line 295]
Event: 2.812 Thread 0x0000000146027000 Exception <a 'java/lang/ClassNotFoundException'{0x00000006c3ff0458}: java/lang/ObjectCustomizer> (0x00000006c3ff0458) 
thrown [src/hotspot/share/classfile/systemDictionary.cpp, line 295]
Event: 2.812 Thread 0x0000000146027000 Exception <a 'java/lang/ClassNotFoundException'{0x00000006c3ff9a60}: org/springframework/core/convert/support/GenericConversionServiceCustomizer> (0x00000006c3ff9a60) 
thrown [src/hotspot/share/classfile/systemDictionary.cpp, line 295]
Event: 2.812 Thread 0x0000000146027000 Exception <a 'java/lang/ClassNotFoundException'{0x00000006c3c0c8a0}: org/springframework/format/support/FormattingConversionServiceCustomizer> (0x00000006c3c0c8a0) 
thrown [src/hotspot/share/classfile/systemDictionary.cpp, line 295]
Event: 2.813 Thread 0x0000000146027000 Exception <a 'java/lang/ClassNotFoundException'{0x00000006c3c1c148}: org/springframework/format/support/DefaultFormattingConversionServiceCustomizer> (0x00000006c3c1c148) 
thrown [src/hotspot/share/classfile/systemDictionary.cpp, line 295]
Event: 2.813 Thread 0x0000000146027000 Exception <a 'java/lang/ClassNotFoundException'{0x00000006c3c24e78}: org/springframework/boot/autoconfigure/web/format/WebConversionServiceCustomizer> (0x00000006c3c24e78) 
thrown [src/hotspot/share/classfile/systemDictionary.cpp, line 295]
Event: 2.813 Thread 0x0000000146027000 Exception <a 'java/lang/ClassNotFoundException'{0x00000006c3c2f428}: org/springframework/format/FormatterRegistryCustomizer> (0x00000006c3c2f428) 
thrown [src/hotspot/share/classfile/systemDictionary.cpp, line 295]
Event: 2.813 Thread 0x0000000146027000 Exception <a 'java/lang/ClassNotFoundException'{0x00000006c3c3c8d8}: org/springframework/core/convert/converter/ConverterRegistryCustomizer> (0x00000006c3c3c8d8) 
thrown [src/hotspot/share/classfile/systemDictionary.cpp, line 295]
Event: 2.813 Thread 0x0000000146027000 Exception <a 'java/lang/ClassNotFoundException'{0x00000006c3c48f58}: org/springframework/context/EmbeddedValueResolverAwareCustomizer> (0x00000006c3c48f58) 
thrown [src/hotspot/share/classfile/systemDictionary.cpp, line 295]
Event: 2.813 Thread 0x0000000146027000 Exception <a 'java/lang/ClassNotFoundException'{0x00000006c3c4f8d0}: org/springframework/beans/factory/AwareCustomizer> (0x00000006c3c4f8d0) 
thrown [src/hotspot/share/classfile/systemDictionary.cpp, line 295]
Event: 2.813 Thread 0x0000000146027000 Exception <a 'java/lang/ClassNotFoundException'{0x00000006c3c55dc8}: org/springframework/core/convert/support/ConfigurableConversionServiceCustomizer> (0x00000006c3c55dc8) 
thrown [src/hotspot/share/classfile/systemDictionary.cpp, line 295]
Event: 2.813 Thread 0x0000000146027000 Exception <a 'java/lang/ClassNotFoundException'{0x00000006c3c5c098}: org/springframework/core/convert/ConversionServiceCustomizer> (0x00000006c3c5c098) 
thrown [src/hotspot/share/classfile/systemDictionary.cpp, line 295]
Event: 2.813 Thread 0x0000000146027000 Exception <a 'java/lang/ClassNotFoundException'{0x00000006c3c662a0}: org/springframework/core/convert/converter/ConverterRegistryCustomizer> (0x00000006c3c662a0) 
thrown [src/hotspot/share/classfile/systemDictionary.cpp, line 295]
Event: 2.814 Thread 0x0000000146027000 Exception <a 'java/lang/ClassNotFoundException'{0x00000006c3c96538}: java/lang/ObjectCustomizer> (0x00000006c3c96538) 
thrown [src/hotspot/share/classfile/systemDictionary.cpp, line 295]
Event: 2.815 Thread 0x0000000146027000 Exception <a 'java/lang/ClassNotFoundException'{0x00000006c3ca01b0}: org/springframework/web/servlet/config/annotation/WebMvcConfigurationSupport$NoOpValidatorCustomizer> (0x00000006c3ca01b0) 
thrown [src/hotspot/share/classfile/systemDictionary.cpp, line 295]
Event: 2.815 Thread 0x0000000146027000 Exception <a 'java/lang/ClassNotFoundException'{0x00000006c3ca9168}: org/springframework/validation/ValidatorCustomizer> (0x00000006c3ca9168) 
thrown [src/hotspot/share/classfile/systemDictionary.cpp, line 295]

Events (20 events):
Event: 2.814 loading class java/lang/ObjectCustomizer done
Event: 2.814 loading class java/lang/ObjectCustomizer
Event: 2.814 loading class java/lang/ObjectCustomizer done
Event: 2.815 loading class org/springframework/web/servlet/config/annotation/WebMvcConfigurationSupport$NoOpValidatorCustomizer
Event: 2.815 loading class org/springframework/web/servlet/config/annotation/WebMvcConfigurationSupport$NoOpValidatorCustomizer done
Event: 2.815 loading class org/springframework/web/servlet/config/annotation/WebMvcConfigurationSupport$NoOpValidatorCustomizer
Event: 2.815 loading class org/springframework/web/servlet/config/annotation/WebMvcConfigurationSupport$NoOpValidatorCustomizer done
Event: 2.815 loading class org/springframework/web/servlet/config/annotation/WebMvcConfigurationSupport$NoOpValidatorCustomizer
Event: 2.815 loading class org/springframework/web/servlet/config/annotation/WebMvcConfigurationSupport$NoOpValidatorCustomizer done
Event: 2.815 loading class org/springframework/validation/ValidatorCustomizer
Event: 2.815 loading class org/springframework/validation/ValidatorCustomizer done
Event: 2.815 loading class org/springframework/validation/ValidatorCustomizer
Event: 2.815 loading class org/springframework/validation/ValidatorCustomizer done
Event: 2.815 loading class org/springframework/validation/ValidatorCustomizer
Event: 2.815 loading class org/springframework/validation/ValidatorCustomizer done
Event: 2.815 loading class org/springframework/web/HttpRequestMethodNotSupportedException
Event: 2.815 loading class org/springframework/web/HttpRequestMethodNotSupportedException done
Event: 2.816 loading class org/springframework/web/HttpSessionRequiredException
Event: 2.816 loading class org/springframework/web/HttpSessionRequiredException done
Event: 2.816 Executing VM operation: HandshakeAllThreads


Dynamic libraries:
0x0000000104cbc000 	/Library/Java/JavaVirtualMachines/zulu-15.jdk/Contents/Home/lib/libjli.dylib
0x00000001b2237000 	/usr/lib/libz.1.dylib
0x00000001b22f1000 	/usr/lib/libSystem.B.dylib
0x00000001b22eb000 	/usr/lib/system/libcache.dylib
0x00000001b22a4000 	/usr/lib/system/libcommonCrypto.dylib
0x00000001b22d2000 	/usr/lib/system/libcompiler_rt.dylib
0x00000001b22c8000 	/usr/lib/system/libcopyfile.dylib
0x00000001a6a93000 	/usr/lib/system/libcorecrypto.dylib
0x00000001a6b4b000 	/usr/lib/system/libdispatch.dylib
0x00000001a6cdc000 	/usr/lib/system/libdyld.dylib
0x00000001b22e1000 	/usr/lib/system/libkeymgr.dylib
0x00000001b2282000 	/usr/lib/system/libmacho.dylib
0x00000001b195e000 	/usr/lib/system/libquarantine.dylib
0x00000001b22de000 	/usr/lib/system/libremovefile.dylib
0x00000001ab96b000 	/usr/lib/system/libsystem_asl.dylib
0x00000001a6a31000 	/usr/lib/system/libsystem_blocks.dylib
0x00000001a6b96000 	/usr/lib/system/libsystem_c.dylib
0x00000001b22d6000 	/usr/lib/system/libsystem_collections.dylib
0x00000001b0e87000 	/usr/lib/system/libsystem_configuration.dylib
0x00000001aff11000 	/usr/lib/system/libsystem_containermanager.dylib
0x00000001b1f93000 	/usr/lib/system/libsystem_coreservices.dylib
0x00000001a9b08000 	/usr/lib/system/libsystem_darwin.dylib
0x00000001b22e2000 	/usr/lib/system/libsystem_dnssd.dylib
0x00000001a6b93000 	/usr/lib/system/libsystem_featureflags.dylib
0x00000001a6d08000 	/usr/lib/system/libsystem_info.dylib
0x00000001b2249000 	/usr/lib/system/libsystem_m.dylib
0x00000001a6b1f000 	/usr/lib/system/libsystem_malloc.dylib
0x00000001ab8eb000 	/usr/lib/system/libsystem_networkextension.dylib
0x00000001a9f72000 	/usr/lib/system/libsystem_notify.dylib
0x00000001b0e8c000 	/usr/lib/system/libsystem_sandbox.dylib
0x00000001b22db000 	/usr/lib/system/libsystem_secinit.dylib
0x00000001a6c96000 	/usr/lib/system/libsystem_kernel.dylib
0x00000001a6d00000 	/usr/lib/system/libsystem_platform.dylib
0x00000001a6ccf000 	/usr/lib/system/libsystem_pthread.dylib
0x00000001ad13a000 	/usr/lib/system/libsystem_symptoms.dylib
0x00000001a6a79000 	/usr/lib/system/libsystem_trace.dylib
0x00000001b22b5000 	/usr/lib/system/libunwind.dylib
0x00000001a6a36000 	/usr/lib/system/libxpc.dylib
0x00000001a6c7e000 	/usr/lib/libc++abi.dylib
0x00000001a6960000 	/usr/lib/libobjc.A.dylib
0x00000001b22c0000 	/usr/lib/liboah.dylib
0x00000001a6c17000 	/usr/lib/libc++.1.dylib
0x00000001be0b8000 	/System/Library/Frameworks/Cocoa.framework/Versions/A/Cocoa
0x00000001a9fd3000 	/System/Library/Frameworks/AppKit.framework/Versions/C/AppKit
0x00000001ac96d000 	/System/Library/Frameworks/CoreData.framework/Versions/A/CoreData
0x00000001a7c5f000 	/System/Library/Frameworks/Foundation.framework/Versions/C/Foundation
0x00000001aaedb000 	/System/Library/PrivateFrameworks/UIFoundation.framework/Versions/A/UIFoundation
0x000000021197b000 	/System/Library/PrivateFrameworks/CollectionViewCore.framework/Versions/A/CollectionViewCore
0x00000001b8579000 	/System/Library/PrivateFrameworks/RemoteViewServices.framework/Versions/A/RemoteViewServices
0x00000001b0741000 	/System/Library/PrivateFrameworks/XCTTargetBootstrap.framework/Versions/A/XCTTargetBootstrap
0x00000001b4083000 	/System/Library/PrivateFrameworks/InternationalSupport.framework/Versions/A/InternationalSupport
0x00000001b410a000 	/System/Library/PrivateFrameworks/UserActivity.framework/Versions/A/UserActivity
0x0000000228544000 	/System/Library/PrivateFrameworks/WindowManagement.framework/Versions/A/WindowManagement
0x00000001a7929000 	/System/Library/Frameworks/SystemConfiguration.framework/Versions/A/SystemConfiguration
0x00000001b3588000 	/usr/lib/libspindump.dylib
0x00000001ab080000 	/System/Library/Frameworks/UniformTypeIdentifiers.framework/Versions/A/UniformTypeIdentifiers
0x00000001aea6c000 	/usr/lib/libapp_launch_measurement.dylib
0x00000001adf1e000 	/System/Library/PrivateFrameworks/CoreAnalytics.framework/Versions/A/CoreAnalytics
0x00000001aea73000 	/System/Library/PrivateFrameworks/CoreAutoLayout.framework/Versions/A/CoreAutoLayout
0x00000001aff63000 	/System/Library/Frameworks/Metal.framework/Versions/A/Metal
0x00000001b0e98000 	/usr/lib/liblangid.dylib
0x00000001b0747000 	/System/Library/PrivateFrameworks/CoreSVG.framework/Versions/A/CoreSVG
0x00000001ab9a1000 	/System/Library/PrivateFrameworks/SkyLight.framework/Versions/A/SkyLight
0x00000001abdb8000 	/System/Library/Frameworks/CoreGraphics.framework/Versions/A/CoreGraphics
0x00000001b8c48000 	/System/Library/Frameworks/Accelerate.framework/Versions/A/Accelerate
0x00000001b2ff6000 	/System/Library/PrivateFrameworks/IconServices.framework/Versions/A/IconServices
0x00000001aff43000 	/System/Library/Frameworks/IOSurface.framework/Versions/A/IOSurface
0x00000001adf4b000 	/usr/lib/libDiagnosticMessagesClient.dylib
0x00000001bbea4000 	/System/Library/Frameworks/ApplicationServices.framework/Versions/A/ApplicationServices
0x00000001b0729000 	/System/Library/PrivateFrameworks/DFRFoundation.framework/Versions/A/DFRFoundation
0x00000001a9851000 	/usr/lib/libicucore.A.dylib
0x00000001b5012000 	/System/Library/Frameworks/AudioToolbox.framework/Versions/A/AudioToolbox
0x00000001b408e000 	/System/Library/PrivateFrameworks/DataDetectorsCore.framework/Versions/A/DataDetectorsCore
0x00000001cb09a000 	/System/Library/PrivateFrameworks/TextInput.framework/Versions/A/TextInput
0x00000001ab906000 	/usr/lib/libMobileGestalt.dylib
0x00000001b03f5000 	/System/Library/Frameworks/Carbon.framework/Versions/A/Frameworks/HIToolbox.framework/Versions/A/HIToolbox
0x00000001ae3f6000 	/System/Library/Frameworks/QuartzCore.framework/Versions/A/QuartzCore
0x00000001a94ae000 	/System/Library/Frameworks/Security.framework/Versions/A/Security
0x00000001b85b9000 	/System/Library/Frameworks/Carbon.framework/Versions/A/Frameworks/SpeechRecognition.framework/Versions/A/SpeechRecognition
0x00000001ae7ab000 	/System/Library/PrivateFrameworks/CoreUI.framework/Versions/A/CoreUI
0x00000001a8dce000 	/System/Library/Frameworks/CoreAudio.framework/Versions/A/CoreAudio
0x00000001ae027000 	/System/Library/Frameworks/DiskArbitration.framework/Versions/A/DiskArbitration
0x00000001b39bb000 	/System/Library/PrivateFrameworks/MultitouchSupport.framework/Versions/A/MultitouchSupport
0x00000001ab904000 	/usr/lib/libenergytrace.dylib
0x00000001a9e96000 	/System/Library/Frameworks/IOKit.framework/Versions/A/IOKit
0x00000001b899c000 	/System/Library/Frameworks/CoreServices.framework/Versions/A/CoreServices
0x00000001ae9f9000 	/System/Library/PrivateFrameworks/PerformanceAnalysis.framework/Versions/A/PerformanceAnalysis
0x00000001f501d000 	/System/Library/Frameworks/OpenGL.framework/Versions/A/OpenGL
0x00000001aeabd000 	/usr/lib/libxml2.2.dylib
0x00000001b1865000 	/System/Library/PrivateFrameworks/MobileKeyBag.framework/Versions/A/MobileKeyBag
0x00000001ac402000 	/System/Library/Frameworks/ColorSync.framework/Versions/A/ColorSync
0x00000001a6d34000 	/System/Library/Frameworks/CoreFoundation.framework/Versions/A/CoreFoundation
0x00000001b0abf000 	/System/Library/Frameworks/CoreImage.framework/Versions/A/CoreImage
0x00000001a8bef000 	/System/Library/Frameworks/CoreText.framework/Versions/A/CoreText
0x00000001b0780000 	/System/Library/Frameworks/ImageIO.framework/Versions/A/ImageIO
0x00000001b22f7000 	/System/Library/PrivateFrameworks/SoftLinking.framework/Versions/A/SoftLinking
0x00000001b258a000 	/usr/lib/libcompression.dylib
0x00000001b3fdf000 	/System/Library/PrivateFrameworks/TextureIO.framework/Versions/A/TextureIO
0x00000001b2cc8000 	/usr/lib/libate.dylib
0x00000001b2b87000 	/usr/lib/liblzma.5.dylib
0x00000001b22f3000 	/usr/lib/libfakelink.dylib
0x00000001ab52b000 	/System/Library/Frameworks/CFNetwork.framework/Versions/A/CFNetwork
0x00000001b2432000 	/usr/lib/libarchive.2.dylib
0x00000001b6906000 	/System/Library/Frameworks/Combine.framework/Versions/A/Combine
0x00000001b49dc000 	/usr/lib/swift/libswiftCore.dylib
0x00000001c819e000 	/usr/lib/swift/libswiftCoreFoundation.dylib
0x00000001c609e000 	/usr/lib/swift/libswiftDarwin.dylib
0x00000001b9eb8000 	/usr/lib/swift/libswiftDispatch.dylib
0x00000001c81bf000 	/usr/lib/swift/libswiftIOKit.dylib
0x00000001bc2bf000 	/usr/lib/swift/libswiftObjectiveC.dylib
0x00000001c81b2000 	/usr/lib/swift/libswiftXPC.dylib
0x000000022ed27000 	/usr/lib/swift/libswift_Concurrency.dylib
0x000000022ee79000 	/usr/lib/swift/libswift_StringProcessing.dylib
0x00000001bc2c3000 	/usr/lib/swift/libswiftos.dylib
0x00000001a9e1b000 	/System/Library/PrivateFrameworks/CoreServicesInternal.framework/Versions/A/CoreServicesInternal
0x00000001b1989000 	/usr/lib/libbsm.0.dylib
0x00000001b2288000 	/usr/lib/system/libkxld.dylib
0x00000001aea35000 	/System/Library/Frameworks/CoreServices.framework/Versions/A/Frameworks/FSEvents.framework/Versions/A/FSEvents
0x00000001a9b13000 	/System/Library/Frameworks/CoreServices.framework/Versions/A/Frameworks/CarbonCore.framework/Versions/A/CarbonCore
0x00000001adf8e000 	/System/Library/Frameworks/CoreServices.framework/Versions/A/Frameworks/Metadata.framework/Versions/A/Metadata
0x00000001b1f99000 	/System/Library/Frameworks/CoreServices.framework/Versions/A/Frameworks/OSServices.framework/Versions/A/OSServices
0x00000001b24b9000 	/System/Library/Frameworks/CoreServices.framework/Versions/A/Frameworks/SearchKit.framework/Versions/A/SearchKit
0x00000001ad0bd000 	/System/Library/Frameworks/CoreServices.framework/Versions/A/Frameworks/AE.framework/Versions/A/AE
0x00000001a720c000 	/System/Library/Frameworks/CoreServices.framework/Versions/A/Frameworks/LaunchServices.framework/Versions/A/LaunchServices
0x00000001b2b30000 	/System/Library/Frameworks/CoreServices.framework/Versions/A/Frameworks/DictionaryServices.framework/Versions/A/DictionaryServices
0x00000001aea42000 	/System/Library/Frameworks/CoreServices.framework/Versions/A/Frameworks/SharedFileList.framework/Versions/A/SharedFileList
0x00000001b2558000 	/usr/lib/libapple_nghttp2.dylib
0x00000001ab527000 	/usr/lib/libnetwork.dylib
0x00000001acd42000 	/usr/lib/libsqlite3.dylib
0x00000001ad143000 	/System/Library/Frameworks/Network.framework/Versions/A/Network
0x000000022dead000 	/usr/lib/libCoreEntitlements.dylib
0x000000021adba000 	/System/Library/PrivateFrameworks/MessageSecurity.framework/Versions/A/MessageSecurity
0x00000001acd28000 	/System/Library/PrivateFrameworks/ProtocolBuffer.framework/Versions/A/ProtocolBuffer
0x00000001b1f75000 	/System/Library/PrivateFrameworks/AppleFSCompression.framework/Versions/A/AppleFSCompression
0x00000001b1971000 	/usr/lib/libcoretls.dylib
0x00000001b2ba0000 	/usr/lib/libcoretls_cfhelpers.dylib
0x00000001b2585000 	/usr/lib/libpam.2.dylib
0x00000001b2c06000 	/usr/lib/libxar.1.dylib
0x00000001b2fd1000 	/usr/lib/libheimdal-asn1.dylib
0x00000001b22f8000 	/usr/lib/libpcap.A.dylib
0x00000001ad130000 	/usr/lib/libdns_services.dylib
0x00000001b0e94000 	/System/Library/PrivateFrameworks/AppleSystemInfo.framework/Versions/A/AppleSystemInfo
0x00000001b1666000 	/System/Library/PrivateFrameworks/IOMobileFramebuffer.framework/Versions/A/IOMobileFramebuffer
0x00000001b1f86000 	/usr/lib/libbz2.1.0.dylib
0x00000001b1961000 	/usr/lib/libCheckFix.dylib
0x00000001ab983000 	/System/Library/PrivateFrameworks/TCC.framework/Versions/A/TCC
0x00000001b0e9a000 	/System/Library/PrivateFrameworks/CoreNLP.framework/Versions/A/CoreNLP
0x00000001adf4d000 	/System/Library/PrivateFrameworks/MetadataUtilities.framework/Versions/A/MetadataUtilities
0x00000001b199a000 	/usr/lib/libmecab.dylib
0x00000001a79b3000 	/usr/lib/libCRFSuite.dylib
0x00000001b19f7000 	/usr/lib/libgermantok.dylib
0x00000001b2531000 	/usr/lib/libThaiTokenizer.dylib
0x00000001ae030000 	/System/Library/Frameworks/Accelerate.framework/Versions/A/Frameworks/vImage.framework/Versions/A/vImage
0x00000001b8973000 	/System/Library/Frameworks/Accelerate.framework/Versions/A/Frameworks/vecLib.framework/Versions/A/vecLib
0x00000001b2c4c000 	/System/Library/Frameworks/Accelerate.framework/Versions/A/Frameworks/vecLib.framework/Versions/A/libvMisc.dylib
0x00000001b1566000 	/System/Library/Frameworks/Accelerate.framework/Versions/A/Frameworks/vecLib.framework/Versions/A/libvDSP.dylib
0x00000001a75bf000 	/System/Library/Frameworks/Accelerate.framework/Versions/A/Frameworks/vecLib.framework/Versions/A/libBLAS.dylib
0x00000001b265c000 	/System/Library/Frameworks/Accelerate.framework/Versions/A/Frameworks/vecLib.framework/Versions/A/libLAPACK.dylib
0x00000001b19fa000 	/System/Library/Frameworks/Accelerate.framework/Versions/A/Frameworks/vecLib.framework/Versions/A/libLinearAlgebra.dylib
0x00000001b2570000 	/System/Library/Frameworks/Accelerate.framework/Versions/A/Frameworks/vecLib.framework/Versions/A/libSparseBLAS.dylib
0x00000001b2657000 	/System/Library/Frameworks/Accelerate.framework/Versions/A/Frameworks/vecLib.framework/Versions/A/libQuadrature.dylib
0x00000001b0f93000 	/System/Library/Frameworks/Accelerate.framework/Versions/A/Frameworks/vecLib.framework/Versions/A/libBNNS.dylib
0x00000001a78c2000 	/System/Library/Frameworks/Accelerate.framework/Versions/A/Frameworks/vecLib.framework/Versions/A/libSparse.dylib
0x000000021a126000 	/System/Library/PrivateFrameworks/MIL.framework/Versions/A/MIL
0x00000001b232d000 	/usr/lib/libiconv.2.dylib
0x00000001b2281000 	/usr/lib/libcharset.1.dylib
0x00000001aea15000 	/System/Library/Frameworks/OpenDirectory.framework/Versions/A/Frameworks/CFOpenDirectory.framework/Versions/A/CFOpenDirectory
0x00000001aea05000 	/System/Library/Frameworks/OpenDirectory.framework/Versions/A/OpenDirectory
0x00000001b2ba2000 	/System/Library/PrivateFrameworks/APFS.framework/Versions/A/APFS
0x00000001b189c000 	/System/Library/Frameworks/SecurityFoundation.framework/Versions/A/SecurityFoundation
0x00000001b2c15000 	/usr/lib/libutil.dylib
0x000000021921e000 	/System/Library/PrivateFrameworks/InstalledContentLibrary.framework/Versions/A/InstalledContentLibrary
0x00000001a9e59000 	/System/Library/PrivateFrameworks/CoreServicesStore.framework/Versions/A/CoreServicesStore
0x00000002102f2000 	/System/Library/PrivateFrameworks/AppleMobileFileIntegrity.framework/Versions/A/AppleMobileFileIntegrity
0x00000001c817d000 	/usr/lib/libmis.dylib
0x00000001d5f80000 	/System/Library/PrivateFrameworks/MobileSystemServices.framework/Versions/A/MobileSystemServices
0x00000001f035d000 	/System/Library/PrivateFrameworks/ConfigProfileHelper.framework/Versions/A/ConfigProfileHelper
0x00000001b2533000 	/System/Library/PrivateFrameworks/AppleSauce.framework/Versions/A/AppleSauce
0x00000001a8698000 	/System/Library/PrivateFrameworks/LanguageModeling.framework/Versions/A/LanguageModeling
0x00000001b2c19000 	/usr/lib/libxslt.1.dylib
0x00000001b2420000 	/usr/lib/libcmph.dylib
0x00000001b1653000 	/System/Library/PrivateFrameworks/CoreEmoji.framework/Versions/A/CoreEmoji
0x00000001b0f8d000 	/System/Library/PrivateFrameworks/LinguisticData.framework/Versions/A/LinguisticData
0x00000001a787a000 	/System/Library/PrivateFrameworks/Lexicon.framework/Versions/A/Lexicon
0x00000001b192f000 	/System/Library/PrivateFrameworks/BackgroundTaskManagement.framework/Versions/A/BackgroundTaskManagement
0x000000022e04c000 	/usr/lib/libTLE.dylib
0x000000022edc4000 	/usr/lib/swift/libswift_RegexParser.dylib
0x00000001b3880000 	/System/Library/PrivateFrameworks/AppleJPEG.framework/Versions/A/AppleJPEG
0x00000001b2fb6000 	/usr/lib/libexpat.1.dylib
0x00000001b3e41000 	/System/Library/Frameworks/ImageIO.framework/Versions/A/Resources/libPng.dylib
0x00000001b3e6c000 	/System/Library/Frameworks/ImageIO.framework/Versions/A/Resources/libTIFF.dylib
0x00000001b3f55000 	/System/Library/Frameworks/ImageIO.framework/Versions/A/Resources/libGIF.dylib
0x00000001b38c5000 	/System/Library/Frameworks/ImageIO.framework/Versions/A/Resources/libJP2.dylib
0x00000001b3ef9000 	/System/Library/Frameworks/ImageIO.framework/Versions/A/Resources/libJPEG.dylib
0x00000001b3ef0000 	/System/Library/Frameworks/ImageIO.framework/Versions/A/Resources/libRadiance.dylib
0x00000001b027e000 	/System/Library/PrivateFrameworks/FontServices.framework/libFontParser.dylib
0x00000001ad05f000 	/System/Library/PrivateFrameworks/RunningBoardServices.framework/Versions/A/RunningBoardServices
0x00000001be7e1000 	/System/Library/PrivateFrameworks/IOSurfaceAccelerator.framework/Versions/A/IOSurfaceAccelerator
0x00000001b39b7000 	/System/Library/PrivateFrameworks/WatchdogClient.framework/Versions/A/WatchdogClient
0x00000001a8811000 	/System/Library/Frameworks/CoreDisplay.framework/Versions/A/CoreDisplay
0x00000001b0159000 	/System/Library/Frameworks/CoreMedia.framework/Versions/A/CoreMedia
0x00000001aff59000 	/System/Library/PrivateFrameworks/IOAccelerator.framework/Versions/A/IOAccelerator
0x00000001aeba6000 	/System/Library/Frameworks/CoreVideo.framework/Versions/A/CoreVideo
0x00000001b2583000 	/System/Library/Frameworks/MetalPerformanceShaders.framework/Versions/A/MetalPerformanceShaders
0x00000001b39f6000 	/System/Library/Frameworks/VideoToolbox.framework/Versions/A/VideoToolbox
0x00000001acfa3000 	/System/Library/PrivateFrameworks/BaseBoard.framework/Versions/A/BaseBoard
0x00000001b3eeb000 	/System/Library/PrivateFrameworks/GPUWrangler.framework/Versions/A/GPUWrangler
0x00000001b3ecb000 	/System/Library/PrivateFrameworks/IOPresentment.framework/Versions/A/IOPresentment
0x00000001b3ef3000 	/System/Library/PrivateFrameworks/DSExternalDisplay.framework/Versions/A/DSExternalDisplay
0x0000000215a78000 	/System/Library/PrivateFrameworks/GPUCompiler.framework/Versions/31001/Libraries/libllvm-flatbuffers.dylib
0x00000001f5010000 	/System/Library/Frameworks/OpenGL.framework/Versions/A/Libraries/libCoreFSCache.dylib
0x0000000215a74000 	/System/Library/PrivateFrameworks/GPUCompiler.framework/Versions/31001/Libraries/libGPUCompilerUtils.dylib
0x00000001b3f5b000 	/System/Library/PrivateFrameworks/CMCaptureCore.framework/Versions/A/CMCaptureCore
0x000000020a5a5000 	/System/Library/Frameworks/ExtensionFoundation.framework/Versions/A/ExtensionFoundation
0x00000001ba65d000 	/System/Library/PrivateFrameworks/CoreTime.framework/Versions/A/CoreTime
0x00000001b3573000 	/System/Library/PrivateFrameworks/AppServerSupport.framework/Versions/A/AppServerSupport
0x00000001b58f4000 	/System/Library/PrivateFrameworks/perfdata.framework/Versions/A/perfdata
0x00000001a8931000 	/System/Library/PrivateFrameworks/AudioToolboxCore.framework/Versions/A/AudioToolboxCore
0x00000001b012f000 	/System/Library/PrivateFrameworks/caulk.framework/Versions/A/caulk
0x00000001b51b1000 	/usr/lib/libAudioStatistics.dylib
0x00000001c75b9000 	/System/Library/PrivateFrameworks/SystemPolicy.framework/Versions/A/SystemPolicy
0x00000001b5453000 	/usr/lib/libSMC.dylib
0x00000001bdf8d000 	/System/Library/Frameworks/CoreMIDI.framework/Versions/A/CoreMIDI
0x00000001b3e0e000 	/usr/lib/libAudioToolboxUtility.dylib
0x00000001c3371000 	/System/Library/PrivateFrameworks/OSAServicesClient.framework/Versions/A/OSAServicesClient
0x00000001b5901000 	/usr/lib/libperfcheck.dylib
0x00000001b2ea1000 	/System/Library/PrivateFrameworks/PlugInKit.framework/Versions/A/PlugInKit
0x00000001b188e000 	/System/Library/PrivateFrameworks/AssertionServices.framework/Versions/A/AssertionServices
0x00000001f5072000 	/System/Library/Frameworks/OpenGL.framework/Versions/A/Libraries/libGLU.dylib
0x00000001f5031000 	/System/Library/Frameworks/OpenGL.framework/Versions/A/Libraries/libGFXShared.dylib
0x00000001f5218000 	/System/Library/Frameworks/OpenGL.framework/Versions/A/Libraries/libGL.dylib
0x00000001f503a000 	/System/Library/Frameworks/OpenGL.framework/Versions/A/Libraries/libGLImage.dylib
0x00000001f502e000 	/System/Library/Frameworks/OpenGL.framework/Versions/A/Libraries/libCVMSPluginSupport.dylib
0x000000022e02b000 	/usr/lib/libRosetta.dylib
0x00000001f5017000 	/System/Library/Frameworks/OpenGL.framework/Versions/A/Libraries/libCoreVMClient.dylib
0x00000001b0e11000 	/System/Library/Frameworks/MetalPerformanceShaders.framework/Versions/A/Frameworks/MPSCore.framework/Versions/A/MPSCore
0x00000001b1eeb000 	/System/Library/Frameworks/MetalPerformanceShaders.framework/Versions/A/Frameworks/MPSImage.framework/Versions/A/MPSImage
0x00000001b1a0f000 	/System/Library/Frameworks/MetalPerformanceShaders.framework/Versions/A/Frameworks/MPSNeuralNetwork.framework/Versions/A/MPSNeuralNetwork
0x00000001b1dfb000 	/System/Library/Frameworks/MetalPerformanceShaders.framework/Versions/A/Frameworks/MPSMatrix.framework/Versions/A/MPSMatrix
0x00000001b1c0d000 	/System/Library/Frameworks/MetalPerformanceShaders.framework/Versions/A/Frameworks/MPSRayIntersector.framework/Versions/A/MPSRayIntersector
0x00000001b1e29000 	/System/Library/Frameworks/MetalPerformanceShaders.framework/Versions/A/Frameworks/MPSNDArray.framework/Versions/A/MPSNDArray
0x000000020b95e000 	/System/Library/Frameworks/MetalPerformanceShaders.framework/Versions/A/Frameworks/MPSFunctions.framework/Versions/A/MPSFunctions
0x00000001a7485000 	/System/Library/PrivateFrameworks/MetalTools.framework/Versions/A/MetalTools
0x00000001b0e92000 	/System/Library/PrivateFrameworks/AggregateDictionary.framework/Versions/A/AggregateDictionary
0x00000001b2d5a000 	/usr/lib/libIOReport.dylib
0x00000001bd183000 	/System/Library/PrivateFrameworks/ASEProcessing.framework/Versions/A/ASEProcessing
0x00000001b3111000 	/System/Library/PrivateFrameworks/GraphVisualizer.framework/Versions/A/GraphVisualizer
0x0000000215985000 	/System/Library/PrivateFrameworks/FontServices.framework/Versions/A/FontServices
0x00000001b3531000 	/System/Library/PrivateFrameworks/OTSVG.framework/Versions/A/OTSVG
0x00000001ae759000 	/System/Library/Frameworks/ApplicationServices.framework/Versions/A/Frameworks/ATS.framework/Versions/A/Resources/libFontRegistry.dylib
0x00000001b357d000 	/System/Library/PrivateFrameworks/FontServices.framework/libhvf.dylib
0x0000000215986000 	/System/Library/PrivateFrameworks/FontServices.framework/libXTFontStaticRegistryData.dylib
0x00000002273aa000 	/System/Library/PrivateFrameworks/VideoToolboxParavirtualizationSupport.framework/Versions/A/VideoToolboxParavirtualizationSupport
0x00000001b2f6a000 	/System/Library/PrivateFrameworks/AppleVA.framework/Versions/A/AppleVA
0x00000001b51f1000 	/System/Library/Frameworks/ApplicationServices.framework/Versions/A/Frameworks/ATS.framework/Versions/A/ATS
0x00000001ac4f5000 	/System/Library/Frameworks/ApplicationServices.framework/Versions/A/Frameworks/HIServices.framework/Versions/A/HIServices
0x00000001b3f67000 	/System/Library/Frameworks/ApplicationServices.framework/Versions/A/Frameworks/PrintCore.framework/Versions/A/PrintCore
0x00000001b55ac000 	/System/Library/Frameworks/ApplicationServices.framework/Versions/A/Frameworks/QD.framework/Versions/A/QD
0x00000001b55a0000 	/System/Library/Frameworks/ApplicationServices.framework/Versions/A/Frameworks/ColorSyncLegacy.framework/Versions/A/ColorSyncLegacy
0x00000001b51c5000 	/System/Library/Frameworks/ApplicationServices.framework/Versions/A/Frameworks/SpeechSynthesis.framework/Versions/A/SpeechSynthesis
0x00000001b3f25000 	/System/Library/Frameworks/ApplicationServices.framework/Versions/A/Frameworks/ATSUI.framework/Versions/A/ATSUI
0x00000001b5533000 	/usr/lib/libcups.2.dylib
0x00000001b590f000 	/System/Library/Frameworks/Kerberos.framework/Versions/A/Kerberos
0x00000001b5920000 	/System/Library/Frameworks/GSS.framework/Versions/A/GSS
0x00000001b5263000 	/usr/lib/libresolv.9.dylib
0x00000001b358d000 	/System/Library/PrivateFrameworks/Heimdal.framework/Versions/A/Heimdal
0x00000001bc242000 	/System/Library/Frameworks/Kerberos.framework/Versions/A/Libraries/libHeimdalProxy.dylib
0x00000001b5970000 	/System/Library/PrivateFrameworks/CommonAuth.framework/Versions/A/CommonAuth
0x00000001f6270000 	/System/Library/Frameworks/AVFAudio.framework/Versions/A/AVFAudio
0x00000001c33c0000 	/System/Library/PrivateFrameworks/AXCoreUtilities.framework/Versions/A/AXCoreUtilities
0x00000001b513d000 	/System/Library/PrivateFrameworks/AudioSession.framework/Versions/A/AudioSession
0x00000001b66bf000 	/System/Library/Frameworks/IOBluetooth.framework/Versions/A/IOBluetooth
0x00000001b306b000 	/System/Library/PrivateFrameworks/MediaExperience.framework/Versions/A/MediaExperience
0x00000001b4fd8000 	/System/Library/PrivateFrameworks/AudioSession.framework/libSessionUtility.dylib
0x00000001b55b8000 	/System/Library/PrivateFrameworks/AudioResourceArbitration.framework/Versions/A/AudioResourceArbitration
0x00000001b9592000 	/System/Library/PrivateFrameworks/PowerLog.framework/Versions/A/PowerLog
0x00000001b94d5000 	/System/Library/Frameworks/CoreBluetooth.framework/Versions/A/CoreBluetooth
0x00000001bc243000 	/System/Library/Frameworks/AudioUnit.framework/Versions/A/AudioUnit
0x00000001b16f1000 	/System/Library/PrivateFrameworks/CoreUtils.framework/Versions/A/CoreUtils
0x00000002143ba000 	/System/Library/PrivateFrameworks/CoreUtilsExtras.framework/Versions/A/CoreUtilsExtras
0x00000002190bc000 	/System/Library/PrivateFrameworks/IO80211.framework/Versions/A/IO80211
0x00000001b2fdb000 	/System/Library/PrivateFrameworks/IconFoundation.framework/Versions/A/IconFoundation
0x00000001b85a5000 	/System/Library/PrivateFrameworks/SpeechRecognitionCore.framework/Versions/A/SpeechRecognitionCore
0x0000000105afc000 	/Library/Java/JavaVirtualMachines/zulu-15.jdk/Contents/Home/lib/server/libjvm.dylib
0x0000000104c74000 	/Library/Java/JavaVirtualMachines/zulu-15.jdk/Contents/Home/lib/libjimage.dylib
0x0000000104d50000 	/Library/Java/JavaVirtualMachines/zulu-15.jdk/Contents/Home/lib/libjdwp.dylib
0x0000000104d98000 	/Library/Java/JavaVirtualMachines/zulu-15.jdk/Contents/Home/lib/libjava.dylib
0x0000000104d20000 	/Library/Java/JavaVirtualMachines/zulu-15.jdk/Contents/Home/lib/libinstrument.dylib
0x0000000104d38000 	/Library/Java/JavaVirtualMachines/zulu-15.jdk/Contents/Home/lib/libzip.dylib
0x0000000105860000 	/Library/Java/JavaVirtualMachines/zulu-15.jdk/Contents/Home/lib/libdt_socket.dylib
0x0000000105894000 	/Library/Java/JavaVirtualMachines/zulu-15.jdk/Contents/Home/lib/libnio.dylib
0x00000001058d8000 	/Library/Java/JavaVirtualMachines/zulu-15.jdk/Contents/Home/lib/libnet.dylib
0x00000001058b4000 	/Library/Java/JavaVirtualMachines/zulu-15.jdk/Contents/Home/lib/libverify.dylib
0x0000000105874000 	/Library/Java/JavaVirtualMachines/zulu-15.jdk/Contents/Home/lib/libmanagement.dylib
0x0000000105a00000 	/Library/Java/JavaVirtualMachines/zulu-15.jdk/Contents/Home/lib/libmanagement_ext.dylib
0x0000000105a14000 	/Library/Java/JavaVirtualMachines/zulu-15.jdk/Contents/Home/lib/libextnet.dylib


VM Arguments:
jvm_args: -agentlib:jdwp=transport=dt_socket,address=127.0.0.1:50396,suspend=y,server=n -ea -Didea.test.cyclic.buffer.size=1048576 -javaagent:/Users/xiu0327/Library/Caches/JetBrains/IdeaIC2022.1/captureAgent/debugger-agent.jar -Dfile.encoding=UTF-8 
java_command: com.intellij.rt.junit.JUnitStarter -ideVersion5 -junit5 numble.karrot.product.service.ProductServiceImplTest,JPA_문제_확인
java_class_path (initial): /Users/xiu0327/.m2/repository/org/junit/platform/junit-platform-launcher/1.8.2/junit-platform-launcher-1.8.2.jar:/Users/xiu0327/.m2/repository/org/junit/platform/junit-platform-engine/1.8.2/junit-platform-engine-1.8.2.jar:/Users/xiu0327/.m2/repository/org/opentest4j/opentest4j/1.2.0/opentest4j-1.2.0.jar:/Users/xiu0327/.m2/repository/org/junit/platform/junit-platform-commons/1.8.2/junit-platform-commons-1.8.2.jar:/Users/xiu0327/.m2/repository/org/apiguardian/apiguardian-api/1.1.2/apiguardian-api-1.1.2.jar:/Users/xiu0327/.m2/repository/org/junit/vintage/junit-vintage-engine/5.8.2/junit-vintage-engine-5.8.2.jar:/Applications/IntelliJ IDEA CE.app/Contents/lib/idea_rt.jar:/Applications/IntelliJ IDEA CE.app/Contents/plugins/junit/lib/junit5-rt.jar:/Applications/IntelliJ IDEA CE.app/Contents/plugins/junit/lib/junit-rt.jar:/Users/xiu0327/portfolio/carot-challenge/karrot/out/test/classes:/Users/xiu0327/portfolio/carot-challenge/karrot/out/production/classes:/Users/xiu0327/portfolio/carot-challenge/karrot/out/production/resources:/Users/xiu0327/.gradle/caches/modules-2/files-2.1/org.springframework.boot/spring-boot-starter-data-jpa/2.7.7/bc28a10c4fc39f01e9233db84f132eb4b8c53390/spring-boot-starter-data-jpa-2.7.7.jar:/Users/xiu0327/.gradle/caches/modules-2/files-2.1/org.springframework.boot/spring-boot-starter-security/2.7.7/27c5ef5bcf91e362572aed544c7d64eb0296d9a4/spring-boot-starter-security-2.7.7.jar:/Users/xiu0327/.gradle/caches/modules-2/files-2.1/org.springframework.boot/spring-boot-starter-thymeleaf/2.7.7/5d80dd18f2f1945e3dc568fa30ac106e329a4bde/spring-boot-starter-thymeleaf-2.7.7.jar:/Users/xiu0327/.gradle/caches/modules-2/files-2.1/org.springframework.boot/spring-boot-starter-web/2.7.7/b551cc70136739c9834ed278c25d24efa8abe66e/spring-boot-starter-web-2.7.7.jar:/Users/xiu0327/.gradle/caches/modules-2/files-2.1/org.thymeleaf.extras/thymeleaf-extras-springsecurity5/3.0.5.RELEASE/8ac42b63d03d7ccbfdcb4fc8c4322001e6081515/thymeleaf-extras-springs
Launcher Type: SUN_STANDARD

[Global flags]
     intx CICompilerCount                          = 4                                         {product} {ergonomic}
     uint ConcGCThreads                            = 2                                         {product} {ergonomic}
     uint G1ConcRefinementThreads                  = 8                                         {product} {ergonomic}
   size_t G1HeapRegionSize                         = 2097152                                   {product} {ergonomic}
    uintx GCDrainStackTargetSize                   = 64                                        {product} {ergonomic}
   size_t InitialHeapSize                          = 268435456                                 {product} {ergonomic}
   size_t MarkStackSize                            = 4194304                                   {product} {ergonomic}
   size_t MaxHeapSize                              = 4294967296                                {product} {ergonomic}
   size_t MaxNewSize                               = 2575302656                                {product} {ergonomic}
   size_t MinHeapDeltaBytes                        = 2097152                                   {product} {ergonomic}
   size_t MinHeapSize                              = 8388608                                   {product} {ergonomic}
    uintx NonNMethodCodeHeapSize                   = 5839564                                {pd product} {ergonomic}
    uintx NonProfiledCodeHeapSize                  = 122909338                              {pd product} {ergonomic}
    uintx ProfiledCodeHeapSize                     = 122909338                              {pd product} {ergonomic}
    uintx ReservedCodeCacheSize                    = 251658240                              {pd product} {ergonomic}
     bool SegmentedCodeCache                       = true                                      {product} {ergonomic}
   size_t SoftMaxHeapSize                          = 4294967296                             {manageable} {ergonomic}
     bool UseCompressedClassPointers               = true                                 {lp64_product} {ergonomic}
     bool UseCompressedOops                        = true                                 {lp64_product} {ergonomic}
     bool UseG1GC                                  = true                                      {product} {ergonomic}
     bool UseNUMA                                  = false                                     {product} {ergonomic}
     bool UseNUMAInterleaving                      = false                                     {product} {ergonomic}

Logging:
Log output configuration:
 #0: stdout all=warning uptime,level,tags
 #1: stderr all=off uptime,level,tags

Environment Variables:
JAVA_HOME=/Library/Java/JavaVirtualMachines/zulu-15.jdk/Contents/Home
PATH=/Users/xiu0327/.gem/bin:/Users/xiu0327/.nvm/versions/node/v16.6.1/bin:/Users/xiu0327/miniforge3/condabin:/Users/xiu0327/.gem/bin:/usr/local/bin:/System/Cryptexes/App/usr/bin:/usr/bin:/bin:/usr/sbin:/sbin:/Library/TeX/texbin:/Library/Apple/usr/bin:/Users/xiu0327/.cargo/bin:/Users/xiu0327/Library/Android/sdk/emulator:/Users/xiu0327/Library/Android/sdk/tools:/Users/xiu0327/Library/Android/sdk/tools/bin:/Users/xiu0327/Library/Android/sdk/platform-tools:/Library/Java/JavaVirtualMachines/zulu-15.jdk/Contents/Home/bin:
SHELL=/bin/zsh
LC_CTYPE=ko_KR.UTF-8

Signal Handlers:
SIGSEGV: [libjvm.dylib+0x921ea8], sa_mask[0]=11111111011111110111111111111111, sa_flags=SA_ONSTACK|SA_RESTART|SA_SIGINFO
SIGBUS: [libjvm.dylib+0x921ea8], sa_mask[0]=11111111011111110111111111111111, sa_flags=SA_RESTART|SA_SIGINFO
SIGFPE: [libjvm.dylib+0x921ea8], sa_mask[0]=11111111011111110111111111111111, sa_flags=SA_RESTART|SA_SIGINFO
SIGPIPE: [libjvm.dylib+0x7133a4], sa_mask[0]=11111111011111110111111111111111, sa_flags=SA_RESTART|SA_SIGINFO
SIGXFSZ: [libjvm.dylib+0x7133a4], sa_mask[0]=11111111011111110111111111111111, sa_flags=SA_RESTART|SA_SIGINFO
SIGILL: [libjvm.dylib+0x921ea8], sa_mask[0]=11111111011111110111111111111111, sa_flags=SA_RESTART|SA_SIGINFO
SIGUSR2: [libjvm.dylib+0x713dd8], sa_mask[0]=00100000000000000000000000000000, sa_flags=SA_RESTART|SA_SIGINFO
SIGHUP: [libjvm.dylib+0x71241c], sa_mask[0]=11111111011111110111111111111111, sa_flags=SA_RESTART|SA_SIGINFO
SIGINT: [libjvm.dylib+0x71241c], sa_mask[0]=11111111011111110111111111111111, sa_flags=SA_RESTART|SA_SIGINFO
SIGTERM: [libjvm.dylib+0x71241c], sa_mask[0]=11111111011111110111111111111111, sa_flags=SA_RESTART|SA_SIGINFO
SIGQUIT: [libjvm.dylib+0x71241c], sa_mask[0]=11111111011111110111111111111111, sa_flags=SA_RESTART|SA_SIGINFO


---------------  S Y S T E M  ---------------

OS:uname: Darwin 22.1.0 Darwin Kernel Version 22.1.0: Sun Oct  9 20:14:30 PDT 2022; root:xnu-8792.41.9~2/RELEASE_ARM64_T8103 arm64
OS uptime: 0 days 12:13 hours
rlimit (soft/hard): STACK 8176k/65520k , CORE 0k/infinity , NPROC 2666/4000 , NOFILE 10240/infinity , AS infinity/infinity , CPU infinity/infinity , DATA infinity/infinity , FSIZE infinity/infinity , MEMLOCK infinity/infinity , RSS infinity/infinity
load average: 2.57 2.47 2.19

CPU: total 8 (initial active 8) 0x61:0x0:0x1b588bb3:0, simd, crc, lse

Memory: 16k page, physical 16777216k(47968k free), swap 0k(0k free)

vm_info: OpenJDK 64-Bit Server VM (15.0.5+3-MTS) for bsd-aarch64 JRE (15.0.5+3-MTS) (Zulu15.36+13-CA), built on Oct  8 2021 04:00:01 by "zulu_re" with clang Apple LLVM 12.0.0 (clang-1200.0.32.28)

END.
